[0.070s] DEBUG:colcon:Command line arguments: ['/usr/bin/colcon', 'build']
[0.070s] DEBUG:colcon:Parsed command line arguments: Namespace(log_base=None, log_level=None, verb_name='build', build_base='build', install_base='install', merge_install=False, symlink_install=False, test_result_base=None, continue_on_error=False, executor='parallel', parallel_workers=12, event_handlers=None, ignore_user_meta=False, metas=['./colcon.meta'], base_paths=['.'], packages_ignore=None, packages_ignore_regex=None, paths=None, packages_up_to=None, packages_up_to_regex=None, packages_above=None, packages_above_and_dependencies=None, packages_above_depth=None, packages_select_by_dep=None, packages_skip_by_dep=None, packages_skip_up_to=None, packages_select_build_failed=False, packages_skip_build_finished=False, packages_select_test_failures=False, packages_skip_test_passed=False, packages_select=None, packages_skip=None, packages_select_regex=None, packages_skip_regex=None, packages_start=None, packages_end=None, allow_overriding=[], cmake_args=None, cmake_target=None, cmake_target_skip_unavailable=False, cmake_clean_cache=False, cmake_clean_first=False, cmake_force_configure=False, ament_cmake_args=None, catkin_cmake_args=None, catkin_skip_building_tests=False, mixin_files=None, mixin=None, verb_parser=<colcon_mixin.mixin.mixin_argument.MixinArgumentDecorator object at 0x7869d348c920>, verb_extension=<colcon_core.verb.build.BuildVerb object at 0x7869d34675f0>, main=<bound method BuildVerb.main of <colcon_core.verb.build.BuildVerb object at 0x7869d34675f0>>, mixin_verb=('build',))
[0.098s] Level 1:colcon.colcon_core.package_discovery:discover_packages(colcon_meta) check parameters
[0.098s] Level 1:colcon.colcon_core.package_discovery:discover_packages(recursive) check parameters
[0.098s] Level 1:colcon.colcon_core.package_discovery:discover_packages(ignore) check parameters
[0.098s] Level 1:colcon.colcon_core.package_discovery:discover_packages(path) check parameters
[0.098s] Level 1:colcon.colcon_core.package_discovery:discover_packages(colcon_meta) discover
[0.098s] Level 1:colcon.colcon_core.package_discovery:discover_packages(recursive) discover
[0.098s] INFO:colcon.colcon_core.package_discovery:Crawling recursively for packages in '/home/dhruv-bansal/igvc_sim_ws'
[0.099s] Level 1:colcon.colcon_core.package_identification:_identify(.) by extensions ['ignore', 'ignore_ament_install']
[0.099s] Level 1:colcon.colcon_core.package_identification:_identify(.) by extension 'ignore'
[0.099s] Level 1:colcon.colcon_core.package_identification:_identify(.) by extension 'ignore_ament_install'
[0.099s] Level 1:colcon.colcon_core.package_identification:_identify(.) by extensions ['colcon_pkg']
[0.099s] Level 1:colcon.colcon_core.package_identification:_identify(.) by extension 'colcon_pkg'
[0.099s] Level 1:colcon.colcon_core.package_identification:_identify(.) by extensions ['colcon_meta']
[0.099s] Level 1:colcon.colcon_core.package_identification:_identify(.) by extension 'colcon_meta'
[0.099s] Level 1:colcon.colcon_core.package_identification:_identify(.) by extensions ['ros']
[0.099s] Level 1:colcon.colcon_core.package_identification:_identify(.) by extension 'ros'
[0.117s] Level 1:colcon.colcon_core.package_identification:_identify(.) by extensions ['cmake', 'python']
[0.117s] Level 1:colcon.colcon_core.package_identification:_identify(.) by extension 'cmake'
[0.117s] Level 1:colcon.colcon_core.package_identification:_identify(.) by extension 'python'
[0.117s] Level 1:colcon.colcon_core.package_identification:_identify(.) by extensions ['python_setup_py']
[0.117s] Level 1:colcon.colcon_core.package_identification:_identify(.) by extension 'python_setup_py'
[0.117s] Level 1:colcon.colcon_core.package_identification:_identify(build) by extensions ['ignore', 'ignore_ament_install']
[0.117s] Level 1:colcon.colcon_core.package_identification:_identify(build) by extension 'ignore'
[0.117s] Level 1:colcon.colcon_core.package_identification:_identify(build) ignored
[0.117s] Level 1:colcon.colcon_core.package_identification:_identify(install) by extensions ['ignore', 'ignore_ament_install']
[0.117s] Level 1:colcon.colcon_core.package_identification:_identify(install) by extension 'ignore'
[0.117s] Level 1:colcon.colcon_core.package_identification:_identify(install) ignored
[0.117s] Level 1:colcon.colcon_core.package_identification:_identify(log) by extensions ['ignore', 'ignore_ament_install']
[0.118s] Level 1:colcon.colcon_core.package_identification:_identify(log) by extension 'ignore'
[0.118s] Level 1:colcon.colcon_core.package_identification:_identify(log) ignored
[0.118s] Level 1:colcon.colcon_core.package_identification:_identify(src) by extensions ['ignore', 'ignore_ament_install']
[0.118s] Level 1:colcon.colcon_core.package_identification:_identify(src) by extension 'ignore'
[0.118s] Level 1:colcon.colcon_core.package_identification:_identify(src) by extension 'ignore_ament_install'
[0.118s] Level 1:colcon.colcon_core.package_identification:_identify(src) by extensions ['colcon_pkg']
[0.118s] Level 1:colcon.colcon_core.package_identification:_identify(src) by extension 'colcon_pkg'
[0.118s] Level 1:colcon.colcon_core.package_identification:_identify(src) by extensions ['colcon_meta']
[0.118s] Level 1:colcon.colcon_core.package_identification:_identify(src) by extension 'colcon_meta'
[0.118s] Level 1:colcon.colcon_core.package_identification:_identify(src) by extensions ['ros']
[0.118s] Level 1:colcon.colcon_core.package_identification:_identify(src) by extension 'ros'
[0.118s] Level 1:colcon.colcon_core.package_identification:_identify(src) by extensions ['cmake', 'python']
[0.118s] Level 1:colcon.colcon_core.package_identification:_identify(src) by extension 'cmake'
[0.118s] Level 1:colcon.colcon_core.package_identification:_identify(src) by extension 'python'
[0.118s] Level 1:colcon.colcon_core.package_identification:_identify(src) by extensions ['python_setup_py']
[0.118s] Level 1:colcon.colcon_core.package_identification:_identify(src) by extension 'python_setup_py'
[0.118s] Level 1:colcon.colcon_core.package_identification:_identify(src/igvc_bringup) by extensions ['ignore', 'ignore_ament_install']
[0.118s] Level 1:colcon.colcon_core.package_identification:_identify(src/igvc_bringup) by extension 'ignore'
[0.118s] Level 1:colcon.colcon_core.package_identification:_identify(src/igvc_bringup) by extension 'ignore_ament_install'
[0.118s] Level 1:colcon.colcon_core.package_identification:_identify(src/igvc_bringup) by extensions ['colcon_pkg']
[0.118s] Level 1:colcon.colcon_core.package_identification:_identify(src/igvc_bringup) by extension 'colcon_pkg'
[0.118s] Level 1:colcon.colcon_core.package_identification:_identify(src/igvc_bringup) by extensions ['colcon_meta']
[0.118s] Level 1:colcon.colcon_core.package_identification:_identify(src/igvc_bringup) by extension 'colcon_meta'
[0.118s] Level 1:colcon.colcon_core.package_identification:_identify(src/igvc_bringup) by extensions ['ros']
[0.118s] Level 1:colcon.colcon_core.package_identification:_identify(src/igvc_bringup) by extension 'ros'
[0.120s] DEBUG:colcon.colcon_core.package_identification:Package 'src/igvc_bringup' with type 'ros.ament_cmake' and name 'igvc_bringup'
[0.120s] Level 1:colcon.colcon_core.package_identification:_identify(src/igvc_description) by extensions ['ignore', 'ignore_ament_install']
[0.120s] Level 1:colcon.colcon_core.package_identification:_identify(src/igvc_description) by extension 'ignore'
[0.120s] Level 1:colcon.colcon_core.package_identification:_identify(src/igvc_description) by extension 'ignore_ament_install'
[0.120s] Level 1:colcon.colcon_core.package_identification:_identify(src/igvc_description) by extensions ['colcon_pkg']
[0.120s] Level 1:colcon.colcon_core.package_identification:_identify(src/igvc_description) by extension 'colcon_pkg'
[0.120s] Level 1:colcon.colcon_core.package_identification:_identify(src/igvc_description) by extensions ['colcon_meta']
[0.120s] Level 1:colcon.colcon_core.package_identification:_identify(src/igvc_description) by extension 'colcon_meta'
[0.120s] Level 1:colcon.colcon_core.package_identification:_identify(src/igvc_description) by extensions ['ros']
[0.120s] Level 1:colcon.colcon_core.package_identification:_identify(src/igvc_description) by extension 'ros'
[0.120s] DEBUG:colcon.colcon_core.package_identification:Package 'src/igvc_description' with type 'ros.ament_cmake' and name 'igvc_description'
[0.120s] Level 1:colcon.colcon_core.package_identification:_identify(src/igvc_gazebo) by extensions ['ignore', 'ignore_ament_install']
[0.121s] Level 1:colcon.colcon_core.package_identification:_identify(src/igvc_gazebo) by extension 'ignore'
[0.121s] Level 1:colcon.colcon_core.package_identification:_identify(src/igvc_gazebo) by extension 'ignore_ament_install'
[0.121s] Level 1:colcon.colcon_core.package_identification:_identify(src/igvc_gazebo) by extensions ['colcon_pkg']
[0.121s] Level 1:colcon.colcon_core.package_identification:_identify(src/igvc_gazebo) by extension 'colcon_pkg'
[0.121s] Level 1:colcon.colcon_core.package_identification:_identify(src/igvc_gazebo) by extensions ['colcon_meta']
[0.121s] Level 1:colcon.colcon_core.package_identification:_identify(src/igvc_gazebo) by extension 'colcon_meta'
[0.121s] Level 1:colcon.colcon_core.package_identification:_identify(src/igvc_gazebo) by extensions ['ros']
[0.121s] Level 1:colcon.colcon_core.package_identification:_identify(src/igvc_gazebo) by extension 'ros'
[0.121s] DEBUG:colcon.colcon_core.package_identification:Package 'src/igvc_gazebo' with type 'ros.ament_cmake' and name 'igvc_gazebo'
[0.121s] Level 1:colcon.colcon_core.package_discovery:discover_packages(recursive) using defaults
[0.121s] Level 1:colcon.colcon_core.package_discovery:discover_packages(ignore) discover
[0.121s] Level 1:colcon.colcon_core.package_discovery:discover_packages(ignore) using defaults
[0.121s] Level 1:colcon.colcon_core.package_discovery:discover_packages(path) discover
[0.121s] Level 1:colcon.colcon_core.package_discovery:discover_packages(path) using defaults
[0.134s] Level 1:colcon.colcon_core.package_discovery:discover_packages(prefix_path) check parameters
[0.134s] Level 1:colcon.colcon_core.package_discovery:discover_packages(prefix_path) discover
[0.134s] WARNING:colcon.colcon_ros.prefix_path.ament:The path '/home/dhruv-bansal/igvc_sim_ws/install/igvc_gazebo' in the environment variable AMENT_PREFIX_PATH doesn't exist
[0.134s] WARNING:colcon.colcon_ros.prefix_path.ament:The path '/home/dhruv-bansal/igvc_sim_ws/install/igvc_description' in the environment variable AMENT_PREFIX_PATH doesn't exist
[0.134s] WARNING:colcon.colcon_ros.prefix_path.ament:The path '/home/dhruv-bansal/igvc_sim_ws/install/igvc_bringup' in the environment variable AMENT_PREFIX_PATH doesn't exist
[0.134s] WARNING:colcon.colcon_ros.prefix_path.catkin:The path '/home/dhruv-bansal/igvc_sim_ws/install/igvc_gazebo' in the environment variable CMAKE_PREFIX_PATH doesn't exist
[0.135s] WARNING:colcon.colcon_ros.prefix_path.catkin:The path '/home/dhruv-bansal/igvc_sim_ws/install/igvc_description' in the environment variable CMAKE_PREFIX_PATH doesn't exist
[0.135s] WARNING:colcon.colcon_ros.prefix_path.catkin:The path '/home/dhruv-bansal/igvc_sim_ws/install/igvc_bringup' in the environment variable CMAKE_PREFIX_PATH doesn't exist
[0.135s] DEBUG:colcon.colcon_installed_package_information.package_discovery:Found 0 installed packages in /home/dhruv-bansal/igvc_sim_ws/install
[0.135s] DEBUG:colcon.colcon_installed_package_information.package_discovery:Found 1 installed packages in /home/dhruv-bansal/Documents/ros_arm/install
[0.136s] DEBUG:colcon.colcon_installed_package_information.package_discovery:Found 348 installed packages in /opt/ros/jazzy
[0.138s] Level 1:colcon.colcon_core.package_discovery:discover_packages(prefix_path) using defaults
[0.168s] Level 5:colcon.colcon_core.verb:set package 'igvc_bringup' build argument 'cmake_args' from command line to 'None'
[0.168s] Level 5:colcon.colcon_core.verb:set package 'igvc_bringup' build argument 'cmake_target' from command line to 'None'
[0.168s] Level 5:colcon.colcon_core.verb:set package 'igvc_bringup' build argument 'cmake_target_skip_unavailable' from command line to 'False'
[0.168s] Level 5:colcon.colcon_core.verb:set package 'igvc_bringup' build argument 'cmake_clean_cache' from command line to 'False'
[0.168s] Level 5:colcon.colcon_core.verb:set package 'igvc_bringup' build argument 'cmake_clean_first' from command line to 'False'
[0.168s] Level 5:colcon.colcon_core.verb:set package 'igvc_bringup' build argument 'cmake_force_configure' from command line to 'False'
[0.168s] Level 5:colcon.colcon_core.verb:set package 'igvc_bringup' build argument 'ament_cmake_args' from command line to 'None'
[0.168s] Level 5:colcon.colcon_core.verb:set package 'igvc_bringup' build argument 'catkin_cmake_args' from command line to 'None'
[0.168s] Level 5:colcon.colcon_core.verb:set package 'igvc_bringup' build argument 'catkin_skip_building_tests' from command line to 'False'
[0.168s] DEBUG:colcon.colcon_core.verb:Building package 'igvc_bringup' with the following arguments: {'ament_cmake_args': None, 'build_base': '/home/dhruv-bansal/igvc_sim_ws/build/igvc_bringup', 'catkin_cmake_args': None, 'catkin_skip_building_tests': False, 'cmake_args': None, 'cmake_clean_cache': False, 'cmake_clean_first': False, 'cmake_force_configure': False, 'cmake_target': None, 'cmake_target_skip_unavailable': False, 'install_base': '/home/dhruv-bansal/igvc_sim_ws/install/igvc_bringup', 'merge_install': False, 'path': '/home/dhruv-bansal/igvc_sim_ws/src/igvc_bringup', 'symlink_install': False, 'test_result_base': None}
[0.168s] Level 5:colcon.colcon_core.verb:set package 'igvc_description' build argument 'cmake_args' from command line to 'None'
[0.168s] Level 5:colcon.colcon_core.verb:set package 'igvc_description' build argument 'cmake_target' from command line to 'None'
[0.168s] Level 5:colcon.colcon_core.verb:set package 'igvc_description' build argument 'cmake_target_skip_unavailable' from command line to 'False'
[0.168s] Level 5:colcon.colcon_core.verb:set package 'igvc_description' build argument 'cmake_clean_cache' from command line to 'False'
[0.168s] Level 5:colcon.colcon_core.verb:set package 'igvc_description' build argument 'cmake_clean_first' from command line to 'False'
[0.168s] Level 5:colcon.colcon_core.verb:set package 'igvc_description' build argument 'cmake_force_configure' from command line to 'False'
[0.168s] Level 5:colcon.colcon_core.verb:set package 'igvc_description' build argument 'ament_cmake_args' from command line to 'None'
[0.168s] Level 5:colcon.colcon_core.verb:set package 'igvc_description' build argument 'catkin_cmake_args' from command line to 'None'
[0.168s] Level 5:colcon.colcon_core.verb:set package 'igvc_description' build argument 'catkin_skip_building_tests' from command line to 'False'
[0.168s] DEBUG:colcon.colcon_core.verb:Building package 'igvc_description' with the following arguments: {'ament_cmake_args': None, 'build_base': '/home/dhruv-bansal/igvc_sim_ws/build/igvc_description', 'catkin_cmake_args': None, 'catkin_skip_building_tests': False, 'cmake_args': None, 'cmake_clean_cache': False, 'cmake_clean_first': False, 'cmake_force_configure': False, 'cmake_target': None, 'cmake_target_skip_unavailable': False, 'install_base': '/home/dhruv-bansal/igvc_sim_ws/install/igvc_description', 'merge_install': False, 'path': '/home/dhruv-bansal/igvc_sim_ws/src/igvc_description', 'symlink_install': False, 'test_result_base': None}
[0.168s] Level 5:colcon.colcon_core.verb:set package 'igvc_gazebo' build argument 'cmake_args' from command line to 'None'
[0.168s] Level 5:colcon.colcon_core.verb:set package 'igvc_gazebo' build argument 'cmake_target' from command line to 'None'
[0.168s] Level 5:colcon.colcon_core.verb:set package 'igvc_gazebo' build argument 'cmake_target_skip_unavailable' from command line to 'False'
[0.168s] Level 5:colcon.colcon_core.verb:set package 'igvc_gazebo' build argument 'cmake_clean_cache' from command line to 'False'
[0.168s] Level 5:colcon.colcon_core.verb:set package 'igvc_gazebo' build argument 'cmake_clean_first' from command line to 'False'
[0.168s] Level 5:colcon.colcon_core.verb:set package 'igvc_gazebo' build argument 'cmake_force_configure' from command line to 'False'
[0.168s] Level 5:colcon.colcon_core.verb:set package 'igvc_gazebo' build argument 'ament_cmake_args' from command line to 'None'
[0.168s] Level 5:colcon.colcon_core.verb:set package 'igvc_gazebo' build argument 'catkin_cmake_args' from command line to 'None'
[0.168s] Level 5:colcon.colcon_core.verb:set package 'igvc_gazebo' build argument 'catkin_skip_building_tests' from command line to 'False'
[0.168s] DEBUG:colcon.colcon_core.verb:Building package 'igvc_gazebo' with the following arguments: {'ament_cmake_args': None, 'build_base': '/home/dhruv-bansal/igvc_sim_ws/build/igvc_gazebo', 'catkin_cmake_args': None, 'catkin_skip_building_tests': False, 'cmake_args': None, 'cmake_clean_cache': False, 'cmake_clean_first': False, 'cmake_force_configure': False, 'cmake_target': None, 'cmake_target_skip_unavailable': False, 'install_base': '/home/dhruv-bansal/igvc_sim_ws/install/igvc_gazebo', 'merge_install': False, 'path': '/home/dhruv-bansal/igvc_sim_ws/src/igvc_gazebo', 'symlink_install': False, 'test_result_base': None}
[0.168s] INFO:colcon.colcon_core.executor:Executing jobs using 'parallel' executor
[0.169s] DEBUG:colcon.colcon_parallel_executor.executor.parallel:run_until_complete
[0.169s] INFO:colcon.colcon_ros.task.ament_cmake.build:Building ROS package in '/home/dhruv-bansal/igvc_sim_ws/src/igvc_bringup' with build type 'ament_cmake'
[0.169s] INFO:colcon.colcon_cmake.task.cmake.build:Building CMake package in '/home/dhruv-bansal/igvc_sim_ws/src/igvc_bringup'
[0.171s] INFO:colcon.colcon_core.plugin_system:Skipping extension 'colcon_core.shell.bat': Not used on non-Windows systems
[0.171s] INFO:colcon.colcon_core.shell:Skip shell extension 'powershell' for command environment: Not usable outside of PowerShell
[0.171s] DEBUG:colcon.colcon_core.shell:Skip shell extension 'dsv' for command environment
[0.174s] INFO:colcon.colcon_ros.task.ament_cmake.build:Building ROS package in '/home/dhruv-bansal/igvc_sim_ws/src/igvc_description' with build type 'ament_cmake'
[0.174s] INFO:colcon.colcon_cmake.task.cmake.build:Building CMake package in '/home/dhruv-bansal/igvc_sim_ws/src/igvc_description'
[0.174s] INFO:colcon.colcon_core.shell:Skip shell extension 'powershell' for command environment: Not usable outside of PowerShell
[0.174s] DEBUG:colcon.colcon_core.shell:Skip shell extension 'dsv' for command environment
[0.178s] INFO:colcon.colcon_ros.task.ament_cmake.build:Building ROS package in '/home/dhruv-bansal/igvc_sim_ws/src/igvc_gazebo' with build type 'ament_cmake'
[0.178s] INFO:colcon.colcon_cmake.task.cmake.build:Building CMake package in '/home/dhruv-bansal/igvc_sim_ws/src/igvc_gazebo'
[0.179s] INFO:colcon.colcon_core.shell:Skip shell extension 'powershell' for command environment: Not usable outside of PowerShell
[0.179s] DEBUG:colcon.colcon_core.shell:Skip shell extension 'dsv' for command environment
[0.185s] DEBUG:colcon.colcon_core.event_handler.log_command:Invoking command in '/home/dhruv-bansal/igvc_sim_ws/build/igvc_bringup': CMAKE_PREFIX_PATH=${CMAKE_PREFIX_PATH}:/home/dhruv-bansal/Documents/ros_arm/install/arm_teleop:/opt/ros/jazzy DEBUGINFOD_URLS=https://debuginfod.ubuntu.com /usr/bin/cmake /home/dhruv-bansal/igvc_sim_ws/src/igvc_bringup -DCMAKE_INSTALL_PREFIX=/home/dhruv-bansal/igvc_sim_ws/install/igvc_bringup
[0.186s] DEBUG:colcon.colcon_core.event_handler.log_command:Invoking command in '/home/dhruv-bansal/igvc_sim_ws/build/igvc_description': CMAKE_PREFIX_PATH=${CMAKE_PREFIX_PATH}:/home/dhruv-bansal/Documents/ros_arm/install/arm_teleop:/opt/ros/jazzy DEBUGINFOD_URLS=https://debuginfod.ubuntu.com /usr/bin/cmake /home/dhruv-bansal/igvc_sim_ws/src/igvc_description -DCMAKE_INSTALL_PREFIX=/home/dhruv-bansal/igvc_sim_ws/install/igvc_description
[0.189s] DEBUG:colcon.colcon_core.event_handler.log_command:Invoking command in '/home/dhruv-bansal/igvc_sim_ws/build/igvc_gazebo': CMAKE_PREFIX_PATH=${CMAKE_PREFIX_PATH}:/home/dhruv-bansal/Documents/ros_arm/install/arm_teleop:/opt/ros/jazzy DEBUGINFOD_URLS=https://debuginfod.ubuntu.com /usr/bin/cmake /home/dhruv-bansal/igvc_sim_ws/src/igvc_gazebo -DCMAKE_INSTALL_PREFIX=/home/dhruv-bansal/igvc_sim_ws/install/igvc_gazebo
[1.006s] DEBUG:colcon.colcon_core.event_handler.log_command:Invoked command in '/home/dhruv-bansal/igvc_sim_ws/build/igvc_bringup' returned '0': CMAKE_PREFIX_PATH=${CMAKE_PREFIX_PATH}:/home/dhruv-bansal/Documents/ros_arm/install/arm_teleop:/opt/ros/jazzy DEBUGINFOD_URLS=https://debuginfod.ubuntu.com /usr/bin/cmake /home/dhruv-bansal/igvc_sim_ws/src/igvc_bringup -DCMAKE_INSTALL_PREFIX=/home/dhruv-bansal/igvc_sim_ws/install/igvc_bringup
[1.008s] DEBUG:colcon.colcon_core.event_handler.log_command:Invoking command in '/home/dhruv-bansal/igvc_sim_ws/build/igvc_bringup': CMAKE_PREFIX_PATH=${CMAKE_PREFIX_PATH}:/home/dhruv-bansal/Documents/ros_arm/install/arm_teleop:/opt/ros/jazzy DEBUGINFOD_URLS=https://debuginfod.ubuntu.com /usr/bin/cmake --build /home/dhruv-bansal/igvc_sim_ws/build/igvc_bringup -- -j12 -l12
[1.041s] DEBUG:colcon.colcon_core.event_handler.log_command:Invoked command in '/home/dhruv-bansal/igvc_sim_ws/build/igvc_bringup' returned '0': CMAKE_PREFIX_PATH=${CMAKE_PREFIX_PATH}:/home/dhruv-bansal/Documents/ros_arm/install/arm_teleop:/opt/ros/jazzy DEBUGINFOD_URLS=https://debuginfod.ubuntu.com /usr/bin/cmake --build /home/dhruv-bansal/igvc_sim_ws/build/igvc_bringup -- -j12 -l12
[1.049s] DEBUG:colcon.colcon_core.event_handler.log_command:Invoking command in '/home/dhruv-bansal/igvc_sim_ws/build/igvc_bringup': CMAKE_PREFIX_PATH=${CMAKE_PREFIX_PATH}:/home/dhruv-bansal/Documents/ros_arm/install/arm_teleop:/opt/ros/jazzy DEBUGINFOD_URLS=https://debuginfod.ubuntu.com /usr/bin/cmake --install /home/dhruv-bansal/igvc_sim_ws/build/igvc_bringup
[1.065s] Level 1:colcon.colcon_core.environment:create_environment_scripts_only(igvc_bringup)
[1.065s] DEBUG:colcon.colcon_core.event_handler.log_command:Invoked command in '/home/dhruv-bansal/igvc_sim_ws/build/igvc_bringup' returned '0': CMAKE_PREFIX_PATH=${CMAKE_PREFIX_PATH}:/home/dhruv-bansal/Documents/ros_arm/install/arm_teleop:/opt/ros/jazzy DEBUGINFOD_URLS=https://debuginfod.ubuntu.com /usr/bin/cmake --install /home/dhruv-bansal/igvc_sim_ws/build/igvc_bringup
[1.067s] Level 1:colcon.colcon_core.environment:checking '/home/dhruv-bansal/igvc_sim_ws/install/igvc_bringup' for CMake module files
[1.067s] Level 1:colcon.colcon_core.environment:checking '/home/dhruv-bansal/igvc_sim_ws/install/igvc_bringup' for CMake config files
[1.068s] Level 1:colcon.colcon_core.shell:create_environment_hook('igvc_bringup', 'cmake_prefix_path')
[1.068s] INFO:colcon.colcon_core.shell:Creating environment hook '/home/dhruv-bansal/igvc_sim_ws/install/igvc_bringup/share/igvc_bringup/hook/cmake_prefix_path.ps1'
[1.068s] INFO:colcon.colcon_core.shell:Creating environment descriptor '/home/dhruv-bansal/igvc_sim_ws/install/igvc_bringup/share/igvc_bringup/hook/cmake_prefix_path.dsv'
[1.068s] INFO:colcon.colcon_core.shell:Creating environment hook '/home/dhruv-bansal/igvc_sim_ws/install/igvc_bringup/share/igvc_bringup/hook/cmake_prefix_path.sh'
[1.069s] Level 1:colcon.colcon_core.environment:checking '/home/dhruv-bansal/igvc_sim_ws/install/igvc_bringup/bin'
[1.069s] Level 1:colcon.colcon_core.environment:checking '/home/dhruv-bansal/igvc_sim_ws/install/igvc_bringup/lib/pkgconfig/igvc_bringup.pc'
[1.069s] Level 1:colcon.colcon_core.environment:checking '/home/dhruv-bansal/igvc_sim_ws/install/igvc_bringup/lib/python3.12/site-packages'
[1.069s] Level 1:colcon.colcon_core.environment:checking '/home/dhruv-bansal/igvc_sim_ws/install/igvc_bringup/bin'
[1.070s] INFO:colcon.colcon_core.shell:Creating package script '/home/dhruv-bansal/igvc_sim_ws/install/igvc_bringup/share/igvc_bringup/package.ps1'
[1.070s] INFO:colcon.colcon_core.shell:Creating package descriptor '/home/dhruv-bansal/igvc_sim_ws/install/igvc_bringup/share/igvc_bringup/package.dsv'
[1.070s] INFO:colcon.colcon_core.shell:Creating package script '/home/dhruv-bansal/igvc_sim_ws/install/igvc_bringup/share/igvc_bringup/package.sh'
[1.071s] INFO:colcon.colcon_core.shell:Creating package script '/home/dhruv-bansal/igvc_sim_ws/install/igvc_bringup/share/igvc_bringup/package.bash'
[1.072s] INFO:colcon.colcon_core.shell:Creating package script '/home/dhruv-bansal/igvc_sim_ws/install/igvc_bringup/share/igvc_bringup/package.zsh'
[1.073s] Level 1:colcon.colcon_core.environment:create_file_with_runtime_dependencies(/home/dhruv-bansal/igvc_sim_ws/install/igvc_bringup/share/colcon-core/packages/igvc_bringup)
[1.074s] Level 1:colcon.colcon_core.environment:create_environment_scripts_only(igvc_bringup)
[1.075s] Level 1:colcon.colcon_core.environment:checking '/home/dhruv-bansal/igvc_sim_ws/install/igvc_bringup' for CMake module files
[1.075s] Level 1:colcon.colcon_core.environment:checking '/home/dhruv-bansal/igvc_sim_ws/install/igvc_bringup' for CMake config files
[1.076s] Level 1:colcon.colcon_core.shell:create_environment_hook('igvc_bringup', 'cmake_prefix_path')
[1.076s] INFO:colcon.colcon_core.shell:Creating environment hook '/home/dhruv-bansal/igvc_sim_ws/install/igvc_bringup/share/igvc_bringup/hook/cmake_prefix_path.ps1'
[1.077s] INFO:colcon.colcon_core.shell:Creating environment descriptor '/home/dhruv-bansal/igvc_sim_ws/install/igvc_bringup/share/igvc_bringup/hook/cmake_prefix_path.dsv'
[1.077s] INFO:colcon.colcon_core.shell:Creating environment hook '/home/dhruv-bansal/igvc_sim_ws/install/igvc_bringup/share/igvc_bringup/hook/cmake_prefix_path.sh'
[1.078s] Level 1:colcon.colcon_core.environment:checking '/home/dhruv-bansal/igvc_sim_ws/install/igvc_bringup/bin'
[1.078s] Level 1:colcon.colcon_core.environment:checking '/home/dhruv-bansal/igvc_sim_ws/install/igvc_bringup/lib/pkgconfig/igvc_bringup.pc'
[1.079s] Level 1:colcon.colcon_core.environment:checking '/home/dhruv-bansal/igvc_sim_ws/install/igvc_bringup/lib/python3.12/site-packages'
[1.079s] Level 1:colcon.colcon_core.environment:checking '/home/dhruv-bansal/igvc_sim_ws/install/igvc_bringup/bin'
[1.079s] INFO:colcon.colcon_core.shell:Creating package script '/home/dhruv-bansal/igvc_sim_ws/install/igvc_bringup/share/igvc_bringup/package.ps1'
[1.080s] INFO:colcon.colcon_core.shell:Creating package descriptor '/home/dhruv-bansal/igvc_sim_ws/install/igvc_bringup/share/igvc_bringup/package.dsv'
[1.081s] INFO:colcon.colcon_core.shell:Creating package script '/home/dhruv-bansal/igvc_sim_ws/install/igvc_bringup/share/igvc_bringup/package.sh'
[1.081s] INFO:colcon.colcon_core.shell:Creating package script '/home/dhruv-bansal/igvc_sim_ws/install/igvc_bringup/share/igvc_bringup/package.bash'
[1.082s] INFO:colcon.colcon_core.shell:Creating package script '/home/dhruv-bansal/igvc_sim_ws/install/igvc_bringup/share/igvc_bringup/package.zsh'
[1.083s] Level 1:colcon.colcon_core.environment:create_file_with_runtime_dependencies(/home/dhruv-bansal/igvc_sim_ws/install/igvc_bringup/share/colcon-core/packages/igvc_bringup)
[1.084s] DEBUG:colcon.colcon_core.event_handler.log_command:Invoked command in '/home/dhruv-bansal/igvc_sim_ws/build/igvc_description' returned '0': CMAKE_PREFIX_PATH=${CMAKE_PREFIX_PATH}:/home/dhruv-bansal/Documents/ros_arm/install/arm_teleop:/opt/ros/jazzy DEBUGINFOD_URLS=https://debuginfod.ubuntu.com /usr/bin/cmake /home/dhruv-bansal/igvc_sim_ws/src/igvc_description -DCMAKE_INSTALL_PREFIX=/home/dhruv-bansal/igvc_sim_ws/install/igvc_description
[1.085s] DEBUG:colcon.colcon_core.event_handler.log_command:Invoking command in '/home/dhruv-bansal/igvc_sim_ws/build/igvc_description': CMAKE_PREFIX_PATH=${CMAKE_PREFIX_PATH}:/home/dhruv-bansal/Documents/ros_arm/install/arm_teleop:/opt/ros/jazzy DEBUGINFOD_URLS=https://debuginfod.ubuntu.com /usr/bin/cmake --build /home/dhruv-bansal/igvc_sim_ws/build/igvc_description -- -j12 -l12
[1.110s] DEBUG:colcon.colcon_core.event_handler.log_command:Invoked command in '/home/dhruv-bansal/igvc_sim_ws/build/igvc_gazebo' returned '0': CMAKE_PREFIX_PATH=${CMAKE_PREFIX_PATH}:/home/dhruv-bansal/Documents/ros_arm/install/arm_teleop:/opt/ros/jazzy DEBUGINFOD_URLS=https://debuginfod.ubuntu.com /usr/bin/cmake /home/dhruv-bansal/igvc_sim_ws/src/igvc_gazebo -DCMAKE_INSTALL_PREFIX=/home/dhruv-bansal/igvc_sim_ws/install/igvc_gazebo
[1.110s] DEBUG:colcon.colcon_core.event_handler.log_command:Invoking command in '/home/dhruv-bansal/igvc_sim_ws/build/igvc_gazebo': CMAKE_PREFIX_PATH=${CMAKE_PREFIX_PATH}:/home/dhruv-bansal/Documents/ros_arm/install/arm_teleop:/opt/ros/jazzy DEBUGINFOD_URLS=https://debuginfod.ubuntu.com /usr/bin/cmake --build /home/dhruv-bansal/igvc_sim_ws/build/igvc_gazebo -- -j12 -l12
[1.133s] DEBUG:colcon.colcon_core.event_handler.log_command:Invoked command in '/home/dhruv-bansal/igvc_sim_ws/build/igvc_description' returned '0': CMAKE_PREFIX_PATH=${CMAKE_PREFIX_PATH}:/home/dhruv-bansal/Documents/ros_arm/install/arm_teleop:/opt/ros/jazzy DEBUGINFOD_URLS=https://debuginfod.ubuntu.com /usr/bin/cmake --build /home/dhruv-bansal/igvc_sim_ws/build/igvc_description -- -j12 -l12
[1.135s] DEBUG:colcon.colcon_core.event_handler.log_command:Invoking command in '/home/dhruv-bansal/igvc_sim_ws/build/igvc_description': CMAKE_PREFIX_PATH=${CMAKE_PREFIX_PATH}:/home/dhruv-bansal/Documents/ros_arm/install/arm_teleop:/opt/ros/jazzy DEBUGINFOD_URLS=https://debuginfod.ubuntu.com /usr/bin/cmake --install /home/dhruv-bansal/igvc_sim_ws/build/igvc_description
[1.147s] Level 1:colcon.colcon_core.environment:create_environment_scripts_only(igvc_description)
[1.147s] Level 1:colcon.colcon_core.environment:checking '/home/dhruv-bansal/igvc_sim_ws/install/igvc_description' for CMake module files
[1.147s] DEBUG:colcon.colcon_core.event_handler.log_command:Invoked command in '/home/dhruv-bansal/igvc_sim_ws/build/igvc_description' returned '0': CMAKE_PREFIX_PATH=${CMAKE_PREFIX_PATH}:/home/dhruv-bansal/Documents/ros_arm/install/arm_teleop:/opt/ros/jazzy DEBUGINFOD_URLS=https://debuginfod.ubuntu.com /usr/bin/cmake --install /home/dhruv-bansal/igvc_sim_ws/build/igvc_description
[1.148s] Level 1:colcon.colcon_core.environment:checking '/home/dhruv-bansal/igvc_sim_ws/install/igvc_description' for CMake config files
[1.148s] Level 1:colcon.colcon_core.shell:create_environment_hook('igvc_description', 'cmake_prefix_path')
[1.148s] INFO:colcon.colcon_core.shell:Creating environment hook '/home/dhruv-bansal/igvc_sim_ws/install/igvc_description/share/igvc_description/hook/cmake_prefix_path.ps1'
[1.148s] INFO:colcon.colcon_core.shell:Creating environment descriptor '/home/dhruv-bansal/igvc_sim_ws/install/igvc_description/share/igvc_description/hook/cmake_prefix_path.dsv'
[1.149s] INFO:colcon.colcon_core.shell:Creating environment hook '/home/dhruv-bansal/igvc_sim_ws/install/igvc_description/share/igvc_description/hook/cmake_prefix_path.sh'
[1.150s] Level 1:colcon.colcon_core.environment:checking '/home/dhruv-bansal/igvc_sim_ws/install/igvc_description/bin'
[1.150s] Level 1:colcon.colcon_core.environment:checking '/home/dhruv-bansal/igvc_sim_ws/install/igvc_description/lib/pkgconfig/igvc_description.pc'
[1.150s] Level 1:colcon.colcon_core.environment:checking '/home/dhruv-bansal/igvc_sim_ws/install/igvc_description/lib/python3.12/site-packages'
[1.150s] Level 1:colcon.colcon_core.environment:checking '/home/dhruv-bansal/igvc_sim_ws/install/igvc_description/bin'
[1.151s] INFO:colcon.colcon_core.shell:Creating package script '/home/dhruv-bansal/igvc_sim_ws/install/igvc_description/share/igvc_description/package.ps1'
[1.151s] INFO:colcon.colcon_core.shell:Creating package descriptor '/home/dhruv-bansal/igvc_sim_ws/install/igvc_description/share/igvc_description/package.dsv'
[1.152s] INFO:colcon.colcon_core.shell:Creating package script '/home/dhruv-bansal/igvc_sim_ws/install/igvc_description/share/igvc_description/package.sh'
[1.153s] INFO:colcon.colcon_core.shell:Creating package script '/home/dhruv-bansal/igvc_sim_ws/install/igvc_description/share/igvc_description/package.bash'
[1.153s] INFO:colcon.colcon_core.shell:Creating package script '/home/dhruv-bansal/igvc_sim_ws/install/igvc_description/share/igvc_description/package.zsh'
[1.153s] Level 1:colcon.colcon_core.environment:create_file_with_runtime_dependencies(/home/dhruv-bansal/igvc_sim_ws/install/igvc_description/share/colcon-core/packages/igvc_description)
[1.154s] Level 1:colcon.colcon_core.environment:create_environment_scripts_only(igvc_description)
[1.154s] Level 1:colcon.colcon_core.environment:checking '/home/dhruv-bansal/igvc_sim_ws/install/igvc_description' for CMake module files
[1.155s] Level 1:colcon.colcon_core.environment:checking '/home/dhruv-bansal/igvc_sim_ws/install/igvc_description' for CMake config files
[1.155s] Level 1:colcon.colcon_core.shell:create_environment_hook('igvc_description', 'cmake_prefix_path')
[1.155s] INFO:colcon.colcon_core.shell:Creating environment hook '/home/dhruv-bansal/igvc_sim_ws/install/igvc_description/share/igvc_description/hook/cmake_prefix_path.ps1'
[1.155s] INFO:colcon.colcon_core.shell:Creating environment descriptor '/home/dhruv-bansal/igvc_sim_ws/install/igvc_description/share/igvc_description/hook/cmake_prefix_path.dsv'
[1.156s] INFO:colcon.colcon_core.shell:Creating environment hook '/home/dhruv-bansal/igvc_sim_ws/install/igvc_description/share/igvc_description/hook/cmake_prefix_path.sh'
[1.156s] Level 1:colcon.colcon_core.environment:checking '/home/dhruv-bansal/igvc_sim_ws/install/igvc_description/bin'
[1.156s] Level 1:colcon.colcon_core.environment:checking '/home/dhruv-bansal/igvc_sim_ws/install/igvc_description/lib/pkgconfig/igvc_description.pc'
[1.156s] Level 1:colcon.colcon_core.environment:checking '/home/dhruv-bansal/igvc_sim_ws/install/igvc_description/lib/python3.12/site-packages'
[1.157s] Level 1:colcon.colcon_core.environment:checking '/home/dhruv-bansal/igvc_sim_ws/install/igvc_description/bin'
[1.157s] INFO:colcon.colcon_core.shell:Creating package script '/home/dhruv-bansal/igvc_sim_ws/install/igvc_description/share/igvc_description/package.ps1'
[1.157s] INFO:colcon.colcon_core.shell:Creating package descriptor '/home/dhruv-bansal/igvc_sim_ws/install/igvc_description/share/igvc_description/package.dsv'
[1.157s] INFO:colcon.colcon_core.shell:Creating package script '/home/dhruv-bansal/igvc_sim_ws/install/igvc_description/share/igvc_description/package.sh'
[1.158s] INFO:colcon.colcon_core.shell:Creating package script '/home/dhruv-bansal/igvc_sim_ws/install/igvc_description/share/igvc_description/package.bash'
[1.158s] INFO:colcon.colcon_core.shell:Creating package script '/home/dhruv-bansal/igvc_sim_ws/install/igvc_description/share/igvc_description/package.zsh'
[1.158s] Level 1:colcon.colcon_core.environment:create_file_with_runtime_dependencies(/home/dhruv-bansal/igvc_sim_ws/install/igvc_description/share/colcon-core/packages/igvc_description)
[1.159s] DEBUG:colcon.colcon_core.event_handler.log_command:Invoked command in '/home/dhruv-bansal/igvc_sim_ws/build/igvc_gazebo' returned '0': CMAKE_PREFIX_PATH=${CMAKE_PREFIX_PATH}:/home/dhruv-bansal/Documents/ros_arm/install/arm_teleop:/opt/ros/jazzy DEBUGINFOD_URLS=https://debuginfod.ubuntu.com /usr/bin/cmake --build /home/dhruv-bansal/igvc_sim_ws/build/igvc_gazebo -- -j12 -l12
[1.160s] DEBUG:colcon.colcon_core.event_handler.log_command:Invoking command in '/home/dhruv-bansal/igvc_sim_ws/build/igvc_gazebo': CMAKE_PREFIX_PATH=${CMAKE_PREFIX_PATH}:/home/dhruv-bansal/Documents/ros_arm/install/arm_teleop:/opt/ros/jazzy DEBUGINFOD_URLS=https://debuginfod.ubuntu.com /usr/bin/cmake --install /home/dhruv-bansal/igvc_sim_ws/build/igvc_gazebo
[1.183s] Level 1:colcon.colcon_core.environment:create_environment_scripts_only(igvc_gazebo)
[1.183s] Level 1:colcon.colcon_core.environment:checking '/home/dhruv-bansal/igvc_sim_ws/install/igvc_gazebo' for CMake module files
[1.185s] DEBUG:colcon.colcon_core.event_handler.log_command:Invoked command in '/home/dhruv-bansal/igvc_sim_ws/build/igvc_gazebo' returned '0': CMAKE_PREFIX_PATH=${CMAKE_PREFIX_PATH}:/home/dhruv-bansal/Documents/ros_arm/install/arm_teleop:/opt/ros/jazzy DEBUGINFOD_URLS=https://debuginfod.ubuntu.com /usr/bin/cmake --install /home/dhruv-bansal/igvc_sim_ws/build/igvc_gazebo
[1.186s] Level 1:colcon.colcon_core.environment:checking '/home/dhruv-bansal/igvc_sim_ws/install/igvc_gazebo' for CMake config files
[1.186s] Level 1:colcon.colcon_core.shell:create_environment_hook('igvc_gazebo', 'cmake_prefix_path')
[1.187s] INFO:colcon.colcon_core.shell:Creating environment hook '/home/dhruv-bansal/igvc_sim_ws/install/igvc_gazebo/share/igvc_gazebo/hook/cmake_prefix_path.ps1'
[1.188s] INFO:colcon.colcon_core.shell:Creating environment descriptor '/home/dhruv-bansal/igvc_sim_ws/install/igvc_gazebo/share/igvc_gazebo/hook/cmake_prefix_path.dsv'
[1.188s] INFO:colcon.colcon_core.shell:Creating environment hook '/home/dhruv-bansal/igvc_sim_ws/install/igvc_gazebo/share/igvc_gazebo/hook/cmake_prefix_path.sh'
[1.189s] Level 1:colcon.colcon_core.environment:checking '/home/dhruv-bansal/igvc_sim_ws/install/igvc_gazebo/bin'
[1.190s] Level 1:colcon.colcon_core.environment:checking '/home/dhruv-bansal/igvc_sim_ws/install/igvc_gazebo/lib/pkgconfig/igvc_gazebo.pc'
[1.190s] Level 1:colcon.colcon_core.environment:checking '/home/dhruv-bansal/igvc_sim_ws/install/igvc_gazebo/lib/python3.12/site-packages'
[1.191s] Level 1:colcon.colcon_core.environment:checking '/home/dhruv-bansal/igvc_sim_ws/install/igvc_gazebo/bin'
[1.192s] INFO:colcon.colcon_core.shell:Creating package script '/home/dhruv-bansal/igvc_sim_ws/install/igvc_gazebo/share/igvc_gazebo/package.ps1'
[1.193s] INFO:colcon.colcon_core.shell:Creating package descriptor '/home/dhruv-bansal/igvc_sim_ws/install/igvc_gazebo/share/igvc_gazebo/package.dsv'
[1.194s] INFO:colcon.colcon_core.shell:Creating package script '/home/dhruv-bansal/igvc_sim_ws/install/igvc_gazebo/share/igvc_gazebo/package.sh'
[1.195s] INFO:colcon.colcon_core.shell:Creating package script '/home/dhruv-bansal/igvc_sim_ws/install/igvc_gazebo/share/igvc_gazebo/package.bash'
[1.196s] INFO:colcon.colcon_core.shell:Creating package script '/home/dhruv-bansal/igvc_sim_ws/install/igvc_gazebo/share/igvc_gazebo/package.zsh'
[1.197s] Level 1:colcon.colcon_core.environment:create_file_with_runtime_dependencies(/home/dhruv-bansal/igvc_sim_ws/install/igvc_gazebo/share/colcon-core/packages/igvc_gazebo)
[1.198s] Level 1:colcon.colcon_core.environment:create_environment_scripts_only(igvc_gazebo)
[1.199s] Level 1:colcon.colcon_core.environment:checking '/home/dhruv-bansal/igvc_sim_ws/install/igvc_gazebo' for CMake module files
[1.200s] Level 1:colcon.colcon_core.environment:checking '/home/dhruv-bansal/igvc_sim_ws/install/igvc_gazebo' for CMake config files
[1.201s] Level 1:colcon.colcon_core.shell:create_environment_hook('igvc_gazebo', 'cmake_prefix_path')
[1.201s] INFO:colcon.colcon_core.shell:Creating environment hook '/home/dhruv-bansal/igvc_sim_ws/install/igvc_gazebo/share/igvc_gazebo/hook/cmake_prefix_path.ps1'
[1.203s] INFO:colcon.colcon_core.shell:Creating environment descriptor '/home/dhruv-bansal/igvc_sim_ws/install/igvc_gazebo/share/igvc_gazebo/hook/cmake_prefix_path.dsv'
[1.203s] INFO:colcon.colcon_core.shell:Creating environment hook '/home/dhruv-bansal/igvc_sim_ws/install/igvc_gazebo/share/igvc_gazebo/hook/cmake_prefix_path.sh'
[1.205s] Level 1:colcon.colcon_core.environment:checking '/home/dhruv-bansal/igvc_sim_ws/install/igvc_gazebo/bin'
[1.205s] Level 1:colcon.colcon_core.environment:checking '/home/dhruv-bansal/igvc_sim_ws/install/igvc_gazebo/lib/pkgconfig/igvc_gazebo.pc'
[1.205s] Level 1:colcon.colcon_core.environment:checking '/home/dhruv-bansal/igvc_sim_ws/install/igvc_gazebo/lib/python3.12/site-packages'
[1.206s] Level 1:colcon.colcon_core.environment:checking '/home/dhruv-bansal/igvc_sim_ws/install/igvc_gazebo/bin'
[1.206s] INFO:colcon.colcon_core.shell:Creating package script '/home/dhruv-bansal/igvc_sim_ws/install/igvc_gazebo/share/igvc_gazebo/package.ps1'
[1.207s] INFO:colcon.colcon_core.shell:Creating package descriptor '/home/dhruv-bansal/igvc_sim_ws/install/igvc_gazebo/share/igvc_gazebo/package.dsv'
[1.207s] INFO:colcon.colcon_core.shell:Creating package script '/home/dhruv-bansal/igvc_sim_ws/install/igvc_gazebo/share/igvc_gazebo/package.sh'
[1.208s] INFO:colcon.colcon_core.shell:Creating package script '/home/dhruv-bansal/igvc_sim_ws/install/igvc_gazebo/share/igvc_gazebo/package.bash'
[1.208s] INFO:colcon.colcon_core.shell:Creating package script '/home/dhruv-bansal/igvc_sim_ws/install/igvc_gazebo/share/igvc_gazebo/package.zsh'
[1.208s] Level 1:colcon.colcon_core.environment:create_file_with_runtime_dependencies(/home/dhruv-bansal/igvc_sim_ws/install/igvc_gazebo/share/colcon-core/packages/igvc_gazebo)
[1.209s] DEBUG:colcon.colcon_parallel_executor.executor.parallel:closing loop
[1.209s] DEBUG:colcon.colcon_parallel_executor.executor.parallel:loop closed
[1.209s] DEBUG:colcon.colcon_parallel_executor.executor.parallel:run_until_complete finished with '0'
[1.209s] DEBUG:colcon.colcon_core.event_reactor:joining thread
[1.219s] INFO:colcon.colcon_core.plugin_system:Skipping extension 'colcon_notification.desktop_notification.terminal_notifier': Not used on non-Darwin systems
[1.219s] INFO:colcon.colcon_core.plugin_system:Skipping extension 'colcon_notification.desktop_notification.win32': Not used on non-Windows systems
[1.219s] INFO:colcon.colcon_notification.desktop_notification:Sending desktop notification using 'notify2'
[1.236s] DEBUG:colcon.colcon_core.event_reactor:joined thread
[1.237s] INFO:colcon.colcon_core.shell:Creating prefix script '/home/dhruv-bansal/igvc_sim_ws/install/local_setup.ps1'
[1.238s] INFO:colcon.colcon_core.shell:Creating prefix util module '/home/dhruv-bansal/igvc_sim_ws/install/_local_setup_util_ps1.py'
[1.238s] INFO:colcon.colcon_core.shell:Creating prefix chain script '/home/dhruv-bansal/igvc_sim_ws/install/setup.ps1'
[1.239s] INFO:colcon.colcon_core.shell:Creating prefix script '/home/dhruv-bansal/igvc_sim_ws/install/local_setup.sh'
[1.240s] INFO:colcon.colcon_core.shell:Creating prefix util module '/home/dhruv-bansal/igvc_sim_ws/install/_local_setup_util_sh.py'
[1.240s] INFO:colcon.colcon_core.shell:Creating prefix chain script '/home/dhruv-bansal/igvc_sim_ws/install/setup.sh'
[1.241s] INFO:colcon.colcon_core.shell:Creating prefix script '/home/dhruv-bansal/igvc_sim_ws/install/local_setup.bash'
[1.241s] INFO:colcon.colcon_core.shell:Creating prefix chain script '/home/dhruv-bansal/igvc_sim_ws/install/setup.bash'
[1.242s] INFO:colcon.colcon_core.shell:Creating prefix script '/home/dhruv-bansal/igvc_sim_ws/install/local_setup.zsh'
[1.242s] INFO:colcon.colcon_core.shell:Creating prefix chain script '/home/dhruv-bansal/igvc_sim_ws/install/setup.zsh'
