[0.012s] Invoking command in '/home/dhruv-bansal/igvc_sim_ws/build/igvc_gazebo': CMAKE_PREFIX_PATH=${CMAKE_PREFIX_PATH}:/home/dhruv-bansal/Documents/ros_arm/install/arm_teleop:/opt/ros/jazzy DEBUGINFOD_URLS=https://debuginfod.ubuntu.com /usr/bin/cmake /home/dhruv-bansal/igvc_sim_ws/src/igvc_gazebo -DCMAKE_INSTALL_PREFIX=/home/dhruv-bansal/igvc_sim_ws/install/igvc_gazebo
[0.072s] -- The C compiler identification is GNU 13.3.0
[0.125s] -- The CXX compiler identification is GNU 13.3.0
[0.142s] -- Detecting C compiler ABI info
[0.226s] -- Detecting C compiler ABI info - done
[0.232s] -- Check for working C compiler: /usr/bin/cc - skipped
[0.232s] -- Detecting C compile features
[0.232s] -- Detecting C compile features - done
[0.243s] -- Detecting CXX compiler ABI info
[0.371s] -- Detecting CXX compiler ABI info - done
[0.383s] -- Check for working CXX compiler: /usr/bin/c++ - skipped
[0.383s] -- Detecting CXX compile features
[0.384s] -- Detecting CXX compile features - done
[0.387s] -- Found ament_cmake: 2.5.4 (/opt/ros/jazzy/share/ament_cmake/cmake)
[0.565s] -- Found Python3: /usr/bin/python3 (found version "3.12.3") found components: Interpreter 
[0.738s] -- Found ament_lint_auto: 0.17.3 (/opt/ros/jazzy/share/ament_lint_auto/cmake)
[0.837s] -- Added test 'lint_cmake' to check CMake code style
[0.838s] -- Added test 'xmllint' to check XML markup files
[0.839s] -- Configuring done (0.8s)
[0.841s] -- Generating done (0.0s)
[0.842s] -- Build files have been written to: /home/dhruv-bansal/igvc_sim_ws/build/igvc_gazebo
[0.846s] Invoked command in '/home/dhruv-bansal/igvc_sim_ws/build/igvc_gazebo' returned '0': CMAKE_PREFIX_PATH=${CMAKE_PREFIX_PATH}:/home/dhruv-bansal/Documents/ros_arm/install/arm_teleop:/opt/ros/jazzy DEBUGINFOD_URLS=https://debuginfod.ubuntu.com /usr/bin/cmake /home/dhruv-bansal/igvc_sim_ws/src/igvc_gazebo -DCMAKE_INSTALL_PREFIX=/home/dhruv-bansal/igvc_sim_ws/install/igvc_gazebo
[0.847s] Invoking command in '/home/dhruv-bansal/igvc_sim_ws/build/igvc_gazebo': CMAKE_PREFIX_PATH=${CMAKE_PREFIX_PATH}:/home/dhruv-bansal/Documents/ros_arm/install/arm_teleop:/opt/ros/jazzy DEBUGINFOD_URLS=https://debuginfod.ubuntu.com /usr/bin/cmake --build /home/dhruv-bansal/igvc_sim_ws/build/igvc_gazebo -- -j12 -l12
[0.900s] Invoked command in '/home/dhruv-bansal/igvc_sim_ws/build/igvc_gazebo' returned '0': CMAKE_PREFIX_PATH=${CMAKE_PREFIX_PATH}:/home/dhruv-bansal/Documents/ros_arm/install/arm_teleop:/opt/ros/jazzy DEBUGINFOD_URLS=https://debuginfod.ubuntu.com /usr/bin/cmake --build /home/dhruv-bansal/igvc_sim_ws/build/igvc_gazebo -- -j12 -l12
[0.901s] Invoking command in '/home/dhruv-bansal/igvc_sim_ws/build/igvc_gazebo': CMAKE_PREFIX_PATH=${CMAKE_PREFIX_PATH}:/home/dhruv-bansal/Documents/ros_arm/install/arm_teleop:/opt/ros/jazzy DEBUGINFOD_URLS=https://debuginfod.ubuntu.com /usr/bin/cmake --install /home/dhruv-bansal/igvc_sim_ws/build/igvc_gazebo
[0.913s] -- Install configuration: ""
[0.913s] -- Installing: /home/dhruv-bansal/igvc_sim_ws/install/igvc_gazebo/share/igvc_gazebo/worlds
[0.913s] -- Installing: /home/dhruv-bansal/igvc_sim_ws/install/igvc_gazebo/share/igvc_gazebo/worlds/stable.world
[0.914s] -- Installing: /home/dhruv-bansal/igvc_sim_ws/install/igvc_gazebo/share/ament_index/resource_index/package_run_dependencies/igvc_gazebo
[0.914s] -- Installing: /home/dhruv-bansal/igvc_sim_ws/install/igvc_gazebo/share/ament_index/resource_index/parent_prefix_path/igvc_gazebo
[0.915s] -- Installing: /home/dhruv-bansal/igvc_sim_ws/install/igvc_gazebo/share/igvc_gazebo/environment/ament_prefix_path.sh
[0.915s] -- Installing: /home/dhruv-bansal/igvc_sim_ws/install/igvc_gazebo/share/igvc_gazebo/environment/ament_prefix_path.dsv
[0.915s] -- Installing: /home/dhruv-bansal/igvc_sim_ws/install/igvc_gazebo/share/igvc_gazebo/environment/path.sh
[0.915s] -- Installing: /home/dhruv-bansal/igvc_sim_ws/install/igvc_gazebo/share/igvc_gazebo/environment/path.dsv
[0.915s] -- Installing: /home/dhruv-bansal/igvc_sim_ws/install/igvc_gazebo/share/igvc_gazebo/local_setup.bash
[0.915s] -- Installing: /home/dhruv-bansal/igvc_sim_ws/install/igvc_gazebo/share/igvc_gazebo/local_setup.sh
[0.916s] -- Installing: /home/dhruv-bansal/igvc_sim_ws/install/igvc_gazebo/share/igvc_gazebo/local_setup.zsh
[0.916s] -- Installing: /home/dhruv-bansal/igvc_sim_ws/install/igvc_gazebo/share/igvc_gazebo/local_setup.dsv
[0.916s] -- Installing: /home/dhruv-bansal/igvc_sim_ws/install/igvc_gazebo/share/igvc_gazebo/package.dsv
[0.916s] -- Installing: /home/dhruv-bansal/igvc_sim_ws/install/igvc_gazebo/share/ament_index/resource_index/packages/igvc_gazebo
[0.917s] -- Installing: /home/dhruv-bansal/igvc_sim_ws/install/igvc_gazebo/share/igvc_gazebo/cmake/igvc_gazeboConfig.cmake
[0.917s] -- Installing: /home/dhruv-bansal/igvc_sim_ws/install/igvc_gazebo/share/igvc_gazebo/cmake/igvc_gazeboConfig-version.cmake
[0.917s] -- Installing: /home/dhruv-bansal/igvc_sim_ws/install/igvc_gazebo/share/igvc_gazebo/package.xml
[0.920s] Invoked command in '/home/dhruv-bansal/igvc_sim_ws/build/igvc_gazebo' returned '0': CMAKE_PREFIX_PATH=${CMAKE_PREFIX_PATH}:/home/dhruv-bansal/Documents/ros_arm/install/arm_teleop:/opt/ros/jazzy DEBUGINFOD_URLS=https://debuginfod.ubuntu.com /usr/bin/cmake --install /home/dhruv-bansal/igvc_sim_ws/build/igvc_gazebo
