[0.119s] DEBUG:colcon:Command line arguments: ['/usr/bin/colcon', 'build']
[0.119s] DEBUG:colcon:Parsed command line arguments: Namespace(log_base=None, log_level=None, verb_name='build', build_base='build', install_base='install', merge_install=False, symlink_install=False, test_result_base=None, continue_on_error=False, executor='parallel', parallel_workers=12, event_handlers=None, ignore_user_meta=False, metas=['./colcon.meta'], base_paths=['.'], packages_ignore=None, packages_ignore_regex=None, paths=None, packages_up_to=None, packages_up_to_regex=None, packages_above=None, packages_above_and_dependencies=None, packages_above_depth=None, packages_select_by_dep=None, packages_skip_by_dep=None, packages_skip_up_to=None, packages_select_build_failed=False, packages_skip_build_finished=False, packages_select_test_failures=False, packages_skip_test_passed=False, packages_select=None, packages_skip=None, packages_select_regex=None, packages_skip_regex=None, packages_start=None, packages_end=None, allow_overriding=[], cmake_args=None, cmake_target=None, cmake_target_skip_unavailable=False, cmake_clean_cache=False, cmake_clean_first=False, cmake_force_configure=False, ament_cmake_args=None, catkin_cmake_args=None, catkin_skip_building_tests=False, mixin_files=None, mixin=None, verb_parser=<colcon_mixin.mixin.mixin_argument.MixinArgumentDecorator object at 0x79c67d594380>, verb_extension=<colcon_core.verb.build.BuildVerb object at 0x79c67d54a1e0>, main=<bound method BuildVerb.main of <colcon_core.verb.build.BuildVerb object at 0x79c67d54a1e0>>, mixin_verb=('build',))
[0.166s] Level 1:colcon.colcon_core.package_discovery:discover_packages(colcon_meta) check parameters
[0.167s] Level 1:colcon.colcon_core.package_discovery:discover_packages(recursive) check parameters
[0.167s] Level 1:colcon.colcon_core.package_discovery:discover_packages(ignore) check parameters
[0.167s] Level 1:colcon.colcon_core.package_discovery:discover_packages(path) check parameters
[0.167s] Level 1:colcon.colcon_core.package_discovery:discover_packages(colcon_meta) discover
[0.167s] Level 1:colcon.colcon_core.package_discovery:discover_packages(recursive) discover
[0.167s] INFO:colcon.colcon_core.package_discovery:Crawling recursively for packages in '/home/dhruv-bansal/igvc_sim_ws'
[0.167s] Level 1:colcon.colcon_core.package_identification:_identify(.) by extensions ['ignore', 'ignore_ament_install']
[0.167s] Level 1:colcon.colcon_core.package_identification:_identify(.) by extension 'ignore'
[0.167s] Level 1:colcon.colcon_core.package_identification:_identify(.) by extension 'ignore_ament_install'
[0.167s] Level 1:colcon.colcon_core.package_identification:_identify(.) by extensions ['colcon_pkg']
[0.167s] Level 1:colcon.colcon_core.package_identification:_identify(.) by extension 'colcon_pkg'
[0.167s] Level 1:colcon.colcon_core.package_identification:_identify(.) by extensions ['colcon_meta']
[0.167s] Level 1:colcon.colcon_core.package_identification:_identify(.) by extension 'colcon_meta'
[0.167s] Level 1:colcon.colcon_core.package_identification:_identify(.) by extensions ['ros']
[0.167s] Level 1:colcon.colcon_core.package_identification:_identify(.) by extension 'ros'
[0.199s] Level 1:colcon.colcon_core.package_identification:_identify(.) by extensions ['cmake', 'python']
[0.199s] Level 1:colcon.colcon_core.package_identification:_identify(.) by extension 'cmake'
[0.199s] Level 1:colcon.colcon_core.package_identification:_identify(.) by extension 'python'
[0.199s] Level 1:colcon.colcon_core.package_identification:_identify(.) by extensions ['python_setup_py']
[0.199s] Level 1:colcon.colcon_core.package_identification:_identify(.) by extension 'python_setup_py'
[0.199s] Level 1:colcon.colcon_core.package_identification:_identify(build) by extensions ['ignore', 'ignore_ament_install']
[0.199s] Level 1:colcon.colcon_core.package_identification:_identify(build) by extension 'ignore'
[0.199s] Level 1:colcon.colcon_core.package_identification:_identify(build) ignored
[0.199s] Level 1:colcon.colcon_core.package_identification:_identify(install) by extensions ['ignore', 'ignore_ament_install']
[0.199s] Level 1:colcon.colcon_core.package_identification:_identify(install) by extension 'ignore'
[0.199s] Level 1:colcon.colcon_core.package_identification:_identify(install) ignored
[0.199s] Level 1:colcon.colcon_core.package_identification:_identify(log) by extensions ['ignore', 'ignore_ament_install']
[0.200s] Level 1:colcon.colcon_core.package_identification:_identify(log) by extension 'ignore'
[0.200s] Level 1:colcon.colcon_core.package_identification:_identify(log) ignored
[0.200s] Level 1:colcon.colcon_core.package_identification:_identify(src) by extensions ['ignore', 'ignore_ament_install']
[0.200s] Level 1:colcon.colcon_core.package_identification:_identify(src) by extension 'ignore'
[0.200s] Level 1:colcon.colcon_core.package_identification:_identify(src) by extension 'ignore_ament_install'
[0.200s] Level 1:colcon.colcon_core.package_identification:_identify(src) by extensions ['colcon_pkg']
[0.200s] Level 1:colcon.colcon_core.package_identification:_identify(src) by extension 'colcon_pkg'
[0.200s] Level 1:colcon.colcon_core.package_identification:_identify(src) by extensions ['colcon_meta']
[0.200s] Level 1:colcon.colcon_core.package_identification:_identify(src) by extension 'colcon_meta'
[0.200s] Level 1:colcon.colcon_core.package_identification:_identify(src) by extensions ['ros']
[0.200s] Level 1:colcon.colcon_core.package_identification:_identify(src) by extension 'ros'
[0.200s] Level 1:colcon.colcon_core.package_identification:_identify(src) by extensions ['cmake', 'python']
[0.200s] Level 1:colcon.colcon_core.package_identification:_identify(src) by extension 'cmake'
[0.200s] Level 1:colcon.colcon_core.package_identification:_identify(src) by extension 'python'
[0.200s] Level 1:colcon.colcon_core.package_identification:_identify(src) by extensions ['python_setup_py']
[0.200s] Level 1:colcon.colcon_core.package_identification:_identify(src) by extension 'python_setup_py'
[0.200s] Level 1:colcon.colcon_core.package_identification:_identify(src/igvc_bringup) by extensions ['ignore', 'ignore_ament_install']
[0.200s] Level 1:colcon.colcon_core.package_identification:_identify(src/igvc_bringup) by extension 'ignore'
[0.200s] Level 1:colcon.colcon_core.package_identification:_identify(src/igvc_bringup) by extension 'ignore_ament_install'
[0.200s] Level 1:colcon.colcon_core.package_identification:_identify(src/igvc_bringup) by extensions ['colcon_pkg']
[0.200s] Level 1:colcon.colcon_core.package_identification:_identify(src/igvc_bringup) by extension 'colcon_pkg'
[0.200s] Level 1:colcon.colcon_core.package_identification:_identify(src/igvc_bringup) by extensions ['colcon_meta']
[0.201s] Level 1:colcon.colcon_core.package_identification:_identify(src/igvc_bringup) by extension 'colcon_meta'
[0.201s] Level 1:colcon.colcon_core.package_identification:_identify(src/igvc_bringup) by extensions ['ros']
[0.201s] Level 1:colcon.colcon_core.package_identification:_identify(src/igvc_bringup) by extension 'ros'
[0.203s] DEBUG:colcon.colcon_core.package_identification:Package 'src/igvc_bringup' with type 'ros.ament_cmake' and name 'igvc_bringup'
[0.203s] Level 1:colcon.colcon_core.package_identification:_identify(src/igvc_description) by extensions ['ignore', 'ignore_ament_install']
[0.203s] Level 1:colcon.colcon_core.package_identification:_identify(src/igvc_description) by extension 'ignore'
[0.204s] Level 1:colcon.colcon_core.package_identification:_identify(src/igvc_description) by extension 'ignore_ament_install'
[0.204s] Level 1:colcon.colcon_core.package_identification:_identify(src/igvc_description) by extensions ['colcon_pkg']
[0.204s] Level 1:colcon.colcon_core.package_identification:_identify(src/igvc_description) by extension 'colcon_pkg'
[0.204s] Level 1:colcon.colcon_core.package_identification:_identify(src/igvc_description) by extensions ['colcon_meta']
[0.204s] Level 1:colcon.colcon_core.package_identification:_identify(src/igvc_description) by extension 'colcon_meta'
[0.204s] Level 1:colcon.colcon_core.package_identification:_identify(src/igvc_description) by extensions ['ros']
[0.204s] Level 1:colcon.colcon_core.package_identification:_identify(src/igvc_description) by extension 'ros'
[0.204s] DEBUG:colcon.colcon_core.package_identification:Package 'src/igvc_description' with type 'ros.ament_cmake' and name 'igvc_description'
[0.204s] Level 1:colcon.colcon_core.package_identification:_identify(src/igvc_gazebo) by extensions ['ignore', 'ignore_ament_install']
[0.204s] Level 1:colcon.colcon_core.package_identification:_identify(src/igvc_gazebo) by extension 'ignore'
[0.205s] Level 1:colcon.colcon_core.package_identification:_identify(src/igvc_gazebo) by extension 'ignore_ament_install'
[0.205s] Level 1:colcon.colcon_core.package_identification:_identify(src/igvc_gazebo) by extensions ['colcon_pkg']
[0.205s] Level 1:colcon.colcon_core.package_identification:_identify(src/igvc_gazebo) by extension 'colcon_pkg'
[0.205s] Level 1:colcon.colcon_core.package_identification:_identify(src/igvc_gazebo) by extensions ['colcon_meta']
[0.205s] Level 1:colcon.colcon_core.package_identification:_identify(src/igvc_gazebo) by extension 'colcon_meta'
[0.205s] Level 1:colcon.colcon_core.package_identification:_identify(src/igvc_gazebo) by extensions ['ros']
[0.205s] Level 1:colcon.colcon_core.package_identification:_identify(src/igvc_gazebo) by extension 'ros'
[0.205s] DEBUG:colcon.colcon_core.package_identification:Package 'src/igvc_gazebo' with type 'ros.ament_cmake' and name 'igvc_gazebo'
[0.205s] Level 1:colcon.colcon_core.package_discovery:discover_packages(recursive) using defaults
[0.205s] Level 1:colcon.colcon_core.package_discovery:discover_packages(ignore) discover
[0.205s] Level 1:colcon.colcon_core.package_discovery:discover_packages(ignore) using defaults
[0.205s] Level 1:colcon.colcon_core.package_discovery:discover_packages(path) discover
[0.205s] Level 1:colcon.colcon_core.package_discovery:discover_packages(path) using defaults
[0.226s] Level 1:colcon.colcon_core.package_discovery:discover_packages(prefix_path) check parameters
[0.226s] Level 1:colcon.colcon_core.package_discovery:discover_packages(prefix_path) discover
[0.229s] DEBUG:colcon.colcon_installed_package_information.package_discovery:Found 348 installed packages in /opt/ros/jazzy
[0.231s] Level 1:colcon.colcon_core.package_discovery:discover_packages(prefix_path) using defaults
[0.279s] Level 5:colcon.colcon_core.verb:set package 'igvc_bringup' build argument 'cmake_args' from command line to 'None'
[0.279s] Level 5:colcon.colcon_core.verb:set package 'igvc_bringup' build argument 'cmake_target' from command line to 'None'
[0.279s] Level 5:colcon.colcon_core.verb:set package 'igvc_bringup' build argument 'cmake_target_skip_unavailable' from command line to 'False'
[0.279s] Level 5:colcon.colcon_core.verb:set package 'igvc_bringup' build argument 'cmake_clean_cache' from command line to 'False'
[0.279s] Level 5:colcon.colcon_core.verb:set package 'igvc_bringup' build argument 'cmake_clean_first' from command line to 'False'
[0.279s] Level 5:colcon.colcon_core.verb:set package 'igvc_bringup' build argument 'cmake_force_configure' from command line to 'False'
[0.279s] Level 5:colcon.colcon_core.verb:set package 'igvc_bringup' build argument 'ament_cmake_args' from command line to 'None'
[0.279s] Level 5:colcon.colcon_core.verb:set package 'igvc_bringup' build argument 'catkin_cmake_args' from command line to 'None'
[0.279s] Level 5:colcon.colcon_core.verb:set package 'igvc_bringup' build argument 'catkin_skip_building_tests' from command line to 'False'
[0.279s] DEBUG:colcon.colcon_core.verb:Building package 'igvc_bringup' with the following arguments: {'ament_cmake_args': None, 'build_base': '/home/dhruv-bansal/igvc_sim_ws/build/igvc_bringup', 'catkin_cmake_args': None, 'catkin_skip_building_tests': False, 'cmake_args': None, 'cmake_clean_cache': False, 'cmake_clean_first': False, 'cmake_force_configure': False, 'cmake_target': None, 'cmake_target_skip_unavailable': False, 'install_base': '/home/dhruv-bansal/igvc_sim_ws/install/igvc_bringup', 'merge_install': False, 'path': '/home/dhruv-bansal/igvc_sim_ws/src/igvc_bringup', 'symlink_install': False, 'test_result_base': None}
[0.279s] Level 5:colcon.colcon_core.verb:set package 'igvc_description' build argument 'cmake_args' from command line to 'None'
[0.279s] Level 5:colcon.colcon_core.verb:set package 'igvc_description' build argument 'cmake_target' from command line to 'None'
[0.279s] Level 5:colcon.colcon_core.verb:set package 'igvc_description' build argument 'cmake_target_skip_unavailable' from command line to 'False'
[0.279s] Level 5:colcon.colcon_core.verb:set package 'igvc_description' build argument 'cmake_clean_cache' from command line to 'False'
[0.279s] Level 5:colcon.colcon_core.verb:set package 'igvc_description' build argument 'cmake_clean_first' from command line to 'False'
[0.279s] Level 5:colcon.colcon_core.verb:set package 'igvc_description' build argument 'cmake_force_configure' from command line to 'False'
[0.279s] Level 5:colcon.colcon_core.verb:set package 'igvc_description' build argument 'ament_cmake_args' from command line to 'None'
[0.279s] Level 5:colcon.colcon_core.verb:set package 'igvc_description' build argument 'catkin_cmake_args' from command line to 'None'
[0.279s] Level 5:colcon.colcon_core.verb:set package 'igvc_description' build argument 'catkin_skip_building_tests' from command line to 'False'
[0.279s] DEBUG:colcon.colcon_core.verb:Building package 'igvc_description' with the following arguments: {'ament_cmake_args': None, 'build_base': '/home/dhruv-bansal/igvc_sim_ws/build/igvc_description', 'catkin_cmake_args': None, 'catkin_skip_building_tests': False, 'cmake_args': None, 'cmake_clean_cache': False, 'cmake_clean_first': False, 'cmake_force_configure': False, 'cmake_target': None, 'cmake_target_skip_unavailable': False, 'install_base': '/home/dhruv-bansal/igvc_sim_ws/install/igvc_description', 'merge_install': False, 'path': '/home/dhruv-bansal/igvc_sim_ws/src/igvc_description', 'symlink_install': False, 'test_result_base': None}
[0.280s] Level 5:colcon.colcon_core.verb:set package 'igvc_gazebo' build argument 'cmake_args' from command line to 'None'
[0.280s] Level 5:colcon.colcon_core.verb:set package 'igvc_gazebo' build argument 'cmake_target' from command line to 'None'
[0.280s] Level 5:colcon.colcon_core.verb:set package 'igvc_gazebo' build argument 'cmake_target_skip_unavailable' from command line to 'False'
[0.280s] Level 5:colcon.colcon_core.verb:set package 'igvc_gazebo' build argument 'cmake_clean_cache' from command line to 'False'
[0.280s] Level 5:colcon.colcon_core.verb:set package 'igvc_gazebo' build argument 'cmake_clean_first' from command line to 'False'
[0.280s] Level 5:colcon.colcon_core.verb:set package 'igvc_gazebo' build argument 'cmake_force_configure' from command line to 'False'
[0.280s] Level 5:colcon.colcon_core.verb:set package 'igvc_gazebo' build argument 'ament_cmake_args' from command line to 'None'
[0.280s] Level 5:colcon.colcon_core.verb:set package 'igvc_gazebo' build argument 'catkin_cmake_args' from command line to 'None'
[0.280s] Level 5:colcon.colcon_core.verb:set package 'igvc_gazebo' build argument 'catkin_skip_building_tests' from command line to 'False'
[0.280s] DEBUG:colcon.colcon_core.verb:Building package 'igvc_gazebo' with the following arguments: {'ament_cmake_args': None, 'build_base': '/home/dhruv-bansal/igvc_sim_ws/build/igvc_gazebo', 'catkin_cmake_args': None, 'catkin_skip_building_tests': False, 'cmake_args': None, 'cmake_clean_cache': False, 'cmake_clean_first': False, 'cmake_force_configure': False, 'cmake_target': None, 'cmake_target_skip_unavailable': False, 'install_base': '/home/dhruv-bansal/igvc_sim_ws/install/igvc_gazebo', 'merge_install': False, 'path': '/home/dhruv-bansal/igvc_sim_ws/src/igvc_gazebo', 'symlink_install': False, 'test_result_base': None}
[0.280s] INFO:colcon.colcon_core.executor:Executing jobs using 'parallel' executor
[0.281s] DEBUG:colcon.colcon_parallel_executor.executor.parallel:run_until_complete
[0.281s] INFO:colcon.colcon_ros.task.ament_cmake.build:Building ROS package in '/home/dhruv-bansal/igvc_sim_ws/src/igvc_bringup' with build type 'ament_cmake'
[0.281s] INFO:colcon.colcon_cmake.task.cmake.build:Building CMake package in '/home/dhruv-bansal/igvc_sim_ws/src/igvc_bringup'
[0.284s] INFO:colcon.colcon_core.plugin_system:Skipping extension 'colcon_core.shell.bat': Not used on non-Windows systems
[0.284s] INFO:colcon.colcon_core.shell:Skip shell extension 'powershell' for command environment: Not usable outside of PowerShell
[0.284s] DEBUG:colcon.colcon_core.shell:Skip shell extension 'dsv' for command environment
[0.288s] INFO:colcon.colcon_ros.task.ament_cmake.build:Building ROS package in '/home/dhruv-bansal/igvc_sim_ws/src/igvc_description' with build type 'ament_cmake'
[0.289s] INFO:colcon.colcon_cmake.task.cmake.build:Building CMake package in '/home/dhruv-bansal/igvc_sim_ws/src/igvc_description'
[0.289s] INFO:colcon.colcon_core.shell:Skip shell extension 'powershell' for command environment: Not usable outside of PowerShell
[0.289s] DEBUG:colcon.colcon_core.shell:Skip shell extension 'dsv' for command environment
[0.293s] INFO:colcon.colcon_ros.task.ament_cmake.build:Building ROS package in '/home/dhruv-bansal/igvc_sim_ws/src/igvc_gazebo' with build type 'ament_cmake'
[0.293s] INFO:colcon.colcon_cmake.task.cmake.build:Building CMake package in '/home/dhruv-bansal/igvc_sim_ws/src/igvc_gazebo'
[0.293s] INFO:colcon.colcon_core.shell:Skip shell extension 'powershell' for command environment: Not usable outside of PowerShell
[0.293s] DEBUG:colcon.colcon_core.shell:Skip shell extension 'dsv' for command environment
[0.303s] DEBUG:colcon.colcon_core.event_handler.log_command:Invoking command in '/home/dhruv-bansal/igvc_sim_ws/build/igvc_bringup': CMAKE_PREFIX_PATH=${CMAKE_PREFIX_PATH}:/opt/ros/jazzy DEBUGINFOD_URLS=https://debuginfod.ubuntu.com /usr/bin/cmake /home/dhruv-bansal/igvc_sim_ws/src/igvc_bringup -DCMAKE_INSTALL_PREFIX=/home/dhruv-bansal/igvc_sim_ws/install/igvc_bringup
[0.306s] DEBUG:colcon.colcon_core.event_handler.log_command:Invoking command in '/home/dhruv-bansal/igvc_sim_ws/build/igvc_description': CMAKE_PREFIX_PATH=${CMAKE_PREFIX_PATH}:/opt/ros/jazzy DEBUGINFOD_URLS=https://debuginfod.ubuntu.com /usr/bin/cmake /home/dhruv-bansal/igvc_sim_ws/src/igvc_description -DCMAKE_INSTALL_PREFIX=/home/dhruv-bansal/igvc_sim_ws/install/igvc_description
[0.312s] DEBUG:colcon.colcon_core.event_handler.log_command:Invoking command in '/home/dhruv-bansal/igvc_sim_ws/build/igvc_gazebo': CMAKE_PREFIX_PATH=${CMAKE_PREFIX_PATH}:/opt/ros/jazzy DEBUGINFOD_URLS=https://debuginfod.ubuntu.com /usr/bin/cmake /home/dhruv-bansal/igvc_sim_ws/src/igvc_gazebo -DCMAKE_INSTALL_PREFIX=/home/dhruv-bansal/igvc_sim_ws/install/igvc_gazebo
[1.779s] DEBUG:colcon.colcon_core.event_handler.log_command:Invoked command in '/home/dhruv-bansal/igvc_sim_ws/build/igvc_bringup' returned '0': CMAKE_PREFIX_PATH=${CMAKE_PREFIX_PATH}:/opt/ros/jazzy DEBUGINFOD_URLS=https://debuginfod.ubuntu.com /usr/bin/cmake /home/dhruv-bansal/igvc_sim_ws/src/igvc_bringup -DCMAKE_INSTALL_PREFIX=/home/dhruv-bansal/igvc_sim_ws/install/igvc_bringup
[1.780s] DEBUG:colcon.colcon_core.event_handler.log_command:Invoking command in '/home/dhruv-bansal/igvc_sim_ws/build/igvc_bringup': CMAKE_PREFIX_PATH=${CMAKE_PREFIX_PATH}:/opt/ros/jazzy DEBUGINFOD_URLS=https://debuginfod.ubuntu.com /usr/bin/cmake --build /home/dhruv-bansal/igvc_sim_ws/build/igvc_bringup -- -j12 -l12
[1.861s] DEBUG:colcon.colcon_core.event_handler.log_command:Invoked command in '/home/dhruv-bansal/igvc_sim_ws/build/igvc_bringup' returned '0': CMAKE_PREFIX_PATH=${CMAKE_PREFIX_PATH}:/opt/ros/jazzy DEBUGINFOD_URLS=https://debuginfod.ubuntu.com /usr/bin/cmake --build /home/dhruv-bansal/igvc_sim_ws/build/igvc_bringup -- -j12 -l12
[1.883s] DEBUG:colcon.colcon_core.event_handler.log_command:Invoking command in '/home/dhruv-bansal/igvc_sim_ws/build/igvc_bringup': CMAKE_PREFIX_PATH=${CMAKE_PREFIX_PATH}:/opt/ros/jazzy DEBUGINFOD_URLS=https://debuginfod.ubuntu.com /usr/bin/cmake --install /home/dhruv-bansal/igvc_sim_ws/build/igvc_bringup
[1.910s] DEBUG:colcon.colcon_core.event_handler.log_command:Invoked command in '/home/dhruv-bansal/igvc_sim_ws/build/igvc_gazebo' returned '0': CMAKE_PREFIX_PATH=${CMAKE_PREFIX_PATH}:/opt/ros/jazzy DEBUGINFOD_URLS=https://debuginfod.ubuntu.com /usr/bin/cmake /home/dhruv-bansal/igvc_sim_ws/src/igvc_gazebo -DCMAKE_INSTALL_PREFIX=/home/dhruv-bansal/igvc_sim_ws/install/igvc_gazebo
[1.912s] DEBUG:colcon.colcon_core.event_handler.log_command:Invoking command in '/home/dhruv-bansal/igvc_sim_ws/build/igvc_gazebo': CMAKE_PREFIX_PATH=${CMAKE_PREFIX_PATH}:/opt/ros/jazzy DEBUGINFOD_URLS=https://debuginfod.ubuntu.com /usr/bin/cmake --build /home/dhruv-bansal/igvc_sim_ws/build/igvc_gazebo -- -j12 -l12
[1.913s] Level 1:colcon.colcon_core.environment:create_environment_scripts_only(igvc_bringup)
[1.914s] DEBUG:colcon.colcon_core.event_handler.log_command:Invoked command in '/home/dhruv-bansal/igvc_sim_ws/build/igvc_bringup' returned '0': CMAKE_PREFIX_PATH=${CMAKE_PREFIX_PATH}:/opt/ros/jazzy DEBUGINFOD_URLS=https://debuginfod.ubuntu.com /usr/bin/cmake --install /home/dhruv-bansal/igvc_sim_ws/build/igvc_bringup
[1.917s] Level 1:colcon.colcon_core.environment:checking '/home/dhruv-bansal/igvc_sim_ws/install/igvc_bringup' for CMake module files
[1.918s] Level 1:colcon.colcon_core.environment:checking '/home/dhruv-bansal/igvc_sim_ws/install/igvc_bringup' for CMake config files
[1.918s] Level 1:colcon.colcon_core.shell:create_environment_hook('igvc_bringup', 'cmake_prefix_path')
[1.918s] INFO:colcon.colcon_core.shell:Creating environment hook '/home/dhruv-bansal/igvc_sim_ws/install/igvc_bringup/share/igvc_bringup/hook/cmake_prefix_path.ps1'
[1.919s] INFO:colcon.colcon_core.shell:Creating environment descriptor '/home/dhruv-bansal/igvc_sim_ws/install/igvc_bringup/share/igvc_bringup/hook/cmake_prefix_path.dsv'
[1.920s] INFO:colcon.colcon_core.shell:Creating environment hook '/home/dhruv-bansal/igvc_sim_ws/install/igvc_bringup/share/igvc_bringup/hook/cmake_prefix_path.sh'
[1.921s] Level 1:colcon.colcon_core.environment:checking '/home/dhruv-bansal/igvc_sim_ws/install/igvc_bringup/bin'
[1.921s] Level 1:colcon.colcon_core.environment:checking '/home/dhruv-bansal/igvc_sim_ws/install/igvc_bringup/lib/pkgconfig/igvc_bringup.pc'
[1.921s] Level 1:colcon.colcon_core.environment:checking '/home/dhruv-bansal/igvc_sim_ws/install/igvc_bringup/lib/python3.12/site-packages'
[1.922s] Level 1:colcon.colcon_core.environment:checking '/home/dhruv-bansal/igvc_sim_ws/install/igvc_bringup/bin'
[1.922s] INFO:colcon.colcon_core.shell:Creating package script '/home/dhruv-bansal/igvc_sim_ws/install/igvc_bringup/share/igvc_bringup/package.ps1'
[1.923s] INFO:colcon.colcon_core.shell:Creating package descriptor '/home/dhruv-bansal/igvc_sim_ws/install/igvc_bringup/share/igvc_bringup/package.dsv'
[1.923s] INFO:colcon.colcon_core.shell:Creating package script '/home/dhruv-bansal/igvc_sim_ws/install/igvc_bringup/share/igvc_bringup/package.sh'
[1.924s] INFO:colcon.colcon_core.shell:Creating package script '/home/dhruv-bansal/igvc_sim_ws/install/igvc_bringup/share/igvc_bringup/package.bash'
[1.925s] INFO:colcon.colcon_core.shell:Creating package script '/home/dhruv-bansal/igvc_sim_ws/install/igvc_bringup/share/igvc_bringup/package.zsh'
[1.925s] Level 1:colcon.colcon_core.environment:create_file_with_runtime_dependencies(/home/dhruv-bansal/igvc_sim_ws/install/igvc_bringup/share/colcon-core/packages/igvc_bringup)
[1.926s] Level 1:colcon.colcon_core.environment:create_environment_scripts_only(igvc_bringup)
[1.926s] Level 1:colcon.colcon_core.environment:checking '/home/dhruv-bansal/igvc_sim_ws/install/igvc_bringup' for CMake module files
[1.927s] Level 1:colcon.colcon_core.environment:checking '/home/dhruv-bansal/igvc_sim_ws/install/igvc_bringup' for CMake config files
[1.927s] Level 1:colcon.colcon_core.shell:create_environment_hook('igvc_bringup', 'cmake_prefix_path')
[1.927s] INFO:colcon.colcon_core.shell:Creating environment hook '/home/dhruv-bansal/igvc_sim_ws/install/igvc_bringup/share/igvc_bringup/hook/cmake_prefix_path.ps1'
[1.927s] INFO:colcon.colcon_core.shell:Creating environment descriptor '/home/dhruv-bansal/igvc_sim_ws/install/igvc_bringup/share/igvc_bringup/hook/cmake_prefix_path.dsv'
[1.928s] INFO:colcon.colcon_core.shell:Creating environment hook '/home/dhruv-bansal/igvc_sim_ws/install/igvc_bringup/share/igvc_bringup/hook/cmake_prefix_path.sh'
[1.928s] Level 1:colcon.colcon_core.environment:checking '/home/dhruv-bansal/igvc_sim_ws/install/igvc_bringup/bin'
[1.928s] Level 1:colcon.colcon_core.environment:checking '/home/dhruv-bansal/igvc_sim_ws/install/igvc_bringup/lib/pkgconfig/igvc_bringup.pc'
[1.929s] Level 1:colcon.colcon_core.environment:checking '/home/dhruv-bansal/igvc_sim_ws/install/igvc_bringup/lib/python3.12/site-packages'
[1.929s] Level 1:colcon.colcon_core.environment:checking '/home/dhruv-bansal/igvc_sim_ws/install/igvc_bringup/bin'
[1.929s] INFO:colcon.colcon_core.shell:Creating package script '/home/dhruv-bansal/igvc_sim_ws/install/igvc_bringup/share/igvc_bringup/package.ps1'
[1.930s] INFO:colcon.colcon_core.shell:Creating package descriptor '/home/dhruv-bansal/igvc_sim_ws/install/igvc_bringup/share/igvc_bringup/package.dsv'
[1.930s] INFO:colcon.colcon_core.shell:Creating package script '/home/dhruv-bansal/igvc_sim_ws/install/igvc_bringup/share/igvc_bringup/package.sh'
[1.931s] INFO:colcon.colcon_core.shell:Creating package script '/home/dhruv-bansal/igvc_sim_ws/install/igvc_bringup/share/igvc_bringup/package.bash'
[1.931s] INFO:colcon.colcon_core.shell:Creating package script '/home/dhruv-bansal/igvc_sim_ws/install/igvc_bringup/share/igvc_bringup/package.zsh'
[1.931s] Level 1:colcon.colcon_core.environment:create_file_with_runtime_dependencies(/home/dhruv-bansal/igvc_sim_ws/install/igvc_bringup/share/colcon-core/packages/igvc_bringup)
[1.977s] DEBUG:colcon.colcon_core.event_handler.log_command:Invoked command in '/home/dhruv-bansal/igvc_sim_ws/build/igvc_description' returned '0': CMAKE_PREFIX_PATH=${CMAKE_PREFIX_PATH}:/opt/ros/jazzy DEBUGINFOD_URLS=https://debuginfod.ubuntu.com /usr/bin/cmake /home/dhruv-bansal/igvc_sim_ws/src/igvc_description -DCMAKE_INSTALL_PREFIX=/home/dhruv-bansal/igvc_sim_ws/install/igvc_description
[1.978s] DEBUG:colcon.colcon_core.event_handler.log_command:Invoking command in '/home/dhruv-bansal/igvc_sim_ws/build/igvc_description': CMAKE_PREFIX_PATH=${CMAKE_PREFIX_PATH}:/opt/ros/jazzy DEBUGINFOD_URLS=https://debuginfod.ubuntu.com /usr/bin/cmake --build /home/dhruv-bansal/igvc_sim_ws/build/igvc_description -- -j12 -l12
[1.986s] DEBUG:colcon.colcon_core.event_handler.log_command:Invoked command in '/home/dhruv-bansal/igvc_sim_ws/build/igvc_gazebo' returned '0': CMAKE_PREFIX_PATH=${CMAKE_PREFIX_PATH}:/opt/ros/jazzy DEBUGINFOD_URLS=https://debuginfod.ubuntu.com /usr/bin/cmake --build /home/dhruv-bansal/igvc_sim_ws/build/igvc_gazebo -- -j12 -l12
[1.988s] DEBUG:colcon.colcon_core.event_handler.log_command:Invoking command in '/home/dhruv-bansal/igvc_sim_ws/build/igvc_gazebo': CMAKE_PREFIX_PATH=${CMAKE_PREFIX_PATH}:/opt/ros/jazzy DEBUGINFOD_URLS=https://debuginfod.ubuntu.com /usr/bin/cmake --install /home/dhruv-bansal/igvc_sim_ws/build/igvc_gazebo
[2.012s] Level 1:colcon.colcon_core.environment:create_environment_scripts_only(igvc_gazebo)
[2.013s] Level 1:colcon.colcon_core.environment:checking '/home/dhruv-bansal/igvc_sim_ws/install/igvc_gazebo' for CMake module files
[2.014s] DEBUG:colcon.colcon_core.event_handler.log_command:Invoked command in '/home/dhruv-bansal/igvc_sim_ws/build/igvc_gazebo' returned '0': CMAKE_PREFIX_PATH=${CMAKE_PREFIX_PATH}:/opt/ros/jazzy DEBUGINFOD_URLS=https://debuginfod.ubuntu.com /usr/bin/cmake --install /home/dhruv-bansal/igvc_sim_ws/build/igvc_gazebo
[2.015s] Level 1:colcon.colcon_core.environment:checking '/home/dhruv-bansal/igvc_sim_ws/install/igvc_gazebo' for CMake config files
[2.015s] Level 1:colcon.colcon_core.shell:create_environment_hook('igvc_gazebo', 'cmake_prefix_path')
[2.015s] INFO:colcon.colcon_core.shell:Creating environment hook '/home/dhruv-bansal/igvc_sim_ws/install/igvc_gazebo/share/igvc_gazebo/hook/cmake_prefix_path.ps1'
[2.016s] INFO:colcon.colcon_core.shell:Creating environment descriptor '/home/dhruv-bansal/igvc_sim_ws/install/igvc_gazebo/share/igvc_gazebo/hook/cmake_prefix_path.dsv'
[2.017s] INFO:colcon.colcon_core.shell:Creating environment hook '/home/dhruv-bansal/igvc_sim_ws/install/igvc_gazebo/share/igvc_gazebo/hook/cmake_prefix_path.sh'
[2.018s] Level 1:colcon.colcon_core.environment:checking '/home/dhruv-bansal/igvc_sim_ws/install/igvc_gazebo/bin'
[2.018s] Level 1:colcon.colcon_core.environment:checking '/home/dhruv-bansal/igvc_sim_ws/install/igvc_gazebo/lib/pkgconfig/igvc_gazebo.pc'
[2.018s] Level 1:colcon.colcon_core.environment:checking '/home/dhruv-bansal/igvc_sim_ws/install/igvc_gazebo/lib/python3.12/site-packages'
[2.019s] Level 1:colcon.colcon_core.environment:checking '/home/dhruv-bansal/igvc_sim_ws/install/igvc_gazebo/bin'
[2.019s] INFO:colcon.colcon_core.shell:Creating package script '/home/dhruv-bansal/igvc_sim_ws/install/igvc_gazebo/share/igvc_gazebo/package.ps1'
[2.020s] INFO:colcon.colcon_core.shell:Creating package descriptor '/home/dhruv-bansal/igvc_sim_ws/install/igvc_gazebo/share/igvc_gazebo/package.dsv'
[2.020s] INFO:colcon.colcon_core.shell:Creating package script '/home/dhruv-bansal/igvc_sim_ws/install/igvc_gazebo/share/igvc_gazebo/package.sh'
[2.021s] INFO:colcon.colcon_core.shell:Creating package script '/home/dhruv-bansal/igvc_sim_ws/install/igvc_gazebo/share/igvc_gazebo/package.bash'
[2.021s] INFO:colcon.colcon_core.shell:Creating package script '/home/dhruv-bansal/igvc_sim_ws/install/igvc_gazebo/share/igvc_gazebo/package.zsh'
[2.022s] Level 1:colcon.colcon_core.environment:create_file_with_runtime_dependencies(/home/dhruv-bansal/igvc_sim_ws/install/igvc_gazebo/share/colcon-core/packages/igvc_gazebo)
[2.023s] Level 1:colcon.colcon_core.environment:create_environment_scripts_only(igvc_gazebo)
[2.023s] Level 1:colcon.colcon_core.environment:checking '/home/dhruv-bansal/igvc_sim_ws/install/igvc_gazebo' for CMake module files
[2.023s] Level 1:colcon.colcon_core.environment:checking '/home/dhruv-bansal/igvc_sim_ws/install/igvc_gazebo' for CMake config files
[2.024s] Level 1:colcon.colcon_core.shell:create_environment_hook('igvc_gazebo', 'cmake_prefix_path')
[2.024s] INFO:colcon.colcon_core.shell:Creating environment hook '/home/dhruv-bansal/igvc_sim_ws/install/igvc_gazebo/share/igvc_gazebo/hook/cmake_prefix_path.ps1'
[2.025s] INFO:colcon.colcon_core.shell:Creating environment descriptor '/home/dhruv-bansal/igvc_sim_ws/install/igvc_gazebo/share/igvc_gazebo/hook/cmake_prefix_path.dsv'
[2.025s] INFO:colcon.colcon_core.shell:Creating environment hook '/home/dhruv-bansal/igvc_sim_ws/install/igvc_gazebo/share/igvc_gazebo/hook/cmake_prefix_path.sh'
[2.026s] Level 1:colcon.colcon_core.environment:checking '/home/dhruv-bansal/igvc_sim_ws/install/igvc_gazebo/bin'
[2.026s] Level 1:colcon.colcon_core.environment:checking '/home/dhruv-bansal/igvc_sim_ws/install/igvc_gazebo/lib/pkgconfig/igvc_gazebo.pc'
[2.026s] Level 1:colcon.colcon_core.environment:checking '/home/dhruv-bansal/igvc_sim_ws/install/igvc_gazebo/lib/python3.12/site-packages'
[2.027s] Level 1:colcon.colcon_core.environment:checking '/home/dhruv-bansal/igvc_sim_ws/install/igvc_gazebo/bin'
[2.027s] INFO:colcon.colcon_core.shell:Creating package script '/home/dhruv-bansal/igvc_sim_ws/install/igvc_gazebo/share/igvc_gazebo/package.ps1'
[2.028s] INFO:colcon.colcon_core.shell:Creating package descriptor '/home/dhruv-bansal/igvc_sim_ws/install/igvc_gazebo/share/igvc_gazebo/package.dsv'
[2.028s] INFO:colcon.colcon_core.shell:Creating package script '/home/dhruv-bansal/igvc_sim_ws/install/igvc_gazebo/share/igvc_gazebo/package.sh'
[2.029s] INFO:colcon.colcon_core.shell:Creating package script '/home/dhruv-bansal/igvc_sim_ws/install/igvc_gazebo/share/igvc_gazebo/package.bash'
[2.029s] INFO:colcon.colcon_core.shell:Creating package script '/home/dhruv-bansal/igvc_sim_ws/install/igvc_gazebo/share/igvc_gazebo/package.zsh'
[2.030s] Level 1:colcon.colcon_core.environment:create_file_with_runtime_dependencies(/home/dhruv-bansal/igvc_sim_ws/install/igvc_gazebo/share/colcon-core/packages/igvc_gazebo)
[2.055s] DEBUG:colcon.colcon_core.event_handler.log_command:Invoked command in '/home/dhruv-bansal/igvc_sim_ws/build/igvc_description' returned '0': CMAKE_PREFIX_PATH=${CMAKE_PREFIX_PATH}:/opt/ros/jazzy DEBUGINFOD_URLS=https://debuginfod.ubuntu.com /usr/bin/cmake --build /home/dhruv-bansal/igvc_sim_ws/build/igvc_description -- -j12 -l12
[2.056s] DEBUG:colcon.colcon_core.event_handler.log_command:Invoking command in '/home/dhruv-bansal/igvc_sim_ws/build/igvc_description': CMAKE_PREFIX_PATH=${CMAKE_PREFIX_PATH}:/opt/ros/jazzy DEBUGINFOD_URLS=https://debuginfod.ubuntu.com /usr/bin/cmake --install /home/dhruv-bansal/igvc_sim_ws/build/igvc_description
[2.073s] Level 1:colcon.colcon_core.environment:create_environment_scripts_only(igvc_description)
[2.073s] DEBUG:colcon.colcon_core.event_handler.log_command:Invoked command in '/home/dhruv-bansal/igvc_sim_ws/build/igvc_description' returned '0': CMAKE_PREFIX_PATH=${CMAKE_PREFIX_PATH}:/opt/ros/jazzy DEBUGINFOD_URLS=https://debuginfod.ubuntu.com /usr/bin/cmake --install /home/dhruv-bansal/igvc_sim_ws/build/igvc_description
[2.074s] Level 1:colcon.colcon_core.environment:checking '/home/dhruv-bansal/igvc_sim_ws/install/igvc_description' for CMake module files
[2.075s] Level 1:colcon.colcon_core.environment:checking '/home/dhruv-bansal/igvc_sim_ws/install/igvc_description' for CMake config files
[2.075s] Level 1:colcon.colcon_core.shell:create_environment_hook('igvc_description', 'cmake_prefix_path')
[2.075s] INFO:colcon.colcon_core.shell:Creating environment hook '/home/dhruv-bansal/igvc_sim_ws/install/igvc_description/share/igvc_description/hook/cmake_prefix_path.ps1'
[2.076s] INFO:colcon.colcon_core.shell:Creating environment descriptor '/home/dhruv-bansal/igvc_sim_ws/install/igvc_description/share/igvc_description/hook/cmake_prefix_path.dsv'
[2.076s] INFO:colcon.colcon_core.shell:Creating environment hook '/home/dhruv-bansal/igvc_sim_ws/install/igvc_description/share/igvc_description/hook/cmake_prefix_path.sh'
[2.077s] Level 1:colcon.colcon_core.environment:checking '/home/dhruv-bansal/igvc_sim_ws/install/igvc_description/bin'
[2.077s] Level 1:colcon.colcon_core.environment:checking '/home/dhruv-bansal/igvc_sim_ws/install/igvc_description/lib/pkgconfig/igvc_description.pc'
[2.078s] Level 1:colcon.colcon_core.environment:checking '/home/dhruv-bansal/igvc_sim_ws/install/igvc_description/lib/python3.12/site-packages'
[2.079s] Level 1:colcon.colcon_core.environment:checking '/home/dhruv-bansal/igvc_sim_ws/install/igvc_description/bin'
[2.079s] INFO:colcon.colcon_core.shell:Creating package script '/home/dhruv-bansal/igvc_sim_ws/install/igvc_description/share/igvc_description/package.ps1'
[2.080s] INFO:colcon.colcon_core.shell:Creating package descriptor '/home/dhruv-bansal/igvc_sim_ws/install/igvc_description/share/igvc_description/package.dsv'
[2.081s] INFO:colcon.colcon_core.shell:Creating package script '/home/dhruv-bansal/igvc_sim_ws/install/igvc_description/share/igvc_description/package.sh'
[2.081s] INFO:colcon.colcon_core.shell:Creating package script '/home/dhruv-bansal/igvc_sim_ws/install/igvc_description/share/igvc_description/package.bash'
[2.082s] INFO:colcon.colcon_core.shell:Creating package script '/home/dhruv-bansal/igvc_sim_ws/install/igvc_description/share/igvc_description/package.zsh'
[2.082s] Level 1:colcon.colcon_core.environment:create_file_with_runtime_dependencies(/home/dhruv-bansal/igvc_sim_ws/install/igvc_description/share/colcon-core/packages/igvc_description)
[2.083s] Level 1:colcon.colcon_core.environment:create_environment_scripts_only(igvc_description)
[2.083s] Level 1:colcon.colcon_core.environment:checking '/home/dhruv-bansal/igvc_sim_ws/install/igvc_description' for CMake module files
[2.084s] Level 1:colcon.colcon_core.environment:checking '/home/dhruv-bansal/igvc_sim_ws/install/igvc_description' for CMake config files
[2.084s] Level 1:colcon.colcon_core.shell:create_environment_hook('igvc_description', 'cmake_prefix_path')
[2.084s] INFO:colcon.colcon_core.shell:Creating environment hook '/home/dhruv-bansal/igvc_sim_ws/install/igvc_description/share/igvc_description/hook/cmake_prefix_path.ps1'
[2.085s] INFO:colcon.colcon_core.shell:Creating environment descriptor '/home/dhruv-bansal/igvc_sim_ws/install/igvc_description/share/igvc_description/hook/cmake_prefix_path.dsv'
[2.085s] INFO:colcon.colcon_core.shell:Creating environment hook '/home/dhruv-bansal/igvc_sim_ws/install/igvc_description/share/igvc_description/hook/cmake_prefix_path.sh'
[2.086s] Level 1:colcon.colcon_core.environment:checking '/home/dhruv-bansal/igvc_sim_ws/install/igvc_description/bin'
[2.086s] Level 1:colcon.colcon_core.environment:checking '/home/dhruv-bansal/igvc_sim_ws/install/igvc_description/lib/pkgconfig/igvc_description.pc'
[2.086s] Level 1:colcon.colcon_core.environment:checking '/home/dhruv-bansal/igvc_sim_ws/install/igvc_description/lib/python3.12/site-packages'
[2.087s] Level 1:colcon.colcon_core.environment:checking '/home/dhruv-bansal/igvc_sim_ws/install/igvc_description/bin'
[2.087s] INFO:colcon.colcon_core.shell:Creating package script '/home/dhruv-bansal/igvc_sim_ws/install/igvc_description/share/igvc_description/package.ps1'
[2.088s] INFO:colcon.colcon_core.shell:Creating package descriptor '/home/dhruv-bansal/igvc_sim_ws/install/igvc_description/share/igvc_description/package.dsv'
[2.089s] INFO:colcon.colcon_core.shell:Creating package script '/home/dhruv-bansal/igvc_sim_ws/install/igvc_description/share/igvc_description/package.sh'
[2.089s] INFO:colcon.colcon_core.shell:Creating package script '/home/dhruv-bansal/igvc_sim_ws/install/igvc_description/share/igvc_description/package.bash'
[2.090s] INFO:colcon.colcon_core.shell:Creating package script '/home/dhruv-bansal/igvc_sim_ws/install/igvc_description/share/igvc_description/package.zsh'
[2.090s] Level 1:colcon.colcon_core.environment:create_file_with_runtime_dependencies(/home/dhruv-bansal/igvc_sim_ws/install/igvc_description/share/colcon-core/packages/igvc_description)
[2.090s] DEBUG:colcon.colcon_parallel_executor.executor.parallel:closing loop
[2.090s] DEBUG:colcon.colcon_parallel_executor.executor.parallel:loop closed
[2.091s] DEBUG:colcon.colcon_parallel_executor.executor.parallel:run_until_complete finished with '0'
[2.091s] DEBUG:colcon.colcon_core.event_reactor:joining thread
[2.101s] INFO:colcon.colcon_core.plugin_system:Skipping extension 'colcon_notification.desktop_notification.terminal_notifier': Not used on non-Darwin systems
[2.101s] INFO:colcon.colcon_core.plugin_system:Skipping extension 'colcon_notification.desktop_notification.win32': Not used on non-Windows systems
[2.102s] INFO:colcon.colcon_notification.desktop_notification:Sending desktop notification using 'notify2'
[2.127s] DEBUG:colcon.colcon_core.event_reactor:joined thread
[2.128s] INFO:colcon.colcon_core.shell:Creating prefix script '/home/dhruv-bansal/igvc_sim_ws/install/local_setup.ps1'
[2.129s] INFO:colcon.colcon_core.shell:Creating prefix util module '/home/dhruv-bansal/igvc_sim_ws/install/_local_setup_util_ps1.py'
[2.130s] INFO:colcon.colcon_core.shell:Creating prefix chain script '/home/dhruv-bansal/igvc_sim_ws/install/setup.ps1'
[2.132s] INFO:colcon.colcon_core.shell:Creating prefix script '/home/dhruv-bansal/igvc_sim_ws/install/local_setup.sh'
[2.132s] INFO:colcon.colcon_core.shell:Creating prefix util module '/home/dhruv-bansal/igvc_sim_ws/install/_local_setup_util_sh.py'
[2.133s] INFO:colcon.colcon_core.shell:Creating prefix chain script '/home/dhruv-bansal/igvc_sim_ws/install/setup.sh'
[2.134s] INFO:colcon.colcon_core.shell:Creating prefix script '/home/dhruv-bansal/igvc_sim_ws/install/local_setup.bash'
[2.135s] INFO:colcon.colcon_core.shell:Creating prefix chain script '/home/dhruv-bansal/igvc_sim_ws/install/setup.bash'
[2.136s] INFO:colcon.colcon_core.shell:Creating prefix script '/home/dhruv-bansal/igvc_sim_ws/install/local_setup.zsh'
[2.137s] INFO:colcon.colcon_core.shell:Creating prefix chain script '/home/dhruv-bansal/igvc_sim_ws/install/setup.zsh'
