[0.012s] Invoking command in '/home/dhruv-bansal/igvc_sim_ws/build/igvc_description': CMAKE_PREFIX_PATH=${CMAKE_PREFIX_PATH}:/home/dhruv-bansal/Documents/ros_arm/install/arm_teleop:/opt/ros/jazzy DEBUGINFOD_URLS=https://debuginfod.ubuntu.com /usr/bin/cmake /home/dhruv-bansal/igvc_sim_ws/src/igvc_description -DCMAKE_INSTALL_PREFIX=/home/dhruv-bansal/igvc_sim_ws/install/igvc_description
[0.072s] -- The C compiler identification is GNU 13.3.0
[0.137s] -- The CXX compiler identification is GNU 13.3.0
[0.153s] -- Detecting C compiler ABI info
[0.234s] -- Detecting C compiler ABI info - done
[0.244s] -- Check for working C compiler: /usr/bin/cc - skipped
[0.244s] -- Detecting C compile features
[0.245s] -- Detecting C compile features - done
[0.255s] -- Detecting CXX compiler ABI info
[0.424s] -- Detecting CXX compiler ABI info - done
[0.431s] -- Check for working CXX compiler: /usr/bin/c++ - skipped
[0.431s] -- Detecting CXX compile features
[0.431s] -- Detecting CXX compile features - done
[0.434s] -- Found ament_cmake: 2.5.4 (/opt/ros/jazzy/share/ament_cmake/cmake)
[0.616s] -- Found Python3: /usr/bin/python3 (found version "3.12.3") found components: Interpreter 
[0.764s] -- Found ament_lint_auto: 0.17.3 (/opt/ros/jazzy/share/ament_lint_auto/cmake)
[0.881s] -- Added test 'lint_cmake' to check CMake code style
[0.882s] -- Added test 'xmllint' to check XML markup files
[0.883s] -- Configuring done (0.9s)
[0.886s] -- Generating done (0.0s)
[0.887s] -- Build files have been written to: /home/dhruv-bansal/igvc_sim_ws/build/igvc_description
[0.910s] Invoked command in '/home/dhruv-bansal/igvc_sim_ws/build/igvc_description' returned '0': CMAKE_PREFIX_PATH=${CMAKE_PREFIX_PATH}:/home/dhruv-bansal/Documents/ros_arm/install/arm_teleop:/opt/ros/jazzy DEBUGINFOD_URLS=https://debuginfod.ubuntu.com /usr/bin/cmake /home/dhruv-bansal/igvc_sim_ws/src/igvc_description -DCMAKE_INSTALL_PREFIX=/home/dhruv-bansal/igvc_sim_ws/install/igvc_description
[0.911s] Invoking command in '/home/dhruv-bansal/igvc_sim_ws/build/igvc_description': CMAKE_PREFIX_PATH=${CMAKE_PREFIX_PATH}:/home/dhruv-bansal/Documents/ros_arm/install/arm_teleop:/opt/ros/jazzy DEBUGINFOD_URLS=https://debuginfod.ubuntu.com /usr/bin/cmake --build /home/dhruv-bansal/igvc_sim_ws/build/igvc_description -- -j12 -l12
[0.958s] Invoked command in '/home/dhruv-bansal/igvc_sim_ws/build/igvc_description' returned '0': CMAKE_PREFIX_PATH=${CMAKE_PREFIX_PATH}:/home/dhruv-bansal/Documents/ros_arm/install/arm_teleop:/opt/ros/jazzy DEBUGINFOD_URLS=https://debuginfod.ubuntu.com /usr/bin/cmake --build /home/dhruv-bansal/igvc_sim_ws/build/igvc_description -- -j12 -l12
[0.961s] Invoking command in '/home/dhruv-bansal/igvc_sim_ws/build/igvc_description': CMAKE_PREFIX_PATH=${CMAKE_PREFIX_PATH}:/home/dhruv-bansal/Documents/ros_arm/install/arm_teleop:/opt/ros/jazzy DEBUGINFOD_URLS=https://debuginfod.ubuntu.com /usr/bin/cmake --install /home/dhruv-bansal/igvc_sim_ws/build/igvc_description
[0.970s] -- Install configuration: ""
[0.970s] -- Installing: /home/dhruv-bansal/igvc_sim_ws/install/igvc_description/share/igvc_description/urdf
[0.970s] -- Installing: /home/dhruv-bansal/igvc_sim_ws/install/igvc_description/share/igvc_description/urdf/wheels.xacro
[0.970s] -- Installing: /home/dhruv-bansal/igvc_sim_ws/install/igvc_description/share/igvc_description/urdf/sensors.xacro
[0.970s] -- Installing: /home/dhruv-bansal/igvc_sim_ws/install/igvc_description/share/igvc_description/urdf/gazebo_plugins.xacro
[0.970s] -- Installing: /home/dhruv-bansal/igvc_sim_ws/install/igvc_description/share/igvc_description/urdf/robot.xacro
[0.970s] -- Installing: /home/dhruv-bansal/igvc_sim_ws/install/igvc_description/share/igvc_description/urdf/base.xacro
[0.971s] -- Installing: /home/dhruv-bansal/igvc_sim_ws/install/igvc_description/share/igvc_description/urdf/robot.urdf
[0.971s] -- Installing: /home/dhruv-bansal/igvc_sim_ws/install/igvc_description/share/ament_index/resource_index/package_run_dependencies/igvc_description
[0.971s] -- Installing: /home/dhruv-bansal/igvc_sim_ws/install/igvc_description/share/ament_index/resource_index/parent_prefix_path/igvc_description
[0.971s] -- Installing: /home/dhruv-bansal/igvc_sim_ws/install/igvc_description/share/igvc_description/environment/ament_prefix_path.sh
[0.971s] -- Installing: /home/dhruv-bansal/igvc_sim_ws/install/igvc_description/share/igvc_description/environment/ament_prefix_path.dsv
[0.971s] -- Installing: /home/dhruv-bansal/igvc_sim_ws/install/igvc_description/share/igvc_description/environment/path.sh
[0.971s] -- Installing: /home/dhruv-bansal/igvc_sim_ws/install/igvc_description/share/igvc_description/environment/path.dsv
[0.971s] -- Installing: /home/dhruv-bansal/igvc_sim_ws/install/igvc_description/share/igvc_description/local_setup.bash
[0.972s] -- Installing: /home/dhruv-bansal/igvc_sim_ws/install/igvc_description/share/igvc_description/local_setup.sh
[0.972s] -- Installing: /home/dhruv-bansal/igvc_sim_ws/install/igvc_description/share/igvc_description/local_setup.zsh
[0.972s] -- Installing: /home/dhruv-bansal/igvc_sim_ws/install/igvc_description/share/igvc_description/local_setup.dsv
[0.972s] -- Installing: /home/dhruv-bansal/igvc_sim_ws/install/igvc_description/share/igvc_description/package.dsv
[0.972s] -- Installing: /home/dhruv-bansal/igvc_sim_ws/install/igvc_description/share/ament_index/resource_index/packages/igvc_description
[0.972s] -- Installing: /home/dhruv-bansal/igvc_sim_ws/install/igvc_description/share/igvc_description/cmake/igvc_descriptionConfig.cmake
[0.972s] -- Installing: /home/dhruv-bansal/igvc_sim_ws/install/igvc_description/share/igvc_description/cmake/igvc_descriptionConfig-version.cmake
[0.973s] -- Installing: /home/dhruv-bansal/igvc_sim_ws/install/igvc_description/share/igvc_description/package.xml
[0.973s] Invoked command in '/home/dhruv-bansal/igvc_sim_ws/build/igvc_description' returned '0': CMAKE_PREFIX_PATH=${CMAKE_PREFIX_PATH}:/home/dhruv-bansal/Documents/ros_arm/install/arm_teleop:/opt/ros/jazzy DEBUGINFOD_URLS=https://debuginfod.ubuntu.com /usr/bin/cmake --install /home/dhruv-bansal/igvc_sim_ws/build/igvc_description
