[0.118s] DEBUG:colcon:Command line arguments: ['/usr/bin/colcon', 'build']
[0.119s] DEBUG:colcon:Parsed command line arguments: Namespace(log_base=None, log_level=None, verb_name='build', build_base='build', install_base='install', merge_install=False, symlink_install=False, test_result_base=None, continue_on_error=False, executor='parallel', parallel_workers=12, event_handlers=None, ignore_user_meta=False, metas=['./colcon.meta'], base_paths=['.'], packages_ignore=None, packages_ignore_regex=None, paths=None, packages_up_to=None, packages_up_to_regex=None, packages_above=None, packages_above_and_dependencies=None, packages_above_depth=None, packages_select_by_dep=None, packages_skip_by_dep=None, packages_skip_up_to=None, packages_select_build_failed=False, packages_skip_build_finished=False, packages_select_test_failures=False, packages_skip_test_passed=False, packages_select=None, packages_skip=None, packages_select_regex=None, packages_skip_regex=None, packages_start=None, packages_end=None, allow_overriding=[], cmake_args=None, cmake_target=None, cmake_target_skip_unavailable=False, cmake_clean_cache=False, cmake_clean_first=False, cmake_force_configure=False, ament_cmake_args=None, catkin_cmake_args=None, catkin_skip_building_tests=False, mixin_files=None, mixin=None, verb_parser=<colcon_mixin.mixin.mixin_argument.MixinArgumentDecorator object at 0x7a3c1c6a8650>, verb_extension=<colcon_core.verb.build.BuildVerb object at 0x7a3c1c744cb0>, main=<bound method BuildVerb.main of <colcon_core.verb.build.BuildVerb object at 0x7a3c1c744cb0>>, mixin_verb=('build',))
[0.165s] Level 1:colcon.colcon_core.package_discovery:discover_packages(colcon_meta) check parameters
[0.165s] Level 1:colcon.colcon_core.package_discovery:discover_packages(recursive) check parameters
[0.165s] Level 1:colcon.colcon_core.package_discovery:discover_packages(ignore) check parameters
[0.165s] Level 1:colcon.colcon_core.package_discovery:discover_packages(path) check parameters
[0.165s] Level 1:colcon.colcon_core.package_discovery:discover_packages(colcon_meta) discover
[0.165s] Level 1:colcon.colcon_core.package_discovery:discover_packages(recursive) discover
[0.165s] INFO:colcon.colcon_core.package_discovery:Crawling recursively for packages in '/home/dhruv-bansal/igvc_sim_ws'
[0.165s] Level 1:colcon.colcon_core.package_identification:_identify(.) by extensions ['ignore', 'ignore_ament_install']
[0.166s] Level 1:colcon.colcon_core.package_identification:_identify(.) by extension 'ignore'
[0.166s] Level 1:colcon.colcon_core.package_identification:_identify(.) by extension 'ignore_ament_install'
[0.166s] Level 1:colcon.colcon_core.package_identification:_identify(.) by extensions ['colcon_pkg']
[0.166s] Level 1:colcon.colcon_core.package_identification:_identify(.) by extension 'colcon_pkg'
[0.166s] Level 1:colcon.colcon_core.package_identification:_identify(.) by extensions ['colcon_meta']
[0.166s] Level 1:colcon.colcon_core.package_identification:_identify(.) by extension 'colcon_meta'
[0.166s] Level 1:colcon.colcon_core.package_identification:_identify(.) by extensions ['ros']
[0.166s] Level 1:colcon.colcon_core.package_identification:_identify(.) by extension 'ros'
[0.196s] Level 1:colcon.colcon_core.package_identification:_identify(.) by extensions ['cmake', 'python']
[0.196s] Level 1:colcon.colcon_core.package_identification:_identify(.) by extension 'cmake'
[0.196s] Level 1:colcon.colcon_core.package_identification:_identify(.) by extension 'python'
[0.196s] Level 1:colcon.colcon_core.package_identification:_identify(.) by extensions ['python_setup_py']
[0.196s] Level 1:colcon.colcon_core.package_identification:_identify(.) by extension 'python_setup_py'
[0.196s] Level 1:colcon.colcon_core.package_identification:_identify(build) by extensions ['ignore', 'ignore_ament_install']
[0.196s] Level 1:colcon.colcon_core.package_identification:_identify(build) by extension 'ignore'
[0.196s] Level 1:colcon.colcon_core.package_identification:_identify(build) ignored
[0.196s] Level 1:colcon.colcon_core.package_identification:_identify(install) by extensions ['ignore', 'ignore_ament_install']
[0.196s] Level 1:colcon.colcon_core.package_identification:_identify(install) by extension 'ignore'
[0.196s] Level 1:colcon.colcon_core.package_identification:_identify(install) ignored
[0.197s] Level 1:colcon.colcon_core.package_identification:_identify(log) by extensions ['ignore', 'ignore_ament_install']
[0.197s] Level 1:colcon.colcon_core.package_identification:_identify(log) by extension 'ignore'
[0.197s] Level 1:colcon.colcon_core.package_identification:_identify(log) ignored
[0.197s] Level 1:colcon.colcon_core.package_identification:_identify(src) by extensions ['ignore', 'ignore_ament_install']
[0.197s] Level 1:colcon.colcon_core.package_identification:_identify(src) by extension 'ignore'
[0.197s] Level 1:colcon.colcon_core.package_identification:_identify(src) by extension 'ignore_ament_install'
[0.197s] Level 1:colcon.colcon_core.package_identification:_identify(src) by extensions ['colcon_pkg']
[0.197s] Level 1:colcon.colcon_core.package_identification:_identify(src) by extension 'colcon_pkg'
[0.197s] Level 1:colcon.colcon_core.package_identification:_identify(src) by extensions ['colcon_meta']
[0.197s] Level 1:colcon.colcon_core.package_identification:_identify(src) by extension 'colcon_meta'
[0.197s] Level 1:colcon.colcon_core.package_identification:_identify(src) by extensions ['ros']
[0.197s] Level 1:colcon.colcon_core.package_identification:_identify(src) by extension 'ros'
[0.197s] Level 1:colcon.colcon_core.package_identification:_identify(src) by extensions ['cmake', 'python']
[0.197s] Level 1:colcon.colcon_core.package_identification:_identify(src) by extension 'cmake'
[0.197s] Level 1:colcon.colcon_core.package_identification:_identify(src) by extension 'python'
[0.197s] Level 1:colcon.colcon_core.package_identification:_identify(src) by extensions ['python_setup_py']
[0.197s] Level 1:colcon.colcon_core.package_identification:_identify(src) by extension 'python_setup_py'
[0.197s] Level 1:colcon.colcon_core.package_identification:_identify(src/igvc_bringup) by extensions ['ignore', 'ignore_ament_install']
[0.197s] Level 1:colcon.colcon_core.package_identification:_identify(src/igvc_bringup) by extension 'ignore'
[0.197s] Level 1:colcon.colcon_core.package_identification:_identify(src/igvc_bringup) by extension 'ignore_ament_install'
[0.198s] Level 1:colcon.colcon_core.package_identification:_identify(src/igvc_bringup) by extensions ['colcon_pkg']
[0.198s] Level 1:colcon.colcon_core.package_identification:_identify(src/igvc_bringup) by extension 'colcon_pkg'
[0.198s] Level 1:colcon.colcon_core.package_identification:_identify(src/igvc_bringup) by extensions ['colcon_meta']
[0.198s] Level 1:colcon.colcon_core.package_identification:_identify(src/igvc_bringup) by extension 'colcon_meta'
[0.198s] Level 1:colcon.colcon_core.package_identification:_identify(src/igvc_bringup) by extensions ['ros']
[0.198s] Level 1:colcon.colcon_core.package_identification:_identify(src/igvc_bringup) by extension 'ros'
[0.200s] DEBUG:colcon.colcon_core.package_identification:Package 'src/igvc_bringup' with type 'ros.ament_cmake' and name 'igvc_bringup'
[0.200s] Level 1:colcon.colcon_core.package_identification:_identify(src/igvc_description) by extensions ['ignore', 'ignore_ament_install']
[0.201s] Level 1:colcon.colcon_core.package_identification:_identify(src/igvc_description) by extension 'ignore'
[0.201s] Level 1:colcon.colcon_core.package_identification:_identify(src/igvc_description) by extension 'ignore_ament_install'
[0.201s] Level 1:colcon.colcon_core.package_identification:_identify(src/igvc_description) by extensions ['colcon_pkg']
[0.201s] Level 1:colcon.colcon_core.package_identification:_identify(src/igvc_description) by extension 'colcon_pkg'
[0.201s] Level 1:colcon.colcon_core.package_identification:_identify(src/igvc_description) by extensions ['colcon_meta']
[0.201s] Level 1:colcon.colcon_core.package_identification:_identify(src/igvc_description) by extension 'colcon_meta'
[0.201s] Level 1:colcon.colcon_core.package_identification:_identify(src/igvc_description) by extensions ['ros']
[0.201s] Level 1:colcon.colcon_core.package_identification:_identify(src/igvc_description) by extension 'ros'
[0.201s] DEBUG:colcon.colcon_core.package_identification:Package 'src/igvc_description' with type 'ros.ament_cmake' and name 'igvc_description'
[0.201s] Level 1:colcon.colcon_core.package_identification:_identify(src/igvc_gazebo) by extensions ['ignore', 'ignore_ament_install']
[0.201s] Level 1:colcon.colcon_core.package_identification:_identify(src/igvc_gazebo) by extension 'ignore'
[0.202s] Level 1:colcon.colcon_core.package_identification:_identify(src/igvc_gazebo) by extension 'ignore_ament_install'
[0.202s] Level 1:colcon.colcon_core.package_identification:_identify(src/igvc_gazebo) by extensions ['colcon_pkg']
[0.202s] Level 1:colcon.colcon_core.package_identification:_identify(src/igvc_gazebo) by extension 'colcon_pkg'
[0.202s] Level 1:colcon.colcon_core.package_identification:_identify(src/igvc_gazebo) by extensions ['colcon_meta']
[0.202s] Level 1:colcon.colcon_core.package_identification:_identify(src/igvc_gazebo) by extension 'colcon_meta'
[0.202s] Level 1:colcon.colcon_core.package_identification:_identify(src/igvc_gazebo) by extensions ['ros']
[0.202s] Level 1:colcon.colcon_core.package_identification:_identify(src/igvc_gazebo) by extension 'ros'
[0.202s] DEBUG:colcon.colcon_core.package_identification:Package 'src/igvc_gazebo' with type 'ros.ament_cmake' and name 'igvc_gazebo'
[0.202s] Level 1:colcon.colcon_core.package_discovery:discover_packages(recursive) using defaults
[0.202s] Level 1:colcon.colcon_core.package_discovery:discover_packages(ignore) discover
[0.202s] Level 1:colcon.colcon_core.package_discovery:discover_packages(ignore) using defaults
[0.202s] Level 1:colcon.colcon_core.package_discovery:discover_packages(path) discover
[0.202s] Level 1:colcon.colcon_core.package_discovery:discover_packages(path) using defaults
[0.223s] Level 1:colcon.colcon_core.package_discovery:discover_packages(prefix_path) check parameters
[0.223s] Level 1:colcon.colcon_core.package_discovery:discover_packages(prefix_path) discover
[0.225s] DEBUG:colcon.colcon_installed_package_information.package_discovery:Found 1 installed packages in /home/dhruv-bansal/Documents/ros_arm/install
[0.226s] DEBUG:colcon.colcon_installed_package_information.package_discovery:Found 348 installed packages in /opt/ros/jazzy
[0.228s] Level 1:colcon.colcon_core.package_discovery:discover_packages(prefix_path) using defaults
[0.275s] Level 5:colcon.colcon_core.verb:set package 'igvc_bringup' build argument 'cmake_args' from command line to 'None'
[0.275s] Level 5:colcon.colcon_core.verb:set package 'igvc_bringup' build argument 'cmake_target' from command line to 'None'
[0.275s] Level 5:colcon.colcon_core.verb:set package 'igvc_bringup' build argument 'cmake_target_skip_unavailable' from command line to 'False'
[0.275s] Level 5:colcon.colcon_core.verb:set package 'igvc_bringup' build argument 'cmake_clean_cache' from command line to 'False'
[0.275s] Level 5:colcon.colcon_core.verb:set package 'igvc_bringup' build argument 'cmake_clean_first' from command line to 'False'
[0.275s] Level 5:colcon.colcon_core.verb:set package 'igvc_bringup' build argument 'cmake_force_configure' from command line to 'False'
[0.275s] Level 5:colcon.colcon_core.verb:set package 'igvc_bringup' build argument 'ament_cmake_args' from command line to 'None'
[0.275s] Level 5:colcon.colcon_core.verb:set package 'igvc_bringup' build argument 'catkin_cmake_args' from command line to 'None'
[0.275s] Level 5:colcon.colcon_core.verb:set package 'igvc_bringup' build argument 'catkin_skip_building_tests' from command line to 'False'
[0.276s] DEBUG:colcon.colcon_core.verb:Building package 'igvc_bringup' with the following arguments: {'ament_cmake_args': None, 'build_base': '/home/dhruv-bansal/igvc_sim_ws/build/igvc_bringup', 'catkin_cmake_args': None, 'catkin_skip_building_tests': False, 'cmake_args': None, 'cmake_clean_cache': False, 'cmake_clean_first': False, 'cmake_force_configure': False, 'cmake_target': None, 'cmake_target_skip_unavailable': False, 'install_base': '/home/dhruv-bansal/igvc_sim_ws/install/igvc_bringup', 'merge_install': False, 'path': '/home/dhruv-bansal/igvc_sim_ws/src/igvc_bringup', 'symlink_install': False, 'test_result_base': None}
[0.276s] Level 5:colcon.colcon_core.verb:set package 'igvc_description' build argument 'cmake_args' from command line to 'None'
[0.276s] Level 5:colcon.colcon_core.verb:set package 'igvc_description' build argument 'cmake_target' from command line to 'None'
[0.276s] Level 5:colcon.colcon_core.verb:set package 'igvc_description' build argument 'cmake_target_skip_unavailable' from command line to 'False'
[0.276s] Level 5:colcon.colcon_core.verb:set package 'igvc_description' build argument 'cmake_clean_cache' from command line to 'False'
[0.276s] Level 5:colcon.colcon_core.verb:set package 'igvc_description' build argument 'cmake_clean_first' from command line to 'False'
[0.276s] Level 5:colcon.colcon_core.verb:set package 'igvc_description' build argument 'cmake_force_configure' from command line to 'False'
[0.276s] Level 5:colcon.colcon_core.verb:set package 'igvc_description' build argument 'ament_cmake_args' from command line to 'None'
[0.276s] Level 5:colcon.colcon_core.verb:set package 'igvc_description' build argument 'catkin_cmake_args' from command line to 'None'
[0.276s] Level 5:colcon.colcon_core.verb:set package 'igvc_description' build argument 'catkin_skip_building_tests' from command line to 'False'
[0.276s] DEBUG:colcon.colcon_core.verb:Building package 'igvc_description' with the following arguments: {'ament_cmake_args': None, 'build_base': '/home/dhruv-bansal/igvc_sim_ws/build/igvc_description', 'catkin_cmake_args': None, 'catkin_skip_building_tests': False, 'cmake_args': None, 'cmake_clean_cache': False, 'cmake_clean_first': False, 'cmake_force_configure': False, 'cmake_target': None, 'cmake_target_skip_unavailable': False, 'install_base': '/home/dhruv-bansal/igvc_sim_ws/install/igvc_description', 'merge_install': False, 'path': '/home/dhruv-bansal/igvc_sim_ws/src/igvc_description', 'symlink_install': False, 'test_result_base': None}
[0.276s] Level 5:colcon.colcon_core.verb:set package 'igvc_gazebo' build argument 'cmake_args' from command line to 'None'
[0.276s] Level 5:colcon.colcon_core.verb:set package 'igvc_gazebo' build argument 'cmake_target' from command line to 'None'
[0.276s] Level 5:colcon.colcon_core.verb:set package 'igvc_gazebo' build argument 'cmake_target_skip_unavailable' from command line to 'False'
[0.276s] Level 5:colcon.colcon_core.verb:set package 'igvc_gazebo' build argument 'cmake_clean_cache' from command line to 'False'
[0.276s] Level 5:colcon.colcon_core.verb:set package 'igvc_gazebo' build argument 'cmake_clean_first' from command line to 'False'
[0.276s] Level 5:colcon.colcon_core.verb:set package 'igvc_gazebo' build argument 'cmake_force_configure' from command line to 'False'
[0.276s] Level 5:colcon.colcon_core.verb:set package 'igvc_gazebo' build argument 'ament_cmake_args' from command line to 'None'
[0.276s] Level 5:colcon.colcon_core.verb:set package 'igvc_gazebo' build argument 'catkin_cmake_args' from command line to 'None'
[0.276s] Level 5:colcon.colcon_core.verb:set package 'igvc_gazebo' build argument 'catkin_skip_building_tests' from command line to 'False'
[0.276s] DEBUG:colcon.colcon_core.verb:Building package 'igvc_gazebo' with the following arguments: {'ament_cmake_args': None, 'build_base': '/home/dhruv-bansal/igvc_sim_ws/build/igvc_gazebo', 'catkin_cmake_args': None, 'catkin_skip_building_tests': False, 'cmake_args': None, 'cmake_clean_cache': False, 'cmake_clean_first': False, 'cmake_force_configure': False, 'cmake_target': None, 'cmake_target_skip_unavailable': False, 'install_base': '/home/dhruv-bansal/igvc_sim_ws/install/igvc_gazebo', 'merge_install': False, 'path': '/home/dhruv-bansal/igvc_sim_ws/src/igvc_gazebo', 'symlink_install': False, 'test_result_base': None}
[0.276s] INFO:colcon.colcon_core.executor:Executing jobs using 'parallel' executor
[0.278s] DEBUG:colcon.colcon_parallel_executor.executor.parallel:run_until_complete
[0.278s] INFO:colcon.colcon_ros.task.ament_cmake.build:Building ROS package in '/home/dhruv-bansal/igvc_sim_ws/src/igvc_bringup' with build type 'ament_cmake'
[0.278s] INFO:colcon.colcon_cmake.task.cmake.build:Building CMake package in '/home/dhruv-bansal/igvc_sim_ws/src/igvc_bringup'
[0.281s] INFO:colcon.colcon_core.plugin_system:Skipping extension 'colcon_core.shell.bat': Not used on non-Windows systems
[0.281s] INFO:colcon.colcon_core.shell:Skip shell extension 'powershell' for command environment: Not usable outside of PowerShell
[0.281s] DEBUG:colcon.colcon_core.shell:Skip shell extension 'dsv' for command environment
[0.286s] INFO:colcon.colcon_ros.task.ament_cmake.build:Building ROS package in '/home/dhruv-bansal/igvc_sim_ws/src/igvc_description' with build type 'ament_cmake'
[0.286s] INFO:colcon.colcon_cmake.task.cmake.build:Building CMake package in '/home/dhruv-bansal/igvc_sim_ws/src/igvc_description'
[0.286s] INFO:colcon.colcon_core.shell:Skip shell extension 'powershell' for command environment: Not usable outside of PowerShell
[0.286s] DEBUG:colcon.colcon_core.shell:Skip shell extension 'dsv' for command environment
[0.291s] INFO:colcon.colcon_ros.task.ament_cmake.build:Building ROS package in '/home/dhruv-bansal/igvc_sim_ws/src/igvc_gazebo' with build type 'ament_cmake'
[0.291s] INFO:colcon.colcon_cmake.task.cmake.build:Building CMake package in '/home/dhruv-bansal/igvc_sim_ws/src/igvc_gazebo'
[0.291s] INFO:colcon.colcon_core.shell:Skip shell extension 'powershell' for command environment: Not usable outside of PowerShell
[0.291s] DEBUG:colcon.colcon_core.shell:Skip shell extension 'dsv' for command environment
[0.303s] DEBUG:colcon.colcon_core.event_handler.log_command:Invoking command in '/home/dhruv-bansal/igvc_sim_ws/build/igvc_bringup': CMAKE_PREFIX_PATH=${CMAKE_PREFIX_PATH}:/home/dhruv-bansal/Documents/ros_arm/install/arm_teleop:/opt/ros/jazzy DEBUGINFOD_URLS=https://debuginfod.ubuntu.com /usr/bin/cmake /home/dhruv-bansal/igvc_sim_ws/src/igvc_bringup -DCMAKE_INSTALL_PREFIX=/home/dhruv-bansal/igvc_sim_ws/install/igvc_bringup
[0.309s] DEBUG:colcon.colcon_core.event_handler.log_command:Invoking command in '/home/dhruv-bansal/igvc_sim_ws/build/igvc_description': CMAKE_PREFIX_PATH=${CMAKE_PREFIX_PATH}:/home/dhruv-bansal/Documents/ros_arm/install/arm_teleop:/opt/ros/jazzy DEBUGINFOD_URLS=https://debuginfod.ubuntu.com /usr/bin/cmake /home/dhruv-bansal/igvc_sim_ws/src/igvc_description -DCMAKE_INSTALL_PREFIX=/home/dhruv-bansal/igvc_sim_ws/install/igvc_description
[0.313s] DEBUG:colcon.colcon_core.event_handler.log_command:Invoking command in '/home/dhruv-bansal/igvc_sim_ws/build/igvc_gazebo': CMAKE_PREFIX_PATH=${CMAKE_PREFIX_PATH}:/home/dhruv-bansal/Documents/ros_arm/install/arm_teleop:/opt/ros/jazzy DEBUGINFOD_URLS=https://debuginfod.ubuntu.com /usr/bin/cmake /home/dhruv-bansal/igvc_sim_ws/src/igvc_gazebo -DCMAKE_INSTALL_PREFIX=/home/dhruv-bansal/igvc_sim_ws/install/igvc_gazebo
[1.673s] DEBUG:colcon.colcon_core.event_handler.log_command:Invoked command in '/home/dhruv-bansal/igvc_sim_ws/build/igvc_bringup' returned '0': CMAKE_PREFIX_PATH=${CMAKE_PREFIX_PATH}:/home/dhruv-bansal/Documents/ros_arm/install/arm_teleop:/opt/ros/jazzy DEBUGINFOD_URLS=https://debuginfod.ubuntu.com /usr/bin/cmake /home/dhruv-bansal/igvc_sim_ws/src/igvc_bringup -DCMAKE_INSTALL_PREFIX=/home/dhruv-bansal/igvc_sim_ws/install/igvc_bringup
[1.676s] DEBUG:colcon.colcon_core.event_handler.log_command:Invoking command in '/home/dhruv-bansal/igvc_sim_ws/build/igvc_bringup': CMAKE_PREFIX_PATH=${CMAKE_PREFIX_PATH}:/home/dhruv-bansal/Documents/ros_arm/install/arm_teleop:/opt/ros/jazzy DEBUGINFOD_URLS=https://debuginfod.ubuntu.com /usr/bin/cmake --build /home/dhruv-bansal/igvc_sim_ws/build/igvc_bringup -- -j12 -l12
[1.753s] DEBUG:colcon.colcon_core.event_handler.log_command:Invoked command in '/home/dhruv-bansal/igvc_sim_ws/build/igvc_bringup' returned '0': CMAKE_PREFIX_PATH=${CMAKE_PREFIX_PATH}:/home/dhruv-bansal/Documents/ros_arm/install/arm_teleop:/opt/ros/jazzy DEBUGINFOD_URLS=https://debuginfod.ubuntu.com /usr/bin/cmake --build /home/dhruv-bansal/igvc_sim_ws/build/igvc_bringup -- -j12 -l12
[1.774s] DEBUG:colcon.colcon_core.event_handler.log_command:Invoking command in '/home/dhruv-bansal/igvc_sim_ws/build/igvc_bringup': CMAKE_PREFIX_PATH=${CMAKE_PREFIX_PATH}:/home/dhruv-bansal/Documents/ros_arm/install/arm_teleop:/opt/ros/jazzy DEBUGINFOD_URLS=https://debuginfod.ubuntu.com /usr/bin/cmake --install /home/dhruv-bansal/igvc_sim_ws/build/igvc_bringup
[1.799s] DEBUG:colcon.colcon_core.event_handler.log_command:Invoked command in '/home/dhruv-bansal/igvc_sim_ws/build/igvc_description' returned '0': CMAKE_PREFIX_PATH=${CMAKE_PREFIX_PATH}:/home/dhruv-bansal/Documents/ros_arm/install/arm_teleop:/opt/ros/jazzy DEBUGINFOD_URLS=https://debuginfod.ubuntu.com /usr/bin/cmake /home/dhruv-bansal/igvc_sim_ws/src/igvc_description -DCMAKE_INSTALL_PREFIX=/home/dhruv-bansal/igvc_sim_ws/install/igvc_description
[1.801s] DEBUG:colcon.colcon_core.event_handler.log_command:Invoking command in '/home/dhruv-bansal/igvc_sim_ws/build/igvc_description': CMAKE_PREFIX_PATH=${CMAKE_PREFIX_PATH}:/home/dhruv-bansal/Documents/ros_arm/install/arm_teleop:/opt/ros/jazzy DEBUGINFOD_URLS=https://debuginfod.ubuntu.com /usr/bin/cmake --build /home/dhruv-bansal/igvc_sim_ws/build/igvc_description -- -j12 -l12
[1.803s] Level 1:colcon.colcon_core.environment:create_environment_scripts_only(igvc_bringup)
[1.804s] DEBUG:colcon.colcon_core.event_handler.log_command:Invoked command in '/home/dhruv-bansal/igvc_sim_ws/build/igvc_bringup' returned '0': CMAKE_PREFIX_PATH=${CMAKE_PREFIX_PATH}:/home/dhruv-bansal/Documents/ros_arm/install/arm_teleop:/opt/ros/jazzy DEBUGINFOD_URLS=https://debuginfod.ubuntu.com /usr/bin/cmake --install /home/dhruv-bansal/igvc_sim_ws/build/igvc_bringup
[1.808s] Level 1:colcon.colcon_core.environment:checking '/home/dhruv-bansal/igvc_sim_ws/install/igvc_bringup' for CMake module files
[1.808s] Level 1:colcon.colcon_core.environment:checking '/home/dhruv-bansal/igvc_sim_ws/install/igvc_bringup' for CMake config files
[1.808s] Level 1:colcon.colcon_core.shell:create_environment_hook('igvc_bringup', 'cmake_prefix_path')
[1.809s] INFO:colcon.colcon_core.shell:Creating environment hook '/home/dhruv-bansal/igvc_sim_ws/install/igvc_bringup/share/igvc_bringup/hook/cmake_prefix_path.ps1'
[1.810s] INFO:colcon.colcon_core.shell:Creating environment descriptor '/home/dhruv-bansal/igvc_sim_ws/install/igvc_bringup/share/igvc_bringup/hook/cmake_prefix_path.dsv'
[1.810s] INFO:colcon.colcon_core.shell:Creating environment hook '/home/dhruv-bansal/igvc_sim_ws/install/igvc_bringup/share/igvc_bringup/hook/cmake_prefix_path.sh'
[1.811s] Level 1:colcon.colcon_core.environment:checking '/home/dhruv-bansal/igvc_sim_ws/install/igvc_bringup/bin'
[1.811s] Level 1:colcon.colcon_core.environment:checking '/home/dhruv-bansal/igvc_sim_ws/install/igvc_bringup/lib/pkgconfig/igvc_bringup.pc'
[1.812s] Level 1:colcon.colcon_core.environment:checking '/home/dhruv-bansal/igvc_sim_ws/install/igvc_bringup/lib/python3.12/site-packages'
[1.812s] Level 1:colcon.colcon_core.environment:checking '/home/dhruv-bansal/igvc_sim_ws/install/igvc_bringup/bin'
[1.812s] INFO:colcon.colcon_core.shell:Creating package script '/home/dhruv-bansal/igvc_sim_ws/install/igvc_bringup/share/igvc_bringup/package.ps1'
[1.813s] INFO:colcon.colcon_core.shell:Creating package descriptor '/home/dhruv-bansal/igvc_sim_ws/install/igvc_bringup/share/igvc_bringup/package.dsv'
[1.814s] INFO:colcon.colcon_core.shell:Creating package script '/home/dhruv-bansal/igvc_sim_ws/install/igvc_bringup/share/igvc_bringup/package.sh'
[1.814s] INFO:colcon.colcon_core.shell:Creating package script '/home/dhruv-bansal/igvc_sim_ws/install/igvc_bringup/share/igvc_bringup/package.bash'
[1.815s] INFO:colcon.colcon_core.shell:Creating package script '/home/dhruv-bansal/igvc_sim_ws/install/igvc_bringup/share/igvc_bringup/package.zsh'
[1.815s] Level 1:colcon.colcon_core.environment:create_file_with_runtime_dependencies(/home/dhruv-bansal/igvc_sim_ws/install/igvc_bringup/share/colcon-core/packages/igvc_bringup)
[1.816s] Level 1:colcon.colcon_core.environment:create_environment_scripts_only(igvc_bringup)
[1.816s] Level 1:colcon.colcon_core.environment:checking '/home/dhruv-bansal/igvc_sim_ws/install/igvc_bringup' for CMake module files
[1.817s] Level 1:colcon.colcon_core.environment:checking '/home/dhruv-bansal/igvc_sim_ws/install/igvc_bringup' for CMake config files
[1.817s] Level 1:colcon.colcon_core.shell:create_environment_hook('igvc_bringup', 'cmake_prefix_path')
[1.817s] INFO:colcon.colcon_core.shell:Creating environment hook '/home/dhruv-bansal/igvc_sim_ws/install/igvc_bringup/share/igvc_bringup/hook/cmake_prefix_path.ps1'
[1.817s] INFO:colcon.colcon_core.shell:Creating environment descriptor '/home/dhruv-bansal/igvc_sim_ws/install/igvc_bringup/share/igvc_bringup/hook/cmake_prefix_path.dsv'
[1.818s] INFO:colcon.colcon_core.shell:Creating environment hook '/home/dhruv-bansal/igvc_sim_ws/install/igvc_bringup/share/igvc_bringup/hook/cmake_prefix_path.sh'
[1.818s] Level 1:colcon.colcon_core.environment:checking '/home/dhruv-bansal/igvc_sim_ws/install/igvc_bringup/bin'
[1.818s] Level 1:colcon.colcon_core.environment:checking '/home/dhruv-bansal/igvc_sim_ws/install/igvc_bringup/lib/pkgconfig/igvc_bringup.pc'
[1.819s] Level 1:colcon.colcon_core.environment:checking '/home/dhruv-bansal/igvc_sim_ws/install/igvc_bringup/lib/python3.12/site-packages'
[1.819s] Level 1:colcon.colcon_core.environment:checking '/home/dhruv-bansal/igvc_sim_ws/install/igvc_bringup/bin'
[1.819s] INFO:colcon.colcon_core.shell:Creating package script '/home/dhruv-bansal/igvc_sim_ws/install/igvc_bringup/share/igvc_bringup/package.ps1'
[1.820s] INFO:colcon.colcon_core.shell:Creating package descriptor '/home/dhruv-bansal/igvc_sim_ws/install/igvc_bringup/share/igvc_bringup/package.dsv'
[1.820s] INFO:colcon.colcon_core.shell:Creating package script '/home/dhruv-bansal/igvc_sim_ws/install/igvc_bringup/share/igvc_bringup/package.sh'
[1.820s] INFO:colcon.colcon_core.shell:Creating package script '/home/dhruv-bansal/igvc_sim_ws/install/igvc_bringup/share/igvc_bringup/package.bash'
[1.821s] INFO:colcon.colcon_core.shell:Creating package script '/home/dhruv-bansal/igvc_sim_ws/install/igvc_bringup/share/igvc_bringup/package.zsh'
[1.821s] Level 1:colcon.colcon_core.environment:create_file_with_runtime_dependencies(/home/dhruv-bansal/igvc_sim_ws/install/igvc_bringup/share/colcon-core/packages/igvc_bringup)
[1.860s] DEBUG:colcon.colcon_core.event_handler.log_command:Invoked command in '/home/dhruv-bansal/igvc_sim_ws/build/igvc_gazebo' returned '0': CMAKE_PREFIX_PATH=${CMAKE_PREFIX_PATH}:/home/dhruv-bansal/Documents/ros_arm/install/arm_teleop:/opt/ros/jazzy DEBUGINFOD_URLS=https://debuginfod.ubuntu.com /usr/bin/cmake /home/dhruv-bansal/igvc_sim_ws/src/igvc_gazebo -DCMAKE_INSTALL_PREFIX=/home/dhruv-bansal/igvc_sim_ws/install/igvc_gazebo
[1.862s] DEBUG:colcon.colcon_core.event_handler.log_command:Invoking command in '/home/dhruv-bansal/igvc_sim_ws/build/igvc_gazebo': CMAKE_PREFIX_PATH=${CMAKE_PREFIX_PATH}:/home/dhruv-bansal/Documents/ros_arm/install/arm_teleop:/opt/ros/jazzy DEBUGINFOD_URLS=https://debuginfod.ubuntu.com /usr/bin/cmake --build /home/dhruv-bansal/igvc_sim_ws/build/igvc_gazebo -- -j12 -l12
[1.878s] DEBUG:colcon.colcon_core.event_handler.log_command:Invoked command in '/home/dhruv-bansal/igvc_sim_ws/build/igvc_description' returned '0': CMAKE_PREFIX_PATH=${CMAKE_PREFIX_PATH}:/home/dhruv-bansal/Documents/ros_arm/install/arm_teleop:/opt/ros/jazzy DEBUGINFOD_URLS=https://debuginfod.ubuntu.com /usr/bin/cmake --build /home/dhruv-bansal/igvc_sim_ws/build/igvc_description -- -j12 -l12
[1.880s] DEBUG:colcon.colcon_core.event_handler.log_command:Invoking command in '/home/dhruv-bansal/igvc_sim_ws/build/igvc_description': CMAKE_PREFIX_PATH=${CMAKE_PREFIX_PATH}:/home/dhruv-bansal/Documents/ros_arm/install/arm_teleop:/opt/ros/jazzy DEBUGINFOD_URLS=https://debuginfod.ubuntu.com /usr/bin/cmake --install /home/dhruv-bansal/igvc_sim_ws/build/igvc_description
[1.902s] Level 1:colcon.colcon_core.environment:create_environment_scripts_only(igvc_description)
[1.903s] DEBUG:colcon.colcon_core.event_handler.log_command:Invoked command in '/home/dhruv-bansal/igvc_sim_ws/build/igvc_description' returned '0': CMAKE_PREFIX_PATH=${CMAKE_PREFIX_PATH}:/home/dhruv-bansal/Documents/ros_arm/install/arm_teleop:/opt/ros/jazzy DEBUGINFOD_URLS=https://debuginfod.ubuntu.com /usr/bin/cmake --install /home/dhruv-bansal/igvc_sim_ws/build/igvc_description
[1.904s] Level 1:colcon.colcon_core.environment:checking '/home/dhruv-bansal/igvc_sim_ws/install/igvc_description' for CMake module files
[1.905s] Level 1:colcon.colcon_core.environment:checking '/home/dhruv-bansal/igvc_sim_ws/install/igvc_description' for CMake config files
[1.905s] Level 1:colcon.colcon_core.shell:create_environment_hook('igvc_description', 'cmake_prefix_path')
[1.906s] INFO:colcon.colcon_core.shell:Creating environment hook '/home/dhruv-bansal/igvc_sim_ws/install/igvc_description/share/igvc_description/hook/cmake_prefix_path.ps1'
[1.907s] INFO:colcon.colcon_core.shell:Creating environment descriptor '/home/dhruv-bansal/igvc_sim_ws/install/igvc_description/share/igvc_description/hook/cmake_prefix_path.dsv'
[1.908s] INFO:colcon.colcon_core.shell:Creating environment hook '/home/dhruv-bansal/igvc_sim_ws/install/igvc_description/share/igvc_description/hook/cmake_prefix_path.sh'
[1.909s] Level 1:colcon.colcon_core.environment:checking '/home/dhruv-bansal/igvc_sim_ws/install/igvc_description/bin'
[1.909s] Level 1:colcon.colcon_core.environment:checking '/home/dhruv-bansal/igvc_sim_ws/install/igvc_description/lib/pkgconfig/igvc_description.pc'
[1.909s] Level 1:colcon.colcon_core.environment:checking '/home/dhruv-bansal/igvc_sim_ws/install/igvc_description/lib/python3.12/site-packages'
[1.910s] Level 1:colcon.colcon_core.environment:checking '/home/dhruv-bansal/igvc_sim_ws/install/igvc_description/bin'
[1.910s] INFO:colcon.colcon_core.shell:Creating package script '/home/dhruv-bansal/igvc_sim_ws/install/igvc_description/share/igvc_description/package.ps1'
[1.911s] INFO:colcon.colcon_core.shell:Creating package descriptor '/home/dhruv-bansal/igvc_sim_ws/install/igvc_description/share/igvc_description/package.dsv'
[1.911s] INFO:colcon.colcon_core.shell:Creating package script '/home/dhruv-bansal/igvc_sim_ws/install/igvc_description/share/igvc_description/package.sh'
[1.912s] INFO:colcon.colcon_core.shell:Creating package script '/home/dhruv-bansal/igvc_sim_ws/install/igvc_description/share/igvc_description/package.bash'
[1.912s] INFO:colcon.colcon_core.shell:Creating package script '/home/dhruv-bansal/igvc_sim_ws/install/igvc_description/share/igvc_description/package.zsh'
[1.913s] Level 1:colcon.colcon_core.environment:create_file_with_runtime_dependencies(/home/dhruv-bansal/igvc_sim_ws/install/igvc_description/share/colcon-core/packages/igvc_description)
[1.914s] Level 1:colcon.colcon_core.environment:create_environment_scripts_only(igvc_description)
[1.914s] Level 1:colcon.colcon_core.environment:checking '/home/dhruv-bansal/igvc_sim_ws/install/igvc_description' for CMake module files
[1.914s] Level 1:colcon.colcon_core.environment:checking '/home/dhruv-bansal/igvc_sim_ws/install/igvc_description' for CMake config files
[1.915s] Level 1:colcon.colcon_core.shell:create_environment_hook('igvc_description', 'cmake_prefix_path')
[1.915s] INFO:colcon.colcon_core.shell:Creating environment hook '/home/dhruv-bansal/igvc_sim_ws/install/igvc_description/share/igvc_description/hook/cmake_prefix_path.ps1'
[1.916s] INFO:colcon.colcon_core.shell:Creating environment descriptor '/home/dhruv-bansal/igvc_sim_ws/install/igvc_description/share/igvc_description/hook/cmake_prefix_path.dsv'
[1.916s] INFO:colcon.colcon_core.shell:Creating environment hook '/home/dhruv-bansal/igvc_sim_ws/install/igvc_description/share/igvc_description/hook/cmake_prefix_path.sh'
[1.917s] Level 1:colcon.colcon_core.environment:checking '/home/dhruv-bansal/igvc_sim_ws/install/igvc_description/bin'
[1.917s] Level 1:colcon.colcon_core.environment:checking '/home/dhruv-bansal/igvc_sim_ws/install/igvc_description/lib/pkgconfig/igvc_description.pc'
[1.917s] Level 1:colcon.colcon_core.environment:checking '/home/dhruv-bansal/igvc_sim_ws/install/igvc_description/lib/python3.12/site-packages'
[1.918s] Level 1:colcon.colcon_core.environment:checking '/home/dhruv-bansal/igvc_sim_ws/install/igvc_description/bin'
[1.918s] INFO:colcon.colcon_core.shell:Creating package script '/home/dhruv-bansal/igvc_sim_ws/install/igvc_description/share/igvc_description/package.ps1'
[1.919s] INFO:colcon.colcon_core.shell:Creating package descriptor '/home/dhruv-bansal/igvc_sim_ws/install/igvc_description/share/igvc_description/package.dsv'
[1.919s] INFO:colcon.colcon_core.shell:Creating package script '/home/dhruv-bansal/igvc_sim_ws/install/igvc_description/share/igvc_description/package.sh'
[1.920s] INFO:colcon.colcon_core.shell:Creating package script '/home/dhruv-bansal/igvc_sim_ws/install/igvc_description/share/igvc_description/package.bash'
[1.920s] INFO:colcon.colcon_core.shell:Creating package script '/home/dhruv-bansal/igvc_sim_ws/install/igvc_description/share/igvc_description/package.zsh'
[1.921s] Level 1:colcon.colcon_core.environment:create_file_with_runtime_dependencies(/home/dhruv-bansal/igvc_sim_ws/install/igvc_description/share/colcon-core/packages/igvc_description)
[1.937s] DEBUG:colcon.colcon_core.event_handler.log_command:Invoked command in '/home/dhruv-bansal/igvc_sim_ws/build/igvc_gazebo' returned '0': CMAKE_PREFIX_PATH=${CMAKE_PREFIX_PATH}:/home/dhruv-bansal/Documents/ros_arm/install/arm_teleop:/opt/ros/jazzy DEBUGINFOD_URLS=https://debuginfod.ubuntu.com /usr/bin/cmake --build /home/dhruv-bansal/igvc_sim_ws/build/igvc_gazebo -- -j12 -l12
[1.939s] DEBUG:colcon.colcon_core.event_handler.log_command:Invoking command in '/home/dhruv-bansal/igvc_sim_ws/build/igvc_gazebo': CMAKE_PREFIX_PATH=${CMAKE_PREFIX_PATH}:/home/dhruv-bansal/Documents/ros_arm/install/arm_teleop:/opt/ros/jazzy DEBUGINFOD_URLS=https://debuginfod.ubuntu.com /usr/bin/cmake --install /home/dhruv-bansal/igvc_sim_ws/build/igvc_gazebo
[1.958s] Level 1:colcon.colcon_core.environment:create_environment_scripts_only(igvc_gazebo)
[1.959s] DEBUG:colcon.colcon_core.event_handler.log_command:Invoked command in '/home/dhruv-bansal/igvc_sim_ws/build/igvc_gazebo' returned '0': CMAKE_PREFIX_PATH=${CMAKE_PREFIX_PATH}:/home/dhruv-bansal/Documents/ros_arm/install/arm_teleop:/opt/ros/jazzy DEBUGINFOD_URLS=https://debuginfod.ubuntu.com /usr/bin/cmake --install /home/dhruv-bansal/igvc_sim_ws/build/igvc_gazebo
[1.959s] Level 1:colcon.colcon_core.environment:checking '/home/dhruv-bansal/igvc_sim_ws/install/igvc_gazebo' for CMake module files
[1.960s] Level 1:colcon.colcon_core.environment:checking '/home/dhruv-bansal/igvc_sim_ws/install/igvc_gazebo' for CMake config files
[1.960s] Level 1:colcon.colcon_core.shell:create_environment_hook('igvc_gazebo', 'cmake_prefix_path')
[1.960s] INFO:colcon.colcon_core.shell:Creating environment hook '/home/dhruv-bansal/igvc_sim_ws/install/igvc_gazebo/share/igvc_gazebo/hook/cmake_prefix_path.ps1'
[1.961s] INFO:colcon.colcon_core.shell:Creating environment descriptor '/home/dhruv-bansal/igvc_sim_ws/install/igvc_gazebo/share/igvc_gazebo/hook/cmake_prefix_path.dsv'
[1.961s] INFO:colcon.colcon_core.shell:Creating environment hook '/home/dhruv-bansal/igvc_sim_ws/install/igvc_gazebo/share/igvc_gazebo/hook/cmake_prefix_path.sh'
[1.962s] Level 1:colcon.colcon_core.environment:checking '/home/dhruv-bansal/igvc_sim_ws/install/igvc_gazebo/bin'
[1.962s] Level 1:colcon.colcon_core.environment:checking '/home/dhruv-bansal/igvc_sim_ws/install/igvc_gazebo/lib/pkgconfig/igvc_gazebo.pc'
[1.962s] Level 1:colcon.colcon_core.environment:checking '/home/dhruv-bansal/igvc_sim_ws/install/igvc_gazebo/lib/python3.12/site-packages'
[1.963s] Level 1:colcon.colcon_core.environment:checking '/home/dhruv-bansal/igvc_sim_ws/install/igvc_gazebo/bin'
[1.963s] INFO:colcon.colcon_core.shell:Creating package script '/home/dhruv-bansal/igvc_sim_ws/install/igvc_gazebo/share/igvc_gazebo/package.ps1'
[1.964s] INFO:colcon.colcon_core.shell:Creating package descriptor '/home/dhruv-bansal/igvc_sim_ws/install/igvc_gazebo/share/igvc_gazebo/package.dsv'
[1.964s] INFO:colcon.colcon_core.shell:Creating package script '/home/dhruv-bansal/igvc_sim_ws/install/igvc_gazebo/share/igvc_gazebo/package.sh'
[1.965s] INFO:colcon.colcon_core.shell:Creating package script '/home/dhruv-bansal/igvc_sim_ws/install/igvc_gazebo/share/igvc_gazebo/package.bash'
[1.965s] INFO:colcon.colcon_core.shell:Creating package script '/home/dhruv-bansal/igvc_sim_ws/install/igvc_gazebo/share/igvc_gazebo/package.zsh'
[1.965s] Level 1:colcon.colcon_core.environment:create_file_with_runtime_dependencies(/home/dhruv-bansal/igvc_sim_ws/install/igvc_gazebo/share/colcon-core/packages/igvc_gazebo)
[1.966s] Level 1:colcon.colcon_core.environment:create_environment_scripts_only(igvc_gazebo)
[1.966s] Level 1:colcon.colcon_core.environment:checking '/home/dhruv-bansal/igvc_sim_ws/install/igvc_gazebo' for CMake module files
[1.966s] Level 1:colcon.colcon_core.environment:checking '/home/dhruv-bansal/igvc_sim_ws/install/igvc_gazebo' for CMake config files
[1.967s] Level 1:colcon.colcon_core.shell:create_environment_hook('igvc_gazebo', 'cmake_prefix_path')
[1.967s] INFO:colcon.colcon_core.shell:Creating environment hook '/home/dhruv-bansal/igvc_sim_ws/install/igvc_gazebo/share/igvc_gazebo/hook/cmake_prefix_path.ps1'
[1.967s] INFO:colcon.colcon_core.shell:Creating environment descriptor '/home/dhruv-bansal/igvc_sim_ws/install/igvc_gazebo/share/igvc_gazebo/hook/cmake_prefix_path.dsv'
[1.968s] INFO:colcon.colcon_core.shell:Creating environment hook '/home/dhruv-bansal/igvc_sim_ws/install/igvc_gazebo/share/igvc_gazebo/hook/cmake_prefix_path.sh'
[1.968s] Level 1:colcon.colcon_core.environment:checking '/home/dhruv-bansal/igvc_sim_ws/install/igvc_gazebo/bin'
[1.969s] Level 1:colcon.colcon_core.environment:checking '/home/dhruv-bansal/igvc_sim_ws/install/igvc_gazebo/lib/pkgconfig/igvc_gazebo.pc'
[1.969s] Level 1:colcon.colcon_core.environment:checking '/home/dhruv-bansal/igvc_sim_ws/install/igvc_gazebo/lib/python3.12/site-packages'
[1.969s] Level 1:colcon.colcon_core.environment:checking '/home/dhruv-bansal/igvc_sim_ws/install/igvc_gazebo/bin'
[1.970s] INFO:colcon.colcon_core.shell:Creating package script '/home/dhruv-bansal/igvc_sim_ws/install/igvc_gazebo/share/igvc_gazebo/package.ps1'
[1.970s] INFO:colcon.colcon_core.shell:Creating package descriptor '/home/dhruv-bansal/igvc_sim_ws/install/igvc_gazebo/share/igvc_gazebo/package.dsv'
[1.971s] INFO:colcon.colcon_core.shell:Creating package script '/home/dhruv-bansal/igvc_sim_ws/install/igvc_gazebo/share/igvc_gazebo/package.sh'
[1.972s] INFO:colcon.colcon_core.shell:Creating package script '/home/dhruv-bansal/igvc_sim_ws/install/igvc_gazebo/share/igvc_gazebo/package.bash'
[1.972s] INFO:colcon.colcon_core.shell:Creating package script '/home/dhruv-bansal/igvc_sim_ws/install/igvc_gazebo/share/igvc_gazebo/package.zsh'
[1.972s] Level 1:colcon.colcon_core.environment:create_file_with_runtime_dependencies(/home/dhruv-bansal/igvc_sim_ws/install/igvc_gazebo/share/colcon-core/packages/igvc_gazebo)
[1.973s] DEBUG:colcon.colcon_parallel_executor.executor.parallel:closing loop
[1.973s] DEBUG:colcon.colcon_parallel_executor.executor.parallel:loop closed
[1.973s] DEBUG:colcon.colcon_parallel_executor.executor.parallel:run_until_complete finished with '0'
[1.973s] DEBUG:colcon.colcon_core.event_reactor:joining thread
[1.981s] INFO:colcon.colcon_core.plugin_system:Skipping extension 'colcon_notification.desktop_notification.terminal_notifier': Not used on non-Darwin systems
[1.981s] INFO:colcon.colcon_core.plugin_system:Skipping extension 'colcon_notification.desktop_notification.win32': Not used on non-Windows systems
[1.982s] INFO:colcon.colcon_notification.desktop_notification:Sending desktop notification using 'notify2'
[2.008s] DEBUG:colcon.colcon_core.event_reactor:joined thread
[2.008s] INFO:colcon.colcon_core.shell:Creating prefix script '/home/dhruv-bansal/igvc_sim_ws/install/local_setup.ps1'
[2.009s] INFO:colcon.colcon_core.shell:Creating prefix util module '/home/dhruv-bansal/igvc_sim_ws/install/_local_setup_util_ps1.py'
[2.011s] INFO:colcon.colcon_core.shell:Creating prefix chain script '/home/dhruv-bansal/igvc_sim_ws/install/setup.ps1'
[2.012s] INFO:colcon.colcon_core.shell:Creating prefix script '/home/dhruv-bansal/igvc_sim_ws/install/local_setup.sh'
[2.013s] INFO:colcon.colcon_core.shell:Creating prefix util module '/home/dhruv-bansal/igvc_sim_ws/install/_local_setup_util_sh.py'
[2.014s] INFO:colcon.colcon_core.shell:Creating prefix chain script '/home/dhruv-bansal/igvc_sim_ws/install/setup.sh'
[2.015s] INFO:colcon.colcon_core.shell:Creating prefix script '/home/dhruv-bansal/igvc_sim_ws/install/local_setup.bash'
[2.016s] INFO:colcon.colcon_core.shell:Creating prefix chain script '/home/dhruv-bansal/igvc_sim_ws/install/setup.bash'
[2.017s] INFO:colcon.colcon_core.shell:Creating prefix script '/home/dhruv-bansal/igvc_sim_ws/install/local_setup.zsh'
[2.018s] INFO:colcon.colcon_core.shell:Creating prefix chain script '/home/dhruv-bansal/igvc_sim_ws/install/setup.zsh'
