[0.024s] Invoking command in '/home/dhruv-bansal/igvc_sim_ws/build/igvc_bringup': CMAKE_PREFIX_PATH=${CMAKE_PREFIX_PATH}:/home/dhruv-bansal/Documents/ros_arm/install/arm_teleop:/opt/ros/jazzy DEBUGINFOD_URLS=https://debuginfod.ubuntu.com /usr/bin/cmake /home/dhruv-bansal/igvc_sim_ws/src/igvc_bringup -DCMAKE_INSTALL_PREFIX=/home/dhruv-bansal/igvc_sim_ws/install/igvc_bringup
[0.134s] -- The C compiler identification is GNU 13.3.0
[0.225s] -- The CXX compiler identification is GNU 13.3.0
[0.263s] -- Detecting C compiler ABI info
[0.438s] -- Detecting C compiler ABI info - done
[0.463s] -- Check for working C compiler: /usr/bin/cc - skipped
[0.463s] -- Detecting C compile features
[0.465s] -- Detecting C compile features - done
[0.485s] -- Detecting CXX compiler ABI info
[0.704s] -- Detecting CXX compiler ABI info - done
[0.729s] -- Check for working CXX compiler: /usr/bin/c++ - skipped
[0.729s] -- Detecting CXX compile features
[0.730s] -- Detecting CXX compile features - done
[0.735s] -- Found ament_cmake: 2.5.4 (/opt/ros/jazzy/share/ament_cmake/cmake)
[1.029s] -- Found Python3: /usr/bin/python3 (found version "3.12.3") found components: Interpreter 
[1.379s] -- Configuring done (1.3s)
[1.385s] -- Generating done (0.0s)
[1.387s] -- Build files have been written to: /home/dhruv-bansal/igvc_sim_ws/build/igvc_bringup
[1.395s] Invoked command in '/home/dhruv-bansal/igvc_sim_ws/build/igvc_bringup' returned '0': CMAKE_PREFIX_PATH=${CMAKE_PREFIX_PATH}:/home/dhruv-bansal/Documents/ros_arm/install/arm_teleop:/opt/ros/jazzy DEBUGINFOD_URLS=https://debuginfod.ubuntu.com /usr/bin/cmake /home/dhruv-bansal/igvc_sim_ws/src/igvc_bringup -DCMAKE_INSTALL_PREFIX=/home/dhruv-bansal/igvc_sim_ws/install/igvc_bringup
[1.397s] Invoking command in '/home/dhruv-bansal/igvc_sim_ws/build/igvc_bringup': CMAKE_PREFIX_PATH=${CMAKE_PREFIX_PATH}:/home/dhruv-bansal/Documents/ros_arm/install/arm_teleop:/opt/ros/jazzy DEBUGINFOD_URLS=https://debuginfod.ubuntu.com /usr/bin/cmake --build /home/dhruv-bansal/igvc_sim_ws/build/igvc_bringup -- -j12 -l12
[1.474s] Invoked command in '/home/dhruv-bansal/igvc_sim_ws/build/igvc_bringup' returned '0': CMAKE_PREFIX_PATH=${CMAKE_PREFIX_PATH}:/home/dhruv-bansal/Documents/ros_arm/install/arm_teleop:/opt/ros/jazzy DEBUGINFOD_URLS=https://debuginfod.ubuntu.com /usr/bin/cmake --build /home/dhruv-bansal/igvc_sim_ws/build/igvc_bringup -- -j12 -l12
[1.495s] Invoking command in '/home/dhruv-bansal/igvc_sim_ws/build/igvc_bringup': CMAKE_PREFIX_PATH=${CMAKE_PREFIX_PATH}:/home/dhruv-bansal/Documents/ros_arm/install/arm_teleop:/opt/ros/jazzy DEBUGINFOD_URLS=https://debuginfod.ubuntu.com /usr/bin/cmake --install /home/dhruv-bansal/igvc_sim_ws/build/igvc_bringup
[1.513s] -- Install configuration: ""
[1.513s] -- Installing: /home/dhruv-bansal/igvc_sim_ws/install/igvc_bringup/share/igvc_bringup/launch
[1.514s] -- Installing: /home/dhruv-bansal/igvc_sim_ws/install/igvc_bringup/share/igvc_bringup/launch/view_robot.launch.xml
[1.514s] -- Installing: /home/dhruv-bansal/igvc_sim_ws/install/igvc_bringup/share/igvc_bringup/launch/gazebo.launch.py
[1.514s] -- Installing: /home/dhruv-bansal/igvc_sim_ws/install/igvc_bringup/share/igvc_bringup/launch/view_robot.launch.py
[1.514s] -- Installing: /home/dhruv-bansal/igvc_sim_ws/install/igvc_bringup/share/ament_index/resource_index/package_run_dependencies/igvc_bringup
[1.515s] -- Installing: /home/dhruv-bansal/igvc_sim_ws/install/igvc_bringup/share/ament_index/resource_index/parent_prefix_path/igvc_bringup
[1.515s] -- Installing: /home/dhruv-bansal/igvc_sim_ws/install/igvc_bringup/share/igvc_bringup/environment/ament_prefix_path.sh
[1.516s] -- Installing: /home/dhruv-bansal/igvc_sim_ws/install/igvc_bringup/share/igvc_bringup/environment/ament_prefix_path.dsv
[1.516s] -- Installing: /home/dhruv-bansal/igvc_sim_ws/install/igvc_bringup/share/igvc_bringup/environment/path.sh
[1.517s] -- Installing: /home/dhruv-bansal/igvc_sim_ws/install/igvc_bringup/share/igvc_bringup/environment/path.dsv
[1.518s] -- Installing: /home/dhruv-bansal/igvc_sim_ws/install/igvc_bringup/share/igvc_bringup/local_setup.bash
[1.519s] -- Installing: /home/dhruv-bansal/igvc_sim_ws/install/igvc_bringup/share/igvc_bringup/local_setup.sh
[1.519s] -- Installing: /home/dhruv-bansal/igvc_sim_ws/install/igvc_bringup/share/igvc_bringup/local_setup.zsh
[1.519s] -- Installing: /home/dhruv-bansal/igvc_sim_ws/install/igvc_bringup/share/igvc_bringup/local_setup.dsv
[1.520s] -- Installing: /home/dhruv-bansal/igvc_sim_ws/install/igvc_bringup/share/igvc_bringup/package.dsv
[1.520s] -- Installing: /home/dhruv-bansal/igvc_sim_ws/install/igvc_bringup/share/ament_index/resource_index/packages/igvc_bringup
[1.522s] -- Installing: /home/dhruv-bansal/igvc_sim_ws/install/igvc_bringup/share/igvc_bringup/cmake/igvc_bringupConfig.cmake
[1.522s] -- Installing: /home/dhruv-bansal/igvc_sim_ws/install/igvc_bringup/share/igvc_bringup/cmake/igvc_bringupConfig-version.cmake
[1.522s] -- Installing: /home/dhruv-bansal/igvc_sim_ws/install/igvc_bringup/share/igvc_bringup/package.xml
[1.526s] Invoked command in '/home/dhruv-bansal/igvc_sim_ws/build/igvc_bringup' returned '0': CMAKE_PREFIX_PATH=${CMAKE_PREFIX_PATH}:/home/dhruv-bansal/Documents/ros_arm/install/arm_teleop:/opt/ros/jazzy DEBUGINFOD_URLS=https://debuginfod.ubuntu.com /usr/bin/cmake --install /home/dhruv-bansal/igvc_sim_ws/build/igvc_bringup
