[0.021s] Invoking command in '/home/dhruv-bansal/igvc_sim_ws/build/igvc_bringup': CMAKE_PREFIX_PATH=${CMAKE_PREFIX_PATH}:/opt/ros/jazzy DEBUGINFOD_URLS=https://debuginfod.ubuntu.com /usr/bin/cmake /home/dhruv-bansal/igvc_sim_ws/src/igvc_bringup -DCMAKE_INSTALL_PREFIX=/home/dhruv-bansal/igvc_sim_ws/install/igvc_bringup
[0.131s] -- The C compiler identification is GNU 13.3.0
[0.239s] -- The CXX compiler identification is GNU 13.3.0
[0.278s] -- Detecting C compiler ABI info
[0.449s] -- Detecting C compiler ABI info - done
[0.463s] -- Check for working C compiler: /usr/bin/cc - skipped
[0.464s] -- Detecting C compile features
[0.464s] -- Detecting C compile features - done
[0.481s] -- Detecting CXX compiler ABI info
[0.649s] -- Detecting CXX compiler ABI info - done
[0.663s] -- Check for working CXX compiler: /usr/bin/c++ - skipped
[0.664s] -- Detecting CXX compile features
[0.664s] -- Detecting CXX compile features - done
[0.669s] -- Found ament_cmake: 2.5.4 (/opt/ros/jazzy/share/ament_cmake/cmake)
[1.083s] -- Found Python3: /usr/bin/python3 (found version "3.12.3") found components: Interpreter 
[1.481s] -- Configuring done (1.4s)
[1.485s] -- Generating done (0.0s)
[1.487s] -- Build files have been written to: /home/dhruv-bansal/igvc_sim_ws/build/igvc_bringup
[1.496s] Invoked command in '/home/dhruv-bansal/igvc_sim_ws/build/igvc_bringup' returned '0': CMAKE_PREFIX_PATH=${CMAKE_PREFIX_PATH}:/opt/ros/jazzy DEBUGINFOD_URLS=https://debuginfod.ubuntu.com /usr/bin/cmake /home/dhruv-bansal/igvc_sim_ws/src/igvc_bringup -DCMAKE_INSTALL_PREFIX=/home/dhruv-bansal/igvc_sim_ws/install/igvc_bringup
[1.498s] Invoking command in '/home/dhruv-bansal/igvc_sim_ws/build/igvc_bringup': CMAKE_PREFIX_PATH=${CMAKE_PREFIX_PATH}:/opt/ros/jazzy DEBUGINFOD_URLS=https://debuginfod.ubuntu.com /usr/bin/cmake --build /home/dhruv-bansal/igvc_sim_ws/build/igvc_bringup -- -j12 -l12
[1.579s] Invoked command in '/home/dhruv-bansal/igvc_sim_ws/build/igvc_bringup' returned '0': CMAKE_PREFIX_PATH=${CMAKE_PREFIX_PATH}:/opt/ros/jazzy DEBUGINFOD_URLS=https://debuginfod.ubuntu.com /usr/bin/cmake --build /home/dhruv-bansal/igvc_sim_ws/build/igvc_bringup -- -j12 -l12
[1.601s] Invoking command in '/home/dhruv-bansal/igvc_sim_ws/build/igvc_bringup': CMAKE_PREFIX_PATH=${CMAKE_PREFIX_PATH}:/opt/ros/jazzy DEBUGINFOD_URLS=https://debuginfod.ubuntu.com /usr/bin/cmake --install /home/dhruv-bansal/igvc_sim_ws/build/igvc_bringup
[1.620s] -- Install configuration: ""
[1.621s] -- Installing: /home/dhruv-bansal/igvc_sim_ws/install/igvc_bringup/share/igvc_bringup/launch
[1.621s] -- Installing: /home/dhruv-bansal/igvc_sim_ws/install/igvc_bringup/share/igvc_bringup/launch/view_robot.launch.xml
[1.621s] -- Installing: /home/dhruv-bansal/igvc_sim_ws/install/igvc_bringup/share/igvc_bringup/launch/gazebo.launch.py
[1.621s] -- Installing: /home/dhruv-bansal/igvc_sim_ws/install/igvc_bringup/share/igvc_bringup/launch/view_robot.launch.py
[1.622s] -- Installing: /home/dhruv-bansal/igvc_sim_ws/install/igvc_bringup/share/ament_index/resource_index/package_run_dependencies/igvc_bringup
[1.622s] -- Installing: /home/dhruv-bansal/igvc_sim_ws/install/igvc_bringup/share/ament_index/resource_index/parent_prefix_path/igvc_bringup
[1.622s] -- Installing: /home/dhruv-bansal/igvc_sim_ws/install/igvc_bringup/share/igvc_bringup/environment/ament_prefix_path.sh
[1.623s] -- Installing: /home/dhruv-bansal/igvc_sim_ws/install/igvc_bringup/share/igvc_bringup/environment/ament_prefix_path.dsv
[1.623s] -- Installing: /home/dhruv-bansal/igvc_sim_ws/install/igvc_bringup/share/igvc_bringup/environment/path.sh
[1.623s] -- Installing: /home/dhruv-bansal/igvc_sim_ws/install/igvc_bringup/share/igvc_bringup/environment/path.dsv
[1.624s] -- Installing: /home/dhruv-bansal/igvc_sim_ws/install/igvc_bringup/share/igvc_bringup/local_setup.bash
[1.624s] -- Installing: /home/dhruv-bansal/igvc_sim_ws/install/igvc_bringup/share/igvc_bringup/local_setup.sh
[1.624s] -- Installing: /home/dhruv-bansal/igvc_sim_ws/install/igvc_bringup/share/igvc_bringup/local_setup.zsh
[1.625s] -- Installing: /home/dhruv-bansal/igvc_sim_ws/install/igvc_bringup/share/igvc_bringup/local_setup.dsv
[1.625s] -- Installing: /home/dhruv-bansal/igvc_sim_ws/install/igvc_bringup/share/igvc_bringup/package.dsv
[1.625s] -- Installing: /home/dhruv-bansal/igvc_sim_ws/install/igvc_bringup/share/ament_index/resource_index/packages/igvc_bringup
[1.626s] -- Installing: /home/dhruv-bansal/igvc_sim_ws/install/igvc_bringup/share/igvc_bringup/cmake/igvc_bringupConfig.cmake
[1.626s] -- Installing: /home/dhruv-bansal/igvc_sim_ws/install/igvc_bringup/share/igvc_bringup/cmake/igvc_bringupConfig-version.cmake
[1.626s] -- Installing: /home/dhruv-bansal/igvc_sim_ws/install/igvc_bringup/share/igvc_bringup/package.xml
[1.632s] Invoked command in '/home/dhruv-bansal/igvc_sim_ws/build/igvc_bringup' returned '0': CMAKE_PREFIX_PATH=${CMAKE_PREFIX_PATH}:/opt/ros/jazzy DEBUGINFOD_URLS=https://debuginfod.ubuntu.com /usr/bin/cmake --install /home/dhruv-bansal/igvc_sim_ws/build/igvc_bringup
