[0.118s] DEBUG:colcon:Command line arguments: ['/usr/bin/colcon', 'build']
[0.118s] DEBUG:colcon:Parsed command line arguments: Namespace(log_base=None, log_level=None, verb_name='build', build_base='build', install_base='install', merge_install=False, symlink_install=False, test_result_base=None, continue_on_error=False, executor='parallel', parallel_workers=12, event_handlers=None, ignore_user_meta=False, metas=['./colcon.meta'], base_paths=['.'], packages_ignore=None, packages_ignore_regex=None, paths=None, packages_up_to=None, packages_up_to_regex=None, packages_above=None, packages_above_and_dependencies=None, packages_above_depth=None, packages_select_by_dep=None, packages_skip_by_dep=None, packages_skip_up_to=None, packages_select_build_failed=False, packages_skip_build_finished=False, packages_select_test_failures=False, packages_skip_test_passed=False, packages_select=None, packages_skip=None, packages_select_regex=None, packages_skip_regex=None, packages_start=None, packages_end=None, allow_overriding=[], cmake_args=None, cmake_target=None, cmake_target_skip_unavailable=False, cmake_clean_cache=False, cmake_clean_first=False, cmake_force_configure=False, ament_cmake_args=None, catkin_cmake_args=None, catkin_skip_building_tests=False, mixin_files=None, mixin=None, verb_parser=<colcon_mixin.mixin.mixin_argument.MixinArgumentDecorator object at 0x7511dce843e0>, verb_extension=<colcon_core.verb.build.BuildVerb object at 0x7511dce5a900>, main=<bound method BuildVerb.main of <colcon_core.verb.build.BuildVerb object at 0x7511dce5a900>>, mixin_verb=('build',))
[0.164s] Level 1:colcon.colcon_core.package_discovery:discover_packages(colcon_meta) check parameters
[0.164s] Level 1:colcon.colcon_core.package_discovery:discover_packages(recursive) check parameters
[0.164s] Level 1:colcon.colcon_core.package_discovery:discover_packages(ignore) check parameters
[0.164s] Level 1:colcon.colcon_core.package_discovery:discover_packages(path) check parameters
[0.164s] Level 1:colcon.colcon_core.package_discovery:discover_packages(colcon_meta) discover
[0.164s] Level 1:colcon.colcon_core.package_discovery:discover_packages(recursive) discover
[0.164s] INFO:colcon.colcon_core.package_discovery:Crawling recursively for packages in '/home/dhruv-bansal/igvc_sim_ws'
[0.164s] Level 1:colcon.colcon_core.package_identification:_identify(.) by extensions ['ignore', 'ignore_ament_install']
[0.165s] Level 1:colcon.colcon_core.package_identification:_identify(.) by extension 'ignore'
[0.165s] Level 1:colcon.colcon_core.package_identification:_identify(.) by extension 'ignore_ament_install'
[0.165s] Level 1:colcon.colcon_core.package_identification:_identify(.) by extensions ['colcon_pkg']
[0.165s] Level 1:colcon.colcon_core.package_identification:_identify(.) by extension 'colcon_pkg'
[0.165s] Level 1:colcon.colcon_core.package_identification:_identify(.) by extensions ['colcon_meta']
[0.165s] Level 1:colcon.colcon_core.package_identification:_identify(.) by extension 'colcon_meta'
[0.165s] Level 1:colcon.colcon_core.package_identification:_identify(.) by extensions ['ros']
[0.165s] Level 1:colcon.colcon_core.package_identification:_identify(.) by extension 'ros'
[0.195s] Level 1:colcon.colcon_core.package_identification:_identify(.) by extensions ['cmake', 'python']
[0.196s] Level 1:colcon.colcon_core.package_identification:_identify(.) by extension 'cmake'
[0.196s] Level 1:colcon.colcon_core.package_identification:_identify(.) by extension 'python'
[0.196s] Level 1:colcon.colcon_core.package_identification:_identify(.) by extensions ['python_setup_py']
[0.196s] Level 1:colcon.colcon_core.package_identification:_identify(.) by extension 'python_setup_py'
[0.196s] Level 1:colcon.colcon_core.package_identification:_identify(build) by extensions ['ignore', 'ignore_ament_install']
[0.196s] Level 1:colcon.colcon_core.package_identification:_identify(build) by extension 'ignore'
[0.196s] Level 1:colcon.colcon_core.package_identification:_identify(build) ignored
[0.196s] Level 1:colcon.colcon_core.package_identification:_identify(install) by extensions ['ignore', 'ignore_ament_install']
[0.196s] Level 1:colcon.colcon_core.package_identification:_identify(install) by extension 'ignore'
[0.196s] Level 1:colcon.colcon_core.package_identification:_identify(install) ignored
[0.196s] Level 1:colcon.colcon_core.package_identification:_identify(log) by extensions ['ignore', 'ignore_ament_install']
[0.197s] Level 1:colcon.colcon_core.package_identification:_identify(log) by extension 'ignore'
[0.197s] Level 1:colcon.colcon_core.package_identification:_identify(log) ignored
[0.197s] Level 1:colcon.colcon_core.package_identification:_identify(src) by extensions ['ignore', 'ignore_ament_install']
[0.197s] Level 1:colcon.colcon_core.package_identification:_identify(src) by extension 'ignore'
[0.197s] Level 1:colcon.colcon_core.package_identification:_identify(src) by extension 'ignore_ament_install'
[0.197s] Level 1:colcon.colcon_core.package_identification:_identify(src) by extensions ['colcon_pkg']
[0.197s] Level 1:colcon.colcon_core.package_identification:_identify(src) by extension 'colcon_pkg'
[0.197s] Level 1:colcon.colcon_core.package_identification:_identify(src) by extensions ['colcon_meta']
[0.197s] Level 1:colcon.colcon_core.package_identification:_identify(src) by extension 'colcon_meta'
[0.197s] Level 1:colcon.colcon_core.package_identification:_identify(src) by extensions ['ros']
[0.197s] Level 1:colcon.colcon_core.package_identification:_identify(src) by extension 'ros'
[0.197s] Level 1:colcon.colcon_core.package_identification:_identify(src) by extensions ['cmake', 'python']
[0.197s] Level 1:colcon.colcon_core.package_identification:_identify(src) by extension 'cmake'
[0.197s] Level 1:colcon.colcon_core.package_identification:_identify(src) by extension 'python'
[0.197s] Level 1:colcon.colcon_core.package_identification:_identify(src) by extensions ['python_setup_py']
[0.197s] Level 1:colcon.colcon_core.package_identification:_identify(src) by extension 'python_setup_py'
[0.197s] Level 1:colcon.colcon_core.package_identification:_identify(src/igvc_bringup) by extensions ['ignore', 'ignore_ament_install']
[0.197s] Level 1:colcon.colcon_core.package_identification:_identify(src/igvc_bringup) by extension 'ignore'
[0.197s] Level 1:colcon.colcon_core.package_identification:_identify(src/igvc_bringup) by extension 'ignore_ament_install'
[0.197s] Level 1:colcon.colcon_core.package_identification:_identify(src/igvc_bringup) by extensions ['colcon_pkg']
[0.198s] Level 1:colcon.colcon_core.package_identification:_identify(src/igvc_bringup) by extension 'colcon_pkg'
[0.198s] Level 1:colcon.colcon_core.package_identification:_identify(src/igvc_bringup) by extensions ['colcon_meta']
[0.198s] Level 1:colcon.colcon_core.package_identification:_identify(src/igvc_bringup) by extension 'colcon_meta'
[0.198s] Level 1:colcon.colcon_core.package_identification:_identify(src/igvc_bringup) by extensions ['ros']
[0.198s] Level 1:colcon.colcon_core.package_identification:_identify(src/igvc_bringup) by extension 'ros'
[0.201s] DEBUG:colcon.colcon_core.package_identification:Package 'src/igvc_bringup' with type 'ros.ament_cmake' and name 'igvc_bringup'
[0.201s] Level 1:colcon.colcon_core.package_identification:_identify(src/igvc_description) by extensions ['ignore', 'ignore_ament_install']
[0.201s] Level 1:colcon.colcon_core.package_identification:_identify(src/igvc_description) by extension 'ignore'
[0.201s] Level 1:colcon.colcon_core.package_identification:_identify(src/igvc_description) by extension 'ignore_ament_install'
[0.201s] Level 1:colcon.colcon_core.package_identification:_identify(src/igvc_description) by extensions ['colcon_pkg']
[0.201s] Level 1:colcon.colcon_core.package_identification:_identify(src/igvc_description) by extension 'colcon_pkg'
[0.201s] Level 1:colcon.colcon_core.package_identification:_identify(src/igvc_description) by extensions ['colcon_meta']
[0.201s] Level 1:colcon.colcon_core.package_identification:_identify(src/igvc_description) by extension 'colcon_meta'
[0.201s] Level 1:colcon.colcon_core.package_identification:_identify(src/igvc_description) by extensions ['ros']
[0.201s] Level 1:colcon.colcon_core.package_identification:_identify(src/igvc_description) by extension 'ros'
[0.202s] DEBUG:colcon.colcon_core.package_identification:Package 'src/igvc_description' with type 'ros.ament_cmake' and name 'igvc_description'
[0.202s] Level 1:colcon.colcon_core.package_identification:_identify(src/igvc_gazebo) by extensions ['ignore', 'ignore_ament_install']
[0.202s] Level 1:colcon.colcon_core.package_identification:_identify(src/igvc_gazebo) by extension 'ignore'
[0.202s] Level 1:colcon.colcon_core.package_identification:_identify(src/igvc_gazebo) by extension 'ignore_ament_install'
[0.202s] Level 1:colcon.colcon_core.package_identification:_identify(src/igvc_gazebo) by extensions ['colcon_pkg']
[0.202s] Level 1:colcon.colcon_core.package_identification:_identify(src/igvc_gazebo) by extension 'colcon_pkg'
[0.202s] Level 1:colcon.colcon_core.package_identification:_identify(src/igvc_gazebo) by extensions ['colcon_meta']
[0.202s] Level 1:colcon.colcon_core.package_identification:_identify(src/igvc_gazebo) by extension 'colcon_meta'
[0.202s] Level 1:colcon.colcon_core.package_identification:_identify(src/igvc_gazebo) by extensions ['ros']
[0.202s] Level 1:colcon.colcon_core.package_identification:_identify(src/igvc_gazebo) by extension 'ros'
[0.203s] DEBUG:colcon.colcon_core.package_identification:Package 'src/igvc_gazebo' with type 'ros.ament_cmake' and name 'igvc_gazebo'
[0.203s] Level 1:colcon.colcon_core.package_discovery:discover_packages(recursive) using defaults
[0.203s] Level 1:colcon.colcon_core.package_discovery:discover_packages(ignore) discover
[0.203s] Level 1:colcon.colcon_core.package_discovery:discover_packages(ignore) using defaults
[0.203s] Level 1:colcon.colcon_core.package_discovery:discover_packages(path) discover
[0.203s] Level 1:colcon.colcon_core.package_discovery:discover_packages(path) using defaults
[0.225s] Level 1:colcon.colcon_core.package_discovery:discover_packages(prefix_path) check parameters
[0.225s] Level 1:colcon.colcon_core.package_discovery:discover_packages(prefix_path) discover
[0.228s] DEBUG:colcon.colcon_installed_package_information.package_discovery:Found 348 installed packages in /opt/ros/jazzy
[0.230s] Level 1:colcon.colcon_core.package_discovery:discover_packages(prefix_path) using defaults
[0.276s] Level 5:colcon.colcon_core.verb:set package 'igvc_bringup' build argument 'cmake_args' from command line to 'None'
[0.276s] Level 5:colcon.colcon_core.verb:set package 'igvc_bringup' build argument 'cmake_target' from command line to 'None'
[0.276s] Level 5:colcon.colcon_core.verb:set package 'igvc_bringup' build argument 'cmake_target_skip_unavailable' from command line to 'False'
[0.276s] Level 5:colcon.colcon_core.verb:set package 'igvc_bringup' build argument 'cmake_clean_cache' from command line to 'False'
[0.276s] Level 5:colcon.colcon_core.verb:set package 'igvc_bringup' build argument 'cmake_clean_first' from command line to 'False'
[0.276s] Level 5:colcon.colcon_core.verb:set package 'igvc_bringup' build argument 'cmake_force_configure' from command line to 'False'
[0.276s] Level 5:colcon.colcon_core.verb:set package 'igvc_bringup' build argument 'ament_cmake_args' from command line to 'None'
[0.276s] Level 5:colcon.colcon_core.verb:set package 'igvc_bringup' build argument 'catkin_cmake_args' from command line to 'None'
[0.276s] Level 5:colcon.colcon_core.verb:set package 'igvc_bringup' build argument 'catkin_skip_building_tests' from command line to 'False'
[0.276s] DEBUG:colcon.colcon_core.verb:Building package 'igvc_bringup' with the following arguments: {'ament_cmake_args': None, 'build_base': '/home/dhruv-bansal/igvc_sim_ws/build/igvc_bringup', 'catkin_cmake_args': None, 'catkin_skip_building_tests': False, 'cmake_args': None, 'cmake_clean_cache': False, 'cmake_clean_first': False, 'cmake_force_configure': False, 'cmake_target': None, 'cmake_target_skip_unavailable': False, 'install_base': '/home/dhruv-bansal/igvc_sim_ws/install/igvc_bringup', 'merge_install': False, 'path': '/home/dhruv-bansal/igvc_sim_ws/src/igvc_bringup', 'symlink_install': False, 'test_result_base': None}
[0.277s] Level 5:colcon.colcon_core.verb:set package 'igvc_description' build argument 'cmake_args' from command line to 'None'
[0.277s] Level 5:colcon.colcon_core.verb:set package 'igvc_description' build argument 'cmake_target' from command line to 'None'
[0.277s] Level 5:colcon.colcon_core.verb:set package 'igvc_description' build argument 'cmake_target_skip_unavailable' from command line to 'False'
[0.277s] Level 5:colcon.colcon_core.verb:set package 'igvc_description' build argument 'cmake_clean_cache' from command line to 'False'
[0.277s] Level 5:colcon.colcon_core.verb:set package 'igvc_description' build argument 'cmake_clean_first' from command line to 'False'
[0.277s] Level 5:colcon.colcon_core.verb:set package 'igvc_description' build argument 'cmake_force_configure' from command line to 'False'
[0.277s] Level 5:colcon.colcon_core.verb:set package 'igvc_description' build argument 'ament_cmake_args' from command line to 'None'
[0.277s] Level 5:colcon.colcon_core.verb:set package 'igvc_description' build argument 'catkin_cmake_args' from command line to 'None'
[0.277s] Level 5:colcon.colcon_core.verb:set package 'igvc_description' build argument 'catkin_skip_building_tests' from command line to 'False'
[0.277s] DEBUG:colcon.colcon_core.verb:Building package 'igvc_description' with the following arguments: {'ament_cmake_args': None, 'build_base': '/home/dhruv-bansal/igvc_sim_ws/build/igvc_description', 'catkin_cmake_args': None, 'catkin_skip_building_tests': False, 'cmake_args': None, 'cmake_clean_cache': False, 'cmake_clean_first': False, 'cmake_force_configure': False, 'cmake_target': None, 'cmake_target_skip_unavailable': False, 'install_base': '/home/dhruv-bansal/igvc_sim_ws/install/igvc_description', 'merge_install': False, 'path': '/home/dhruv-bansal/igvc_sim_ws/src/igvc_description', 'symlink_install': False, 'test_result_base': None}
[0.277s] Level 5:colcon.colcon_core.verb:set package 'igvc_gazebo' build argument 'cmake_args' from command line to 'None'
[0.277s] Level 5:colcon.colcon_core.verb:set package 'igvc_gazebo' build argument 'cmake_target' from command line to 'None'
[0.277s] Level 5:colcon.colcon_core.verb:set package 'igvc_gazebo' build argument 'cmake_target_skip_unavailable' from command line to 'False'
[0.277s] Level 5:colcon.colcon_core.verb:set package 'igvc_gazebo' build argument 'cmake_clean_cache' from command line to 'False'
[0.277s] Level 5:colcon.colcon_core.verb:set package 'igvc_gazebo' build argument 'cmake_clean_first' from command line to 'False'
[0.277s] Level 5:colcon.colcon_core.verb:set package 'igvc_gazebo' build argument 'cmake_force_configure' from command line to 'False'
[0.277s] Level 5:colcon.colcon_core.verb:set package 'igvc_gazebo' build argument 'ament_cmake_args' from command line to 'None'
[0.277s] Level 5:colcon.colcon_core.verb:set package 'igvc_gazebo' build argument 'catkin_cmake_args' from command line to 'None'
[0.277s] Level 5:colcon.colcon_core.verb:set package 'igvc_gazebo' build argument 'catkin_skip_building_tests' from command line to 'False'
[0.277s] DEBUG:colcon.colcon_core.verb:Building package 'igvc_gazebo' with the following arguments: {'ament_cmake_args': None, 'build_base': '/home/dhruv-bansal/igvc_sim_ws/build/igvc_gazebo', 'catkin_cmake_args': None, 'catkin_skip_building_tests': False, 'cmake_args': None, 'cmake_clean_cache': False, 'cmake_clean_first': False, 'cmake_force_configure': False, 'cmake_target': None, 'cmake_target_skip_unavailable': False, 'install_base': '/home/dhruv-bansal/igvc_sim_ws/install/igvc_gazebo', 'merge_install': False, 'path': '/home/dhruv-bansal/igvc_sim_ws/src/igvc_gazebo', 'symlink_install': False, 'test_result_base': None}
[0.277s] INFO:colcon.colcon_core.executor:Executing jobs using 'parallel' executor
[0.279s] DEBUG:colcon.colcon_parallel_executor.executor.parallel:run_until_complete
[0.279s] INFO:colcon.colcon_ros.task.ament_cmake.build:Building ROS package in '/home/dhruv-bansal/igvc_sim_ws/src/igvc_bringup' with build type 'ament_cmake'
[0.279s] INFO:colcon.colcon_cmake.task.cmake.build:Building CMake package in '/home/dhruv-bansal/igvc_sim_ws/src/igvc_bringup'
[0.282s] INFO:colcon.colcon_core.plugin_system:Skipping extension 'colcon_core.shell.bat': Not used on non-Windows systems
[0.283s] INFO:colcon.colcon_core.shell:Skip shell extension 'powershell' for command environment: Not usable outside of PowerShell
[0.283s] DEBUG:colcon.colcon_core.shell:Skip shell extension 'dsv' for command environment
[0.289s] INFO:colcon.colcon_ros.task.ament_cmake.build:Building ROS package in '/home/dhruv-bansal/igvc_sim_ws/src/igvc_description' with build type 'ament_cmake'
[0.290s] INFO:colcon.colcon_cmake.task.cmake.build:Building CMake package in '/home/dhruv-bansal/igvc_sim_ws/src/igvc_description'
[0.290s] INFO:colcon.colcon_core.shell:Skip shell extension 'powershell' for command environment: Not usable outside of PowerShell
[0.290s] DEBUG:colcon.colcon_core.shell:Skip shell extension 'dsv' for command environment
[0.295s] INFO:colcon.colcon_ros.task.ament_cmake.build:Building ROS package in '/home/dhruv-bansal/igvc_sim_ws/src/igvc_gazebo' with build type 'ament_cmake'
[0.295s] INFO:colcon.colcon_cmake.task.cmake.build:Building CMake package in '/home/dhruv-bansal/igvc_sim_ws/src/igvc_gazebo'
[0.295s] INFO:colcon.colcon_core.shell:Skip shell extension 'powershell' for command environment: Not usable outside of PowerShell
[0.295s] DEBUG:colcon.colcon_core.shell:Skip shell extension 'dsv' for command environment
[0.304s] DEBUG:colcon.colcon_core.event_handler.log_command:Invoking command in '/home/dhruv-bansal/igvc_sim_ws/build/igvc_bringup': CMAKE_PREFIX_PATH=${CMAKE_PREFIX_PATH}:/opt/ros/jazzy DEBUGINFOD_URLS=https://debuginfod.ubuntu.com /usr/bin/cmake /home/dhruv-bansal/igvc_sim_ws/src/igvc_bringup -DCMAKE_INSTALL_PREFIX=/home/dhruv-bansal/igvc_sim_ws/install/igvc_bringup
[0.306s] DEBUG:colcon.colcon_core.event_handler.log_command:Invoking command in '/home/dhruv-bansal/igvc_sim_ws/build/igvc_description': CMAKE_PREFIX_PATH=${CMAKE_PREFIX_PATH}:/opt/ros/jazzy DEBUGINFOD_URLS=https://debuginfod.ubuntu.com /usr/bin/cmake /home/dhruv-bansal/igvc_sim_ws/src/igvc_description -DCMAKE_INSTALL_PREFIX=/home/dhruv-bansal/igvc_sim_ws/install/igvc_description
[0.314s] DEBUG:colcon.colcon_core.event_handler.log_command:Invoking command in '/home/dhruv-bansal/igvc_sim_ws/build/igvc_gazebo': CMAKE_PREFIX_PATH=${CMAKE_PREFIX_PATH}:/opt/ros/jazzy DEBUGINFOD_URLS=https://debuginfod.ubuntu.com /usr/bin/cmake /home/dhruv-bansal/igvc_sim_ws/src/igvc_gazebo -DCMAKE_INSTALL_PREFIX=/home/dhruv-bansal/igvc_sim_ws/install/igvc_gazebo
[1.782s] DEBUG:colcon.colcon_core.event_handler.log_command:Invoked command in '/home/dhruv-bansal/igvc_sim_ws/build/igvc_gazebo' returned '0': CMAKE_PREFIX_PATH=${CMAKE_PREFIX_PATH}:/opt/ros/jazzy DEBUGINFOD_URLS=https://debuginfod.ubuntu.com /usr/bin/cmake /home/dhruv-bansal/igvc_sim_ws/src/igvc_gazebo -DCMAKE_INSTALL_PREFIX=/home/dhruv-bansal/igvc_sim_ws/install/igvc_gazebo
[1.786s] DEBUG:colcon.colcon_core.event_handler.log_command:Invoking command in '/home/dhruv-bansal/igvc_sim_ws/build/igvc_gazebo': CMAKE_PREFIX_PATH=${CMAKE_PREFIX_PATH}:/opt/ros/jazzy DEBUGINFOD_URLS=https://debuginfod.ubuntu.com /usr/bin/cmake --build /home/dhruv-bansal/igvc_sim_ws/build/igvc_gazebo -- -j12 -l12
[1.801s] DEBUG:colcon.colcon_core.event_handler.log_command:Invoked command in '/home/dhruv-bansal/igvc_sim_ws/build/igvc_bringup' returned '0': CMAKE_PREFIX_PATH=${CMAKE_PREFIX_PATH}:/opt/ros/jazzy DEBUGINFOD_URLS=https://debuginfod.ubuntu.com /usr/bin/cmake /home/dhruv-bansal/igvc_sim_ws/src/igvc_bringup -DCMAKE_INSTALL_PREFIX=/home/dhruv-bansal/igvc_sim_ws/install/igvc_bringup
[1.805s] DEBUG:colcon.colcon_core.event_handler.log_command:Invoking command in '/home/dhruv-bansal/igvc_sim_ws/build/igvc_bringup': CMAKE_PREFIX_PATH=${CMAKE_PREFIX_PATH}:/opt/ros/jazzy DEBUGINFOD_URLS=https://debuginfod.ubuntu.com /usr/bin/cmake --build /home/dhruv-bansal/igvc_sim_ws/build/igvc_bringup -- -j12 -l12
[1.825s] DEBUG:colcon.colcon_core.event_handler.log_command:Invoked command in '/home/dhruv-bansal/igvc_sim_ws/build/igvc_description' returned '0': CMAKE_PREFIX_PATH=${CMAKE_PREFIX_PATH}:/opt/ros/jazzy DEBUGINFOD_URLS=https://debuginfod.ubuntu.com /usr/bin/cmake /home/dhruv-bansal/igvc_sim_ws/src/igvc_description -DCMAKE_INSTALL_PREFIX=/home/dhruv-bansal/igvc_sim_ws/install/igvc_description
[1.827s] DEBUG:colcon.colcon_core.event_handler.log_command:Invoking command in '/home/dhruv-bansal/igvc_sim_ws/build/igvc_description': CMAKE_PREFIX_PATH=${CMAKE_PREFIX_PATH}:/opt/ros/jazzy DEBUGINFOD_URLS=https://debuginfod.ubuntu.com /usr/bin/cmake --build /home/dhruv-bansal/igvc_sim_ws/build/igvc_description -- -j12 -l12
[1.917s] DEBUG:colcon.colcon_core.event_handler.log_command:Invoked command in '/home/dhruv-bansal/igvc_sim_ws/build/igvc_gazebo' returned '0': CMAKE_PREFIX_PATH=${CMAKE_PREFIX_PATH}:/opt/ros/jazzy DEBUGINFOD_URLS=https://debuginfod.ubuntu.com /usr/bin/cmake --build /home/dhruv-bansal/igvc_sim_ws/build/igvc_gazebo -- -j12 -l12
[1.946s] DEBUG:colcon.colcon_core.event_handler.log_command:Invoking command in '/home/dhruv-bansal/igvc_sim_ws/build/igvc_gazebo': CMAKE_PREFIX_PATH=${CMAKE_PREFIX_PATH}:/opt/ros/jazzy DEBUGINFOD_URLS=https://debuginfod.ubuntu.com /usr/bin/cmake --install /home/dhruv-bansal/igvc_sim_ws/build/igvc_gazebo
[1.950s] DEBUG:colcon.colcon_core.event_handler.log_command:Invoked command in '/home/dhruv-bansal/igvc_sim_ws/build/igvc_bringup' returned '0': CMAKE_PREFIX_PATH=${CMAKE_PREFIX_PATH}:/opt/ros/jazzy DEBUGINFOD_URLS=https://debuginfod.ubuntu.com /usr/bin/cmake --build /home/dhruv-bansal/igvc_sim_ws/build/igvc_bringup -- -j12 -l12
[1.954s] DEBUG:colcon.colcon_core.event_handler.log_command:Invoking command in '/home/dhruv-bansal/igvc_sim_ws/build/igvc_bringup': CMAKE_PREFIX_PATH=${CMAKE_PREFIX_PATH}:/opt/ros/jazzy DEBUGINFOD_URLS=https://debuginfod.ubuntu.com /usr/bin/cmake --install /home/dhruv-bansal/igvc_sim_ws/build/igvc_bringup
[1.960s] DEBUG:colcon.colcon_core.event_handler.log_command:Invoked command in '/home/dhruv-bansal/igvc_sim_ws/build/igvc_description' returned '0': CMAKE_PREFIX_PATH=${CMAKE_PREFIX_PATH}:/opt/ros/jazzy DEBUGINFOD_URLS=https://debuginfod.ubuntu.com /usr/bin/cmake --build /home/dhruv-bansal/igvc_sim_ws/build/igvc_description -- -j12 -l12
[1.964s] DEBUG:colcon.colcon_core.event_handler.log_command:Invoking command in '/home/dhruv-bansal/igvc_sim_ws/build/igvc_description': CMAKE_PREFIX_PATH=${CMAKE_PREFIX_PATH}:/opt/ros/jazzy DEBUGINFOD_URLS=https://debuginfod.ubuntu.com /usr/bin/cmake --install /home/dhruv-bansal/igvc_sim_ws/build/igvc_description
[1.994s] Level 1:colcon.colcon_core.environment:create_environment_scripts_only(igvc_gazebo)
[2.010s] DEBUG:colcon.colcon_core.event_handler.log_command:Invoked command in '/home/dhruv-bansal/igvc_sim_ws/build/igvc_gazebo' returned '0': CMAKE_PREFIX_PATH=${CMAKE_PREFIX_PATH}:/opt/ros/jazzy DEBUGINFOD_URLS=https://debuginfod.ubuntu.com /usr/bin/cmake --install /home/dhruv-bansal/igvc_sim_ws/build/igvc_gazebo
[2.021s] Level 1:colcon.colcon_core.environment:checking '/home/dhruv-bansal/igvc_sim_ws/install/igvc_gazebo' for CMake module files
[2.027s] Level 1:colcon.colcon_core.environment:checking '/home/dhruv-bansal/igvc_sim_ws/install/igvc_gazebo' for CMake config files
[2.028s] Level 1:colcon.colcon_core.shell:create_environment_hook('igvc_gazebo', 'cmake_prefix_path')
[2.028s] INFO:colcon.colcon_core.shell:Creating environment hook '/home/dhruv-bansal/igvc_sim_ws/install/igvc_gazebo/share/igvc_gazebo/hook/cmake_prefix_path.ps1'
[2.031s] INFO:colcon.colcon_core.shell:Creating environment descriptor '/home/dhruv-bansal/igvc_sim_ws/install/igvc_gazebo/share/igvc_gazebo/hook/cmake_prefix_path.dsv'
[2.032s] INFO:colcon.colcon_core.shell:Creating environment hook '/home/dhruv-bansal/igvc_sim_ws/install/igvc_gazebo/share/igvc_gazebo/hook/cmake_prefix_path.sh'
[2.035s] Level 1:colcon.colcon_core.environment:checking '/home/dhruv-bansal/igvc_sim_ws/install/igvc_gazebo/bin'
[2.036s] Level 1:colcon.colcon_core.environment:checking '/home/dhruv-bansal/igvc_sim_ws/install/igvc_gazebo/lib/pkgconfig/igvc_gazebo.pc'
[2.037s] Level 1:colcon.colcon_core.environment:checking '/home/dhruv-bansal/igvc_sim_ws/install/igvc_gazebo/lib/python3.12/site-packages'
[2.038s] Level 1:colcon.colcon_core.environment:checking '/home/dhruv-bansal/igvc_sim_ws/install/igvc_gazebo/bin'
[2.039s] INFO:colcon.colcon_core.shell:Creating package script '/home/dhruv-bansal/igvc_sim_ws/install/igvc_gazebo/share/igvc_gazebo/package.ps1'
[2.042s] INFO:colcon.colcon_core.shell:Creating package descriptor '/home/dhruv-bansal/igvc_sim_ws/install/igvc_gazebo/share/igvc_gazebo/package.dsv'
[2.044s] INFO:colcon.colcon_core.shell:Creating package script '/home/dhruv-bansal/igvc_sim_ws/install/igvc_gazebo/share/igvc_gazebo/package.sh'
[2.045s] INFO:colcon.colcon_core.shell:Creating package script '/home/dhruv-bansal/igvc_sim_ws/install/igvc_gazebo/share/igvc_gazebo/package.bash'
[2.047s] INFO:colcon.colcon_core.shell:Creating package script '/home/dhruv-bansal/igvc_sim_ws/install/igvc_gazebo/share/igvc_gazebo/package.zsh'
[2.049s] Level 1:colcon.colcon_core.environment:create_file_with_runtime_dependencies(/home/dhruv-bansal/igvc_sim_ws/install/igvc_gazebo/share/colcon-core/packages/igvc_gazebo)
[2.050s] Level 1:colcon.colcon_core.environment:create_environment_scripts_only(igvc_gazebo)
[2.051s] Level 1:colcon.colcon_core.environment:checking '/home/dhruv-bansal/igvc_sim_ws/install/igvc_gazebo' for CMake module files
[2.052s] Level 1:colcon.colcon_core.environment:checking '/home/dhruv-bansal/igvc_sim_ws/install/igvc_gazebo' for CMake config files
[2.053s] Level 1:colcon.colcon_core.shell:create_environment_hook('igvc_gazebo', 'cmake_prefix_path')
[2.054s] INFO:colcon.colcon_core.shell:Creating environment hook '/home/dhruv-bansal/igvc_sim_ws/install/igvc_gazebo/share/igvc_gazebo/hook/cmake_prefix_path.ps1'
[2.055s] INFO:colcon.colcon_core.shell:Creating environment descriptor '/home/dhruv-bansal/igvc_sim_ws/install/igvc_gazebo/share/igvc_gazebo/hook/cmake_prefix_path.dsv'
[2.056s] INFO:colcon.colcon_core.shell:Creating environment hook '/home/dhruv-bansal/igvc_sim_ws/install/igvc_gazebo/share/igvc_gazebo/hook/cmake_prefix_path.sh'
[2.058s] Level 1:colcon.colcon_core.environment:checking '/home/dhruv-bansal/igvc_sim_ws/install/igvc_gazebo/bin'
[2.058s] Level 1:colcon.colcon_core.environment:checking '/home/dhruv-bansal/igvc_sim_ws/install/igvc_gazebo/lib/pkgconfig/igvc_gazebo.pc'
[2.059s] Level 1:colcon.colcon_core.environment:checking '/home/dhruv-bansal/igvc_sim_ws/install/igvc_gazebo/lib/python3.12/site-packages'
[2.060s] Level 1:colcon.colcon_core.environment:checking '/home/dhruv-bansal/igvc_sim_ws/install/igvc_gazebo/bin'
[2.061s] INFO:colcon.colcon_core.shell:Creating package script '/home/dhruv-bansal/igvc_sim_ws/install/igvc_gazebo/share/igvc_gazebo/package.ps1'
[2.062s] INFO:colcon.colcon_core.shell:Creating package descriptor '/home/dhruv-bansal/igvc_sim_ws/install/igvc_gazebo/share/igvc_gazebo/package.dsv'
[2.064s] INFO:colcon.colcon_core.shell:Creating package script '/home/dhruv-bansal/igvc_sim_ws/install/igvc_gazebo/share/igvc_gazebo/package.sh'
[2.065s] INFO:colcon.colcon_core.shell:Creating package script '/home/dhruv-bansal/igvc_sim_ws/install/igvc_gazebo/share/igvc_gazebo/package.bash'
[2.066s] INFO:colcon.colcon_core.shell:Creating package script '/home/dhruv-bansal/igvc_sim_ws/install/igvc_gazebo/share/igvc_gazebo/package.zsh'
[2.067s] Level 1:colcon.colcon_core.environment:create_file_with_runtime_dependencies(/home/dhruv-bansal/igvc_sim_ws/install/igvc_gazebo/share/colcon-core/packages/igvc_gazebo)
[2.071s] Level 1:colcon.colcon_core.environment:create_environment_scripts_only(igvc_description)
[2.072s] Level 1:colcon.colcon_core.environment:checking '/home/dhruv-bansal/igvc_sim_ws/install/igvc_description' for CMake module files
[2.073s] DEBUG:colcon.colcon_core.event_handler.log_command:Invoked command in '/home/dhruv-bansal/igvc_sim_ws/build/igvc_description' returned '0': CMAKE_PREFIX_PATH=${CMAKE_PREFIX_PATH}:/opt/ros/jazzy DEBUGINFOD_URLS=https://debuginfod.ubuntu.com /usr/bin/cmake --install /home/dhruv-bansal/igvc_sim_ws/build/igvc_description
[2.076s] Level 1:colcon.colcon_core.environment:checking '/home/dhruv-bansal/igvc_sim_ws/install/igvc_description' for CMake config files
[2.077s] Level 1:colcon.colcon_core.shell:create_environment_hook('igvc_description', 'cmake_prefix_path')
[2.078s] INFO:colcon.colcon_core.shell:Creating environment hook '/home/dhruv-bansal/igvc_sim_ws/install/igvc_description/share/igvc_description/hook/cmake_prefix_path.ps1'
[2.080s] INFO:colcon.colcon_core.shell:Creating environment descriptor '/home/dhruv-bansal/igvc_sim_ws/install/igvc_description/share/igvc_description/hook/cmake_prefix_path.dsv'
[2.082s] INFO:colcon.colcon_core.shell:Creating environment hook '/home/dhruv-bansal/igvc_sim_ws/install/igvc_description/share/igvc_description/hook/cmake_prefix_path.sh'
[2.084s] Level 1:colcon.colcon_core.environment:checking '/home/dhruv-bansal/igvc_sim_ws/install/igvc_description/bin'
[2.084s] Level 1:colcon.colcon_core.environment:checking '/home/dhruv-bansal/igvc_sim_ws/install/igvc_description/lib/pkgconfig/igvc_description.pc'
[2.085s] Level 1:colcon.colcon_core.environment:checking '/home/dhruv-bansal/igvc_sim_ws/install/igvc_description/lib/python3.12/site-packages'
[2.087s] Level 1:colcon.colcon_core.environment:checking '/home/dhruv-bansal/igvc_sim_ws/install/igvc_description/bin'
[2.088s] INFO:colcon.colcon_core.shell:Creating package script '/home/dhruv-bansal/igvc_sim_ws/install/igvc_description/share/igvc_description/package.ps1'
[2.090s] INFO:colcon.colcon_core.shell:Creating package descriptor '/home/dhruv-bansal/igvc_sim_ws/install/igvc_description/share/igvc_description/package.dsv'
[2.092s] INFO:colcon.colcon_core.shell:Creating package script '/home/dhruv-bansal/igvc_sim_ws/install/igvc_description/share/igvc_description/package.sh'
[2.093s] INFO:colcon.colcon_core.shell:Creating package script '/home/dhruv-bansal/igvc_sim_ws/install/igvc_description/share/igvc_description/package.bash'
[2.094s] INFO:colcon.colcon_core.shell:Creating package script '/home/dhruv-bansal/igvc_sim_ws/install/igvc_description/share/igvc_description/package.zsh'
[2.095s] Level 1:colcon.colcon_core.environment:create_file_with_runtime_dependencies(/home/dhruv-bansal/igvc_sim_ws/install/igvc_description/share/colcon-core/packages/igvc_description)
[2.096s] Level 1:colcon.colcon_core.environment:create_environment_scripts_only(igvc_description)
[2.097s] Level 1:colcon.colcon_core.environment:checking '/home/dhruv-bansal/igvc_sim_ws/install/igvc_description' for CMake module files
[2.098s] Level 1:colcon.colcon_core.environment:checking '/home/dhruv-bansal/igvc_sim_ws/install/igvc_description' for CMake config files
[2.099s] Level 1:colcon.colcon_core.shell:create_environment_hook('igvc_description', 'cmake_prefix_path')
[2.099s] INFO:colcon.colcon_core.shell:Creating environment hook '/home/dhruv-bansal/igvc_sim_ws/install/igvc_description/share/igvc_description/hook/cmake_prefix_path.ps1'
[2.101s] INFO:colcon.colcon_core.shell:Creating environment descriptor '/home/dhruv-bansal/igvc_sim_ws/install/igvc_description/share/igvc_description/hook/cmake_prefix_path.dsv'
[2.101s] INFO:colcon.colcon_core.shell:Creating environment hook '/home/dhruv-bansal/igvc_sim_ws/install/igvc_description/share/igvc_description/hook/cmake_prefix_path.sh'
[2.103s] Level 1:colcon.colcon_core.environment:checking '/home/dhruv-bansal/igvc_sim_ws/install/igvc_description/bin'
[2.103s] Level 1:colcon.colcon_core.environment:checking '/home/dhruv-bansal/igvc_sim_ws/install/igvc_description/lib/pkgconfig/igvc_description.pc'
[2.103s] Level 1:colcon.colcon_core.environment:checking '/home/dhruv-bansal/igvc_sim_ws/install/igvc_description/lib/python3.12/site-packages'
[2.104s] Level 1:colcon.colcon_core.environment:checking '/home/dhruv-bansal/igvc_sim_ws/install/igvc_description/bin'
[2.104s] INFO:colcon.colcon_core.shell:Creating package script '/home/dhruv-bansal/igvc_sim_ws/install/igvc_description/share/igvc_description/package.ps1'
[2.105s] INFO:colcon.colcon_core.shell:Creating package descriptor '/home/dhruv-bansal/igvc_sim_ws/install/igvc_description/share/igvc_description/package.dsv'
[2.106s] INFO:colcon.colcon_core.shell:Creating package script '/home/dhruv-bansal/igvc_sim_ws/install/igvc_description/share/igvc_description/package.sh'
[2.107s] INFO:colcon.colcon_core.shell:Creating package script '/home/dhruv-bansal/igvc_sim_ws/install/igvc_description/share/igvc_description/package.bash'
[2.107s] INFO:colcon.colcon_core.shell:Creating package script '/home/dhruv-bansal/igvc_sim_ws/install/igvc_description/share/igvc_description/package.zsh'
[2.108s] Level 1:colcon.colcon_core.environment:create_file_with_runtime_dependencies(/home/dhruv-bansal/igvc_sim_ws/install/igvc_description/share/colcon-core/packages/igvc_description)
[2.108s] Level 1:colcon.colcon_core.environment:create_environment_scripts_only(igvc_bringup)
[2.109s] Level 1:colcon.colcon_core.environment:checking '/home/dhruv-bansal/igvc_sim_ws/install/igvc_bringup' for CMake module files
[2.110s] Level 1:colcon.colcon_core.environment:checking '/home/dhruv-bansal/igvc_sim_ws/install/igvc_bringup' for CMake config files
[2.111s] DEBUG:colcon.colcon_core.event_handler.log_command:Invoked command in '/home/dhruv-bansal/igvc_sim_ws/build/igvc_bringup' returned '0': CMAKE_PREFIX_PATH=${CMAKE_PREFIX_PATH}:/opt/ros/jazzy DEBUGINFOD_URLS=https://debuginfod.ubuntu.com /usr/bin/cmake --install /home/dhruv-bansal/igvc_sim_ws/build/igvc_bringup
[2.111s] Level 1:colcon.colcon_core.shell:create_environment_hook('igvc_bringup', 'cmake_prefix_path')
[2.112s] INFO:colcon.colcon_core.shell:Creating environment hook '/home/dhruv-bansal/igvc_sim_ws/install/igvc_bringup/share/igvc_bringup/hook/cmake_prefix_path.ps1'
[2.113s] INFO:colcon.colcon_core.shell:Creating environment descriptor '/home/dhruv-bansal/igvc_sim_ws/install/igvc_bringup/share/igvc_bringup/hook/cmake_prefix_path.dsv'
[2.114s] INFO:colcon.colcon_core.shell:Creating environment hook '/home/dhruv-bansal/igvc_sim_ws/install/igvc_bringup/share/igvc_bringup/hook/cmake_prefix_path.sh'
[2.115s] Level 1:colcon.colcon_core.environment:checking '/home/dhruv-bansal/igvc_sim_ws/install/igvc_bringup/bin'
[2.116s] Level 1:colcon.colcon_core.environment:checking '/home/dhruv-bansal/igvc_sim_ws/install/igvc_bringup/lib/pkgconfig/igvc_bringup.pc'
[2.116s] Level 1:colcon.colcon_core.environment:checking '/home/dhruv-bansal/igvc_sim_ws/install/igvc_bringup/lib/python3.12/site-packages'
[2.117s] Level 1:colcon.colcon_core.environment:checking '/home/dhruv-bansal/igvc_sim_ws/install/igvc_bringup/bin'
[2.118s] INFO:colcon.colcon_core.shell:Creating package script '/home/dhruv-bansal/igvc_sim_ws/install/igvc_bringup/share/igvc_bringup/package.ps1'
[2.119s] INFO:colcon.colcon_core.shell:Creating package descriptor '/home/dhruv-bansal/igvc_sim_ws/install/igvc_bringup/share/igvc_bringup/package.dsv'
[2.120s] INFO:colcon.colcon_core.shell:Creating package script '/home/dhruv-bansal/igvc_sim_ws/install/igvc_bringup/share/igvc_bringup/package.sh'
[2.120s] INFO:colcon.colcon_core.shell:Creating package script '/home/dhruv-bansal/igvc_sim_ws/install/igvc_bringup/share/igvc_bringup/package.bash'
[2.121s] INFO:colcon.colcon_core.shell:Creating package script '/home/dhruv-bansal/igvc_sim_ws/install/igvc_bringup/share/igvc_bringup/package.zsh'
[2.122s] Level 1:colcon.colcon_core.environment:create_file_with_runtime_dependencies(/home/dhruv-bansal/igvc_sim_ws/install/igvc_bringup/share/colcon-core/packages/igvc_bringup)
[2.123s] Level 1:colcon.colcon_core.environment:create_environment_scripts_only(igvc_bringup)
[2.123s] Level 1:colcon.colcon_core.environment:checking '/home/dhruv-bansal/igvc_sim_ws/install/igvc_bringup' for CMake module files
[2.124s] Level 1:colcon.colcon_core.environment:checking '/home/dhruv-bansal/igvc_sim_ws/install/igvc_bringup' for CMake config files
[2.124s] Level 1:colcon.colcon_core.shell:create_environment_hook('igvc_bringup', 'cmake_prefix_path')
[2.125s] INFO:colcon.colcon_core.shell:Creating environment hook '/home/dhruv-bansal/igvc_sim_ws/install/igvc_bringup/share/igvc_bringup/hook/cmake_prefix_path.ps1'
[2.125s] INFO:colcon.colcon_core.shell:Creating environment descriptor '/home/dhruv-bansal/igvc_sim_ws/install/igvc_bringup/share/igvc_bringup/hook/cmake_prefix_path.dsv'
[2.126s] INFO:colcon.colcon_core.shell:Creating environment hook '/home/dhruv-bansal/igvc_sim_ws/install/igvc_bringup/share/igvc_bringup/hook/cmake_prefix_path.sh'
[2.127s] Level 1:colcon.colcon_core.environment:checking '/home/dhruv-bansal/igvc_sim_ws/install/igvc_bringup/bin'
[2.127s] Level 1:colcon.colcon_core.environment:checking '/home/dhruv-bansal/igvc_sim_ws/install/igvc_bringup/lib/pkgconfig/igvc_bringup.pc'
[2.128s] Level 1:colcon.colcon_core.environment:checking '/home/dhruv-bansal/igvc_sim_ws/install/igvc_bringup/lib/python3.12/site-packages'
[2.129s] Level 1:colcon.colcon_core.environment:checking '/home/dhruv-bansal/igvc_sim_ws/install/igvc_bringup/bin'
[2.129s] INFO:colcon.colcon_core.shell:Creating package script '/home/dhruv-bansal/igvc_sim_ws/install/igvc_bringup/share/igvc_bringup/package.ps1'
[2.130s] INFO:colcon.colcon_core.shell:Creating package descriptor '/home/dhruv-bansal/igvc_sim_ws/install/igvc_bringup/share/igvc_bringup/package.dsv'
[2.131s] INFO:colcon.colcon_core.shell:Creating package script '/home/dhruv-bansal/igvc_sim_ws/install/igvc_bringup/share/igvc_bringup/package.sh'
[2.132s] INFO:colcon.colcon_core.shell:Creating package script '/home/dhruv-bansal/igvc_sim_ws/install/igvc_bringup/share/igvc_bringup/package.bash'
[2.133s] INFO:colcon.colcon_core.shell:Creating package script '/home/dhruv-bansal/igvc_sim_ws/install/igvc_bringup/share/igvc_bringup/package.zsh'
[2.133s] Level 1:colcon.colcon_core.environment:create_file_with_runtime_dependencies(/home/dhruv-bansal/igvc_sim_ws/install/igvc_bringup/share/colcon-core/packages/igvc_bringup)
[2.134s] DEBUG:colcon.colcon_parallel_executor.executor.parallel:closing loop
[2.134s] DEBUG:colcon.colcon_parallel_executor.executor.parallel:loop closed
[2.134s] DEBUG:colcon.colcon_parallel_executor.executor.parallel:run_until_complete finished with '0'
[2.134s] DEBUG:colcon.colcon_core.event_reactor:joining thread
[2.144s] INFO:colcon.colcon_core.plugin_system:Skipping extension 'colcon_notification.desktop_notification.terminal_notifier': Not used on non-Darwin systems
[2.144s] INFO:colcon.colcon_core.plugin_system:Skipping extension 'colcon_notification.desktop_notification.win32': Not used on non-Windows systems
[2.144s] INFO:colcon.colcon_notification.desktop_notification:Sending desktop notification using 'notify2'
[2.174s] DEBUG:colcon.colcon_core.event_reactor:joined thread
[2.175s] INFO:colcon.colcon_core.shell:Creating prefix script '/home/dhruv-bansal/igvc_sim_ws/install/local_setup.ps1'
[2.176s] INFO:colcon.colcon_core.shell:Creating prefix util module '/home/dhruv-bansal/igvc_sim_ws/install/_local_setup_util_ps1.py'
[2.178s] INFO:colcon.colcon_core.shell:Creating prefix chain script '/home/dhruv-bansal/igvc_sim_ws/install/setup.ps1'
[2.179s] INFO:colcon.colcon_core.shell:Creating prefix script '/home/dhruv-bansal/igvc_sim_ws/install/local_setup.sh'
[2.180s] INFO:colcon.colcon_core.shell:Creating prefix util module '/home/dhruv-bansal/igvc_sim_ws/install/_local_setup_util_sh.py'
[2.180s] INFO:colcon.colcon_core.shell:Creating prefix chain script '/home/dhruv-bansal/igvc_sim_ws/install/setup.sh'
[2.182s] INFO:colcon.colcon_core.shell:Creating prefix script '/home/dhruv-bansal/igvc_sim_ws/install/local_setup.bash'
[2.182s] INFO:colcon.colcon_core.shell:Creating prefix chain script '/home/dhruv-bansal/igvc_sim_ws/install/setup.bash'
[2.184s] INFO:colcon.colcon_core.shell:Creating prefix script '/home/dhruv-bansal/igvc_sim_ws/install/local_setup.zsh'
[2.184s] INFO:colcon.colcon_core.shell:Creating prefix chain script '/home/dhruv-bansal/igvc_sim_ws/install/setup.zsh'
