[0.014s] Invoking command in '/home/dhruv-bansal/igvc_sim_ws/build/igvc_gazebo': CMAKE_PREFIX_PATH=${CMAKE_PREFIX_PATH}:/home/dhruv-bansal/Documents/ros_arm/install/arm_teleop:/opt/ros/jazzy DEBUGINFOD_URLS=https://debuginfod.ubuntu.com /usr/bin/cmake /home/dhruv-bansal/igvc_sim_ws/src/igvc_gazebo -DCMAKE_INSTALL_PREFIX=/home/dhruv-bansal/igvc_sim_ws/install/igvc_gazebo
[0.066s] -- The C compiler identification is GNU 13.3.0
[0.126s] -- The CXX compiler identification is GNU 13.3.0
[0.142s] -- Detecting C compiler ABI info
[0.231s] -- Detecting C compiler ABI info - done
[0.238s] -- Check for working C compiler: /usr/bin/cc - skipped
[0.238s] -- Detecting C compile features
[0.238s] -- Detecting C compile features - done
[0.246s] -- Detecting CXX compiler ABI info
[0.368s] -- Detecting CXX compiler ABI info - done
[0.383s] -- Check for working CXX compiler: /usr/bin/c++ - skipped
[0.383s] -- Detecting CXX compile features
[0.384s] -- Detecting CXX compile features - done
[0.390s] -- Found ament_cmake: 2.5.4 (/opt/ros/jazzy/share/ament_cmake/cmake)
[0.557s] -- Found Python3: /usr/bin/python3 (found version "3.12.3") found components: Interpreter 
[0.692s] -- Found ament_lint_auto: 0.17.3 (/opt/ros/jazzy/share/ament_lint_auto/cmake)
[0.781s] -- Added test 'lint_cmake' to check CMake code style
[0.782s] -- Added test 'xmllint' to check XML markup files
[0.783s] -- Configuring done (0.8s)
[0.786s] -- Generating done (0.0s)
[0.787s] -- Build files have been written to: /home/dhruv-bansal/igvc_sim_ws/build/igvc_gazebo
[0.797s] Invoked command in '/home/dhruv-bansal/igvc_sim_ws/build/igvc_gazebo' returned '0': CMAKE_PREFIX_PATH=${CMAKE_PREFIX_PATH}:/home/dhruv-bansal/Documents/ros_arm/install/arm_teleop:/opt/ros/jazzy DEBUGINFOD_URLS=https://debuginfod.ubuntu.com /usr/bin/cmake /home/dhruv-bansal/igvc_sim_ws/src/igvc_gazebo -DCMAKE_INSTALL_PREFIX=/home/dhruv-bansal/igvc_sim_ws/install/igvc_gazebo
[0.798s] Invoking command in '/home/dhruv-bansal/igvc_sim_ws/build/igvc_gazebo': CMAKE_PREFIX_PATH=${CMAKE_PREFIX_PATH}:/home/dhruv-bansal/Documents/ros_arm/install/arm_teleop:/opt/ros/jazzy DEBUGINFOD_URLS=https://debuginfod.ubuntu.com /usr/bin/cmake --build /home/dhruv-bansal/igvc_sim_ws/build/igvc_gazebo -- -j12 -l12
[0.845s] Invoked command in '/home/dhruv-bansal/igvc_sim_ws/build/igvc_gazebo' returned '0': CMAKE_PREFIX_PATH=${CMAKE_PREFIX_PATH}:/home/dhruv-bansal/Documents/ros_arm/install/arm_teleop:/opt/ros/jazzy DEBUGINFOD_URLS=https://debuginfod.ubuntu.com /usr/bin/cmake --build /home/dhruv-bansal/igvc_sim_ws/build/igvc_gazebo -- -j12 -l12
[0.846s] Invoking command in '/home/dhruv-bansal/igvc_sim_ws/build/igvc_gazebo': CMAKE_PREFIX_PATH=${CMAKE_PREFIX_PATH}:/home/dhruv-bansal/Documents/ros_arm/install/arm_teleop:/opt/ros/jazzy DEBUGINFOD_URLS=https://debuginfod.ubuntu.com /usr/bin/cmake --install /home/dhruv-bansal/igvc_sim_ws/build/igvc_gazebo
[0.856s] -- Install configuration: ""
[0.856s] -- Installing: /home/dhruv-bansal/igvc_sim_ws/install/igvc_gazebo/share/igvc_gazebo/worlds
[0.856s] -- Installing: /home/dhruv-bansal/igvc_sim_ws/install/igvc_gazebo/share/igvc_gazebo/worlds/stable.world
[0.857s] -- Installing: /home/dhruv-bansal/igvc_sim_ws/install/igvc_gazebo/share/ament_index/resource_index/package_run_dependencies/igvc_gazebo
[0.857s] -- Installing: /home/dhruv-bansal/igvc_sim_ws/install/igvc_gazebo/share/ament_index/resource_index/parent_prefix_path/igvc_gazebo
[0.857s] -- Installing: /home/dhruv-bansal/igvc_sim_ws/install/igvc_gazebo/share/igvc_gazebo/environment/ament_prefix_path.sh
[0.857s] -- Installing: /home/dhruv-bansal/igvc_sim_ws/install/igvc_gazebo/share/igvc_gazebo/environment/ament_prefix_path.dsv
[0.857s] -- Installing: /home/dhruv-bansal/igvc_sim_ws/install/igvc_gazebo/share/igvc_gazebo/environment/path.sh
[0.857s] -- Installing: /home/dhruv-bansal/igvc_sim_ws/install/igvc_gazebo/share/igvc_gazebo/environment/path.dsv
[0.857s] -- Installing: /home/dhruv-bansal/igvc_sim_ws/install/igvc_gazebo/share/igvc_gazebo/local_setup.bash
[0.858s] -- Installing: /home/dhruv-bansal/igvc_sim_ws/install/igvc_gazebo/share/igvc_gazebo/local_setup.sh
[0.858s] -- Installing: /home/dhruv-bansal/igvc_sim_ws/install/igvc_gazebo/share/igvc_gazebo/local_setup.zsh
[0.858s] -- Installing: /home/dhruv-bansal/igvc_sim_ws/install/igvc_gazebo/share/igvc_gazebo/local_setup.dsv
[0.858s] -- Installing: /home/dhruv-bansal/igvc_sim_ws/install/igvc_gazebo/share/igvc_gazebo/package.dsv
[0.858s] -- Installing: /home/dhruv-bansal/igvc_sim_ws/install/igvc_gazebo/share/ament_index/resource_index/packages/igvc_gazebo
[0.858s] -- Installing: /home/dhruv-bansal/igvc_sim_ws/install/igvc_gazebo/share/igvc_gazebo/cmake/igvc_gazeboConfig.cmake
[0.859s] -- Installing: /home/dhruv-bansal/igvc_sim_ws/install/igvc_gazebo/share/igvc_gazebo/cmake/igvc_gazeboConfig-version.cmake
[0.859s] -- Installing: /home/dhruv-bansal/igvc_sim_ws/install/igvc_gazebo/share/igvc_gazebo/package.xml
[0.860s] Invoked command in '/home/dhruv-bansal/igvc_sim_ws/build/igvc_gazebo' returned '0': CMAKE_PREFIX_PATH=${CMAKE_PREFIX_PATH}:/home/dhruv-bansal/Documents/ros_arm/install/arm_teleop:/opt/ros/jazzy DEBUGINFOD_URLS=https://debuginfod.ubuntu.com /usr/bin/cmake --install /home/dhruv-bansal/igvc_sim_ws/build/igvc_gazebo
