[0.023s] Invoking command in '/home/dhruv-bansal/igvc_sim_ws/build/igvc_description': CMAKE_PREFIX_PATH=${CMAKE_PREFIX_PATH}:/home/dhruv-bansal/Documents/ros_arm/install/arm_teleop:/opt/ros/jazzy DEBUGINFOD_URLS=https://debuginfod.ubuntu.com /usr/bin/cmake /home/dhruv-bansal/igvc_sim_ws/src/igvc_description -DCMAKE_INSTALL_PREFIX=/home/dhruv-bansal/igvc_sim_ws/install/igvc_description
[0.124s] -- The C compiler identification is GNU 13.3.0
[0.235s] -- The CXX compiler identification is GNU 13.3.0
[0.272s] -- Detecting C compiler ABI info
[0.459s] -- Detecting C compiler ABI info - done
[0.472s] -- Check for working C compiler: /usr/bin/cc - skipped
[0.473s] -- Detecting C compile features
[0.473s] -- Detecting C compile features - done
[0.493s] -- Detecting CXX compiler ABI info
[0.674s] -- Detecting CXX compiler ABI info - done
[0.703s] -- Check for working CXX compiler: /usr/bin/c++ - skipped
[0.703s] -- Detecting CXX compile features
[0.704s] -- Detecting CXX compile features - done
[0.714s] -- Found ament_cmake: 2.5.4 (/opt/ros/jazzy/share/ament_cmake/cmake)
[1.124s] -- Found Python3: /usr/bin/python3 (found version "3.12.3") found components: Interpreter 
[1.339s] -- Found ament_lint_auto: 0.17.3 (/opt/ros/jazzy/share/ament_lint_auto/cmake)
[1.492s] -- Added test 'lint_cmake' to check CMake code style
[1.494s] -- Added test 'xmllint' to check XML markup files
[1.496s] -- Configuring done (1.5s)
[1.499s] -- Generating done (0.0s)
[1.501s] -- Build files have been written to: /home/dhruv-bansal/igvc_sim_ws/build/igvc_description
[1.513s] Invoked command in '/home/dhruv-bansal/igvc_sim_ws/build/igvc_description' returned '0': CMAKE_PREFIX_PATH=${CMAKE_PREFIX_PATH}:/home/dhruv-bansal/Documents/ros_arm/install/arm_teleop:/opt/ros/jazzy DEBUGINFOD_URLS=https://debuginfod.ubuntu.com /usr/bin/cmake /home/dhruv-bansal/igvc_sim_ws/src/igvc_description -DCMAKE_INSTALL_PREFIX=/home/dhruv-bansal/igvc_sim_ws/install/igvc_description
[1.515s] Invoking command in '/home/dhruv-bansal/igvc_sim_ws/build/igvc_description': CMAKE_PREFIX_PATH=${CMAKE_PREFIX_PATH}:/home/dhruv-bansal/Documents/ros_arm/install/arm_teleop:/opt/ros/jazzy DEBUGINFOD_URLS=https://debuginfod.ubuntu.com /usr/bin/cmake --build /home/dhruv-bansal/igvc_sim_ws/build/igvc_description -- -j12 -l12
[1.592s] Invoked command in '/home/dhruv-bansal/igvc_sim_ws/build/igvc_description' returned '0': CMAKE_PREFIX_PATH=${CMAKE_PREFIX_PATH}:/home/dhruv-bansal/Documents/ros_arm/install/arm_teleop:/opt/ros/jazzy DEBUGINFOD_URLS=https://debuginfod.ubuntu.com /usr/bin/cmake --build /home/dhruv-bansal/igvc_sim_ws/build/igvc_description -- -j12 -l12
[1.594s] Invoking command in '/home/dhruv-bansal/igvc_sim_ws/build/igvc_description': CMAKE_PREFIX_PATH=${CMAKE_PREFIX_PATH}:/home/dhruv-bansal/Documents/ros_arm/install/arm_teleop:/opt/ros/jazzy DEBUGINFOD_URLS=https://debuginfod.ubuntu.com /usr/bin/cmake --install /home/dhruv-bansal/igvc_sim_ws/build/igvc_description
[1.611s] -- Install configuration: ""
[1.611s] -- Installing: /home/dhruv-bansal/igvc_sim_ws/install/igvc_description/share/igvc_description/urdf
[1.611s] -- Installing: /home/dhruv-bansal/igvc_sim_ws/install/igvc_description/share/igvc_description/urdf/wheels.xacro
[1.612s] -- Installing: /home/dhruv-bansal/igvc_sim_ws/install/igvc_description/share/igvc_description/urdf/sensors.xacro
[1.612s] -- Installing: /home/dhruv-bansal/igvc_sim_ws/install/igvc_description/share/igvc_description/urdf/gazebo_plugins.xacro
[1.612s] -- Installing: /home/dhruv-bansal/igvc_sim_ws/install/igvc_description/share/igvc_description/urdf/robot.xacro
[1.612s] -- Installing: /home/dhruv-bansal/igvc_sim_ws/install/igvc_description/share/igvc_description/urdf/base.xacro
[1.612s] -- Installing: /home/dhruv-bansal/igvc_sim_ws/install/igvc_description/share/igvc_description/urdf/robot.urdf
[1.613s] -- Installing: /home/dhruv-bansal/igvc_sim_ws/install/igvc_description/share/ament_index/resource_index/package_run_dependencies/igvc_description
[1.613s] -- Installing: /home/dhruv-bansal/igvc_sim_ws/install/igvc_description/share/ament_index/resource_index/parent_prefix_path/igvc_description
[1.613s] -- Installing: /home/dhruv-bansal/igvc_sim_ws/install/igvc_description/share/igvc_description/environment/ament_prefix_path.sh
[1.613s] -- Installing: /home/dhruv-bansal/igvc_sim_ws/install/igvc_description/share/igvc_description/environment/ament_prefix_path.dsv
[1.614s] -- Installing: /home/dhruv-bansal/igvc_sim_ws/install/igvc_description/share/igvc_description/environment/path.sh
[1.614s] -- Installing: /home/dhruv-bansal/igvc_sim_ws/install/igvc_description/share/igvc_description/environment/path.dsv
[1.614s] -- Installing: /home/dhruv-bansal/igvc_sim_ws/install/igvc_description/share/igvc_description/local_setup.bash
[1.614s] -- Installing: /home/dhruv-bansal/igvc_sim_ws/install/igvc_description/share/igvc_description/local_setup.sh
[1.614s] -- Installing: /home/dhruv-bansal/igvc_sim_ws/install/igvc_description/share/igvc_description/local_setup.zsh
[1.614s] -- Installing: /home/dhruv-bansal/igvc_sim_ws/install/igvc_description/share/igvc_description/local_setup.dsv
[1.615s] -- Installing: /home/dhruv-bansal/igvc_sim_ws/install/igvc_description/share/igvc_description/package.dsv
[1.615s] -- Installing: /home/dhruv-bansal/igvc_sim_ws/install/igvc_description/share/ament_index/resource_index/packages/igvc_description
[1.615s] -- Installing: /home/dhruv-bansal/igvc_sim_ws/install/igvc_description/share/igvc_description/cmake/igvc_descriptionConfig.cmake
[1.615s] -- Installing: /home/dhruv-bansal/igvc_sim_ws/install/igvc_description/share/igvc_description/cmake/igvc_descriptionConfig-version.cmake
[1.615s] -- Installing: /home/dhruv-bansal/igvc_sim_ws/install/igvc_description/share/igvc_description/package.xml
[1.617s] Invoked command in '/home/dhruv-bansal/igvc_sim_ws/build/igvc_description' returned '0': CMAKE_PREFIX_PATH=${CMAKE_PREFIX_PATH}:/home/dhruv-bansal/Documents/ros_arm/install/arm_teleop:/opt/ros/jazzy DEBUGINFOD_URLS=https://debuginfod.ubuntu.com /usr/bin/cmake --install /home/dhruv-bansal/igvc_sim_ws/build/igvc_description
