[0.018s] Invoking command in '/home/dhruv-bansal/igvc_sim_ws/build/igvc_gazebo': CMAKE_PREFIX_PATH=${CMAKE_PREFIX_PATH}:/opt/ros/jazzy DEBUGINFOD_URLS=https://debuginfod.ubuntu.com /usr/bin/cmake /home/dhruv-bansal/igvc_sim_ws/src/igvc_gazebo -DCMAKE_INSTALL_PREFIX=/home/dhruv-bansal/igvc_sim_ws/install/igvc_gazebo
[0.124s] -- The C compiler identification is GNU 13.3.0
[0.234s] -- The CXX compiler identification is GNU 13.3.0
[0.272s] -- Detecting C compiler ABI info
[0.457s] -- Detecting C compiler ABI info - done
[0.480s] -- Check for working C compiler: /usr/bin/cc - skipped
[0.480s] -- Detecting C compile features
[0.481s] -- Detecting C compile features - done
[0.498s] -- Detecting CXX compiler ABI info
[0.701s] -- Detecting CXX compiler ABI info - done
[0.730s] -- Check for working CXX compiler: /usr/bin/c++ - skipped
[0.730s] -- Detecting CXX compile features
[0.732s] -- Detecting CXX compile features - done
[0.742s] -- Found ament_cmake: 2.5.4 (/opt/ros/jazzy/share/ament_cmake/cmake)
[1.164s] -- Found Python3: /usr/bin/python3 (found version "3.12.3") found components: Interpreter 
[1.374s] -- Found ament_lint_auto: 0.17.3 (/opt/ros/jazzy/share/ament_lint_auto/cmake)
[1.597s] -- Added test 'lint_cmake' to check CMake code style
[1.599s] -- Added test 'xmllint' to check XML markup files
[1.601s] -- Configuring done (1.6s)
[1.605s] -- Generating done (0.0s)
[1.608s] -- Build files have been written to: /home/dhruv-bansal/igvc_sim_ws/build/igvc_gazebo
[1.616s] Invoked command in '/home/dhruv-bansal/igvc_sim_ws/build/igvc_gazebo' returned '0': CMAKE_PREFIX_PATH=${CMAKE_PREFIX_PATH}:/opt/ros/jazzy DEBUGINFOD_URLS=https://debuginfod.ubuntu.com /usr/bin/cmake /home/dhruv-bansal/igvc_sim_ws/src/igvc_gazebo -DCMAKE_INSTALL_PREFIX=/home/dhruv-bansal/igvc_sim_ws/install/igvc_gazebo
[1.618s] Invoking command in '/home/dhruv-bansal/igvc_sim_ws/build/igvc_gazebo': CMAKE_PREFIX_PATH=${CMAKE_PREFIX_PATH}:/opt/ros/jazzy DEBUGINFOD_URLS=https://debuginfod.ubuntu.com /usr/bin/cmake --build /home/dhruv-bansal/igvc_sim_ws/build/igvc_gazebo -- -j12 -l12
[1.693s] Invoked command in '/home/dhruv-bansal/igvc_sim_ws/build/igvc_gazebo' returned '0': CMAKE_PREFIX_PATH=${CMAKE_PREFIX_PATH}:/opt/ros/jazzy DEBUGINFOD_URLS=https://debuginfod.ubuntu.com /usr/bin/cmake --build /home/dhruv-bansal/igvc_sim_ws/build/igvc_gazebo -- -j12 -l12
[1.695s] Invoking command in '/home/dhruv-bansal/igvc_sim_ws/build/igvc_gazebo': CMAKE_PREFIX_PATH=${CMAKE_PREFIX_PATH}:/opt/ros/jazzy DEBUGINFOD_URLS=https://debuginfod.ubuntu.com /usr/bin/cmake --install /home/dhruv-bansal/igvc_sim_ws/build/igvc_gazebo
[1.714s] -- Install configuration: ""
[1.714s] -- Installing: /home/dhruv-bansal/igvc_sim_ws/install/igvc_gazebo/share/igvc_gazebo/worlds
[1.714s] -- Installing: /home/dhruv-bansal/igvc_sim_ws/install/igvc_gazebo/share/igvc_gazebo/worlds/stable.world
[1.715s] -- Installing: /home/dhruv-bansal/igvc_sim_ws/install/igvc_gazebo/share/ament_index/resource_index/package_run_dependencies/igvc_gazebo
[1.715s] -- Installing: /home/dhruv-bansal/igvc_sim_ws/install/igvc_gazebo/share/ament_index/resource_index/parent_prefix_path/igvc_gazebo
[1.715s] -- Installing: /home/dhruv-bansal/igvc_sim_ws/install/igvc_gazebo/share/igvc_gazebo/environment/ament_prefix_path.sh
[1.715s] -- Installing: /home/dhruv-bansal/igvc_sim_ws/install/igvc_gazebo/share/igvc_gazebo/environment/ament_prefix_path.dsv
[1.716s] -- Installing: /home/dhruv-bansal/igvc_sim_ws/install/igvc_gazebo/share/igvc_gazebo/environment/path.sh
[1.716s] -- Installing: /home/dhruv-bansal/igvc_sim_ws/install/igvc_gazebo/share/igvc_gazebo/environment/path.dsv
[1.716s] -- Installing: /home/dhruv-bansal/igvc_sim_ws/install/igvc_gazebo/share/igvc_gazebo/local_setup.bash
[1.716s] -- Installing: /home/dhruv-bansal/igvc_sim_ws/install/igvc_gazebo/share/igvc_gazebo/local_setup.sh
[1.716s] -- Installing: /home/dhruv-bansal/igvc_sim_ws/install/igvc_gazebo/share/igvc_gazebo/local_setup.zsh
[1.716s] -- Installing: /home/dhruv-bansal/igvc_sim_ws/install/igvc_gazebo/share/igvc_gazebo/local_setup.dsv
[1.717s] -- Installing: /home/dhruv-bansal/igvc_sim_ws/install/igvc_gazebo/share/igvc_gazebo/package.dsv
[1.717s] -- Installing: /home/dhruv-bansal/igvc_sim_ws/install/igvc_gazebo/share/ament_index/resource_index/packages/igvc_gazebo
[1.717s] -- Installing: /home/dhruv-bansal/igvc_sim_ws/install/igvc_gazebo/share/igvc_gazebo/cmake/igvc_gazeboConfig.cmake
[1.717s] -- Installing: /home/dhruv-bansal/igvc_sim_ws/install/igvc_gazebo/share/igvc_gazebo/cmake/igvc_gazeboConfig-version.cmake
[1.717s] -- Installing: /home/dhruv-bansal/igvc_sim_ws/install/igvc_gazebo/share/igvc_gazebo/package.xml
[1.720s] Invoked command in '/home/dhruv-bansal/igvc_sim_ws/build/igvc_gazebo' returned '0': CMAKE_PREFIX_PATH=${CMAKE_PREFIX_PATH}:/opt/ros/jazzy DEBUGINFOD_URLS=https://debuginfod.ubuntu.com /usr/bin/cmake --install /home/dhruv-bansal/igvc_sim_ws/build/igvc_gazebo
