[0.030s] Invoking command in '/home/dhruv-bansal/igvc_sim_ws/build/igvc_description': CMAKE_PREFIX_PATH=${CMAKE_PREFIX_PATH}:/home/dhruv-bansal/Documents/ros_arm/install/arm_teleop:/opt/ros/jazzy DEBUGINFOD_URLS=https://debuginfod.ubuntu.com /usr/bin/cmake /home/dhruv-bansal/igvc_sim_ws/src/igvc_description -DCMAKE_INSTALL_PREFIX=/home/dhruv-bansal/igvc_sim_ws/install/igvc_description
[0.139s] -- The C compiler identification is GNU 13.3.0
[0.247s] -- The CXX compiler identification is GNU 13.3.0
[0.284s] -- Detecting C compiler ABI info
[0.504s] -- Detecting C compiler ABI info - done
[0.520s] -- Check for working C compiler: /usr/bin/cc - skipped
[0.520s] -- Detecting C compile features
[0.521s] -- Detecting C compile features - done
[0.534s] -- Detecting CXX compiler ABI info
[0.726s] -- Detecting CXX compiler ABI info - done
[0.738s] -- Check for working CXX compiler: /usr/bin/c++ - skipped
[0.738s] -- Detecting CXX compile features
[0.739s] -- Detecting CXX compile features - done
[0.744s] -- Found ament_cmake: 2.5.4 (/opt/ros/jazzy/share/ament_cmake/cmake)
[1.057s] -- Found Python3: /usr/bin/python3 (found version "3.12.3") found components: Interpreter 
[1.299s] -- Found ament_lint_auto: 0.17.3 (/opt/ros/jazzy/share/ament_lint_auto/cmake)
[1.469s] -- Added test 'lint_cmake' to check CMake code style
[1.470s] -- Added test 'xmllint' to check XML markup files
[1.472s] -- Configuring done (1.4s)
[1.477s] -- Generating done (0.0s)
[1.477s] -- Build files have been written to: /home/dhruv-bansal/igvc_sim_ws/build/igvc_description
[1.484s] Invoked command in '/home/dhruv-bansal/igvc_sim_ws/build/igvc_description' returned '0': CMAKE_PREFIX_PATH=${CMAKE_PREFIX_PATH}:/home/dhruv-bansal/Documents/ros_arm/install/arm_teleop:/opt/ros/jazzy DEBUGINFOD_URLS=https://debuginfod.ubuntu.com /usr/bin/cmake /home/dhruv-bansal/igvc_sim_ws/src/igvc_description -DCMAKE_INSTALL_PREFIX=/home/dhruv-bansal/igvc_sim_ws/install/igvc_description
[1.486s] Invoking command in '/home/dhruv-bansal/igvc_sim_ws/build/igvc_description': CMAKE_PREFIX_PATH=${CMAKE_PREFIX_PATH}:/home/dhruv-bansal/Documents/ros_arm/install/arm_teleop:/opt/ros/jazzy DEBUGINFOD_URLS=https://debuginfod.ubuntu.com /usr/bin/cmake --build /home/dhruv-bansal/igvc_sim_ws/build/igvc_description -- -j12 -l12
[1.575s] Invoked command in '/home/dhruv-bansal/igvc_sim_ws/build/igvc_description' returned '0': CMAKE_PREFIX_PATH=${CMAKE_PREFIX_PATH}:/home/dhruv-bansal/Documents/ros_arm/install/arm_teleop:/opt/ros/jazzy DEBUGINFOD_URLS=https://debuginfod.ubuntu.com /usr/bin/cmake --build /home/dhruv-bansal/igvc_sim_ws/build/igvc_description -- -j12 -l12
[1.577s] Invoking command in '/home/dhruv-bansal/igvc_sim_ws/build/igvc_description': CMAKE_PREFIX_PATH=${CMAKE_PREFIX_PATH}:/home/dhruv-bansal/Documents/ros_arm/install/arm_teleop:/opt/ros/jazzy DEBUGINFOD_URLS=https://debuginfod.ubuntu.com /usr/bin/cmake --install /home/dhruv-bansal/igvc_sim_ws/build/igvc_description
[1.595s] -- Install configuration: ""
[1.595s] -- Installing: /home/dhruv-bansal/igvc_sim_ws/install/igvc_description/share/igvc_description/urdf
[1.596s] -- Installing: /home/dhruv-bansal/igvc_sim_ws/install/igvc_description/share/igvc_description/urdf/wheels.xacro
[1.596s] -- Installing: /home/dhruv-bansal/igvc_sim_ws/install/igvc_description/share/igvc_description/urdf/sensors.xacro
[1.596s] -- Installing: /home/dhruv-bansal/igvc_sim_ws/install/igvc_description/share/igvc_description/urdf/gazebo_plugins.xacro
[1.596s] -- Installing: /home/dhruv-bansal/igvc_sim_ws/install/igvc_description/share/igvc_description/urdf/robot.xacro
[1.596s] -- Installing: /home/dhruv-bansal/igvc_sim_ws/install/igvc_description/share/igvc_description/urdf/base.xacro
[1.596s] -- Installing: /home/dhruv-bansal/igvc_sim_ws/install/igvc_description/share/igvc_description/urdf/robot.urdf
[1.597s] -- Installing: /home/dhruv-bansal/igvc_sim_ws/install/igvc_description/share/ament_index/resource_index/package_run_dependencies/igvc_description
[1.597s] -- Installing: /home/dhruv-bansal/igvc_sim_ws/install/igvc_description/share/ament_index/resource_index/parent_prefix_path/igvc_description
[1.597s] -- Installing: /home/dhruv-bansal/igvc_sim_ws/install/igvc_description/share/igvc_description/environment/ament_prefix_path.sh
[1.597s] -- Installing: /home/dhruv-bansal/igvc_sim_ws/install/igvc_description/share/igvc_description/environment/ament_prefix_path.dsv
[1.597s] -- Installing: /home/dhruv-bansal/igvc_sim_ws/install/igvc_description/share/igvc_description/environment/path.sh
[1.598s] -- Installing: /home/dhruv-bansal/igvc_sim_ws/install/igvc_description/share/igvc_description/environment/path.dsv
[1.598s] -- Installing: /home/dhruv-bansal/igvc_sim_ws/install/igvc_description/share/igvc_description/local_setup.bash
[1.598s] -- Installing: /home/dhruv-bansal/igvc_sim_ws/install/igvc_description/share/igvc_description/local_setup.sh
[1.598s] -- Installing: /home/dhruv-bansal/igvc_sim_ws/install/igvc_description/share/igvc_description/local_setup.zsh
[1.598s] -- Installing: /home/dhruv-bansal/igvc_sim_ws/install/igvc_description/share/igvc_description/local_setup.dsv
[1.599s] -- Installing: /home/dhruv-bansal/igvc_sim_ws/install/igvc_description/share/igvc_description/package.dsv
[1.599s] -- Installing: /home/dhruv-bansal/igvc_sim_ws/install/igvc_description/share/ament_index/resource_index/packages/igvc_description
[1.599s] -- Installing: /home/dhruv-bansal/igvc_sim_ws/install/igvc_description/share/igvc_description/cmake/igvc_descriptionConfig.cmake
[1.599s] -- Installing: /home/dhruv-bansal/igvc_sim_ws/install/igvc_description/share/igvc_description/cmake/igvc_descriptionConfig-version.cmake
[1.599s] -- Installing: /home/dhruv-bansal/igvc_sim_ws/install/igvc_description/share/igvc_description/package.xml
[1.626s] Invoked command in '/home/dhruv-bansal/igvc_sim_ws/build/igvc_description' returned '0': CMAKE_PREFIX_PATH=${CMAKE_PREFIX_PATH}:/home/dhruv-bansal/Documents/ros_arm/install/arm_teleop:/opt/ros/jazzy DEBUGINFOD_URLS=https://debuginfod.ubuntu.com /usr/bin/cmake --install /home/dhruv-bansal/igvc_sim_ws/build/igvc_description
